#
# A fatal error has been detected by the Java Runtime Environment:
#
#  EXCEPTION_ACCESS_VIOLATION (0xc0000005) at pc=0x00007ffcdc835523, pid=13928, tid=0x00000000000031a4
#
# JRE version: Java(TM) SE Runtime Environment (8.0_202-b08) (build 1.8.0_202-b08)
# Java VM: Java HotSpot(TM) 64-Bit Server VM (25.202-b08 mixed mode windows-amd64 compressed oops)
# Problematic frame:
# C  [KinectPV2.dll+0x5523]
#
# Failed to write core dump. Minidumps are not enabled by default on client versions of Windows
#
# If you would like to submit a bug report, please visit:
#   http://bugreport.java.com/bugreport/crash.jsp
# The crash happened outside the Java Virtual Machine in native code.
# See problematic frame for where to report the bug.
#

---------------  T H R E A D  ---------------

Current thread (0x00000000196e6800):  JavaThread "main-FPSAWTAnimator#00-Timer0" [_thread_in_native, id=12708, stack(0x0000000027ac0000,0x0000000027bc0000)]

siginfo: ExceptionCode=0xc0000005, reading address 0xffffffffffffffff

Registers:
RAX=0x00007ffce57ca3a0, RBX=0x000000002688df60, RCX=0x00007ffce5e69c98, RDX=0x00000000009f0000
RSP=0x0000000027bbe0a0, RBP=0x0000000000000000, RSI=0x0000000000000006, RDI=0x000000002688e190
R8 =0x0000000027bbdd88, R9 =0x0000000000008000, R10=0x00000000ffffffff, R11=0x0000000027bbdfa0
R12=0x0000000000000000, R13=0x000000003337c5d8, R14=0x0000000027bbe190, R15=0x00000000196e6800
RIP=0x00007ffcdc835523, EFLAGS=0x0000000000010202

Top of Stack: (sp=0x0000000027bbe0a0)
0x0000000027bbe0a0:   000000002688df60 000000003337c5d8
0x0000000027bbe0b0:   0000000000000000 00000000195bf160
0x0000000027bbe0c0:   00000000195bf160 00007ffcdc83177a
0x0000000027bbe0d0:   0000000027bbe190 0000000027bbe170
0x0000000027bbe0e0:   00000000196e69f8 00000000196e6800
0x0000000027bbe0f0:   000000000287835d 0000000002888c67
0x0000000027bbe100:   000000003337c5d8 00000000196e6800
0x0000000027bbe110:   00000000196e6800 00000000196e6800
0x0000000027bbe120:   0000000027bbe1e8 0000000002888962
0x0000000027bbe130:   0000000027bbe130 000000003337c5d8
0x0000000027bbe140:   0000000027bbe190 000000003337e270
0x0000000027bbe150:   0000000000000000 000000003337c5d8
0x0000000027bbe160:   0000000000000000 0000000027bbe190
0x0000000027bbe170:   0000000027bbe1d8 0000000002877b30
0x0000000027bbe180:   0000000000000000 00000000028821c0
0x0000000027bbe190:   0000000084295c50 0000000027bbe198 

Instructions: (pc=0x00007ffcdc835523)
0x00007ffcdc835503:   48 8b 0f 48 85 c9 74 09 48 8b 01 ff 50 10 48 89
0x00007ffcdc835513:   2f 48 8b 8f 90 00 00 00 48 85 c9 74 0d 48 8b 01
0x00007ffcdc835523:   ff 50 10 48 89 af 90 00 00 00 48 8b 4f 30 48 85
0x00007ffcdc835533:   c9 74 0a 48 8b 01 ff 50 10 48 89 6f 30 48 8b 4f 


Register to memory mapping:

RAX=0x00007ffce57ca3a0 is an unknown value
RBX=0x000000002688df60 is an unknown value
RCX=0x00007ffce5e69c98 is an unknown value
RDX=0x00000000009f0000 is an unknown value
RSP=0x0000000027bbe0a0 is pointing into the stack for thread: 0x00000000196e6800
RBP=0x0000000000000000 is an unknown value
RSI=0x0000000000000006 is an unknown value
RDI=0x000000002688e190 is an unknown value
R8 =0x0000000027bbdd88 is pointing into the stack for thread: 0x00000000196e6800
R9 =0x0000000000008000 is an unknown value
R10=0x00000000ffffffff is an unallocated location in the heap
R11=0x0000000027bbdfa0 is pointing into the stack for thread: 0x00000000196e6800
R12=0x0000000000000000 is an unknown value
R13={method} {0x000000003337c5e0} 'jniStopSignal' '()Z' in 'KinectPV2/Device'
R14=0x0000000027bbe190 is pointing into the stack for thread: 0x00000000196e6800
R15=0x00000000196e6800 is a thread


Stack: [0x0000000027ac0000,0x0000000027bc0000],  sp=0x0000000027bbe0a0,  free space=1016k
Native frames: (J=compiled Java code, j=interpreted, Vv=VM code, C=native code)

Java frames: (J=compiled Java code, j=interpreted, Vv=VM code)
j  KinectPV2.Device.jniStopSignal()Z+0
j  KinectPV2.Device.cleanDevice()Z+1
j  KinectPV2.KinectPV2.dispose()V+10
v  ~StubRoutines::call_stub
j  sun.reflect.NativeMethodAccessorImpl.invoke0(Ljava/lang/reflect/Method;Ljava/lang/Object;[Ljava/lang/Object;)Ljava/lang/Object;+0
j  sun.reflect.NativeMethodAccessorImpl.invoke(Ljava/lang/Object;[Ljava/lang/Object;)Ljava/lang/Object;+100
J 1393 C1 sun.reflect.DelegatingMethodAccessorImpl.invoke(Ljava/lang/Object;[Ljava/lang/Object;)Ljava/lang/Object; (10 bytes) @ 0x0000000002d75e04 [0x0000000002d75d00+0x104]
J 1392 C1 java.lang.reflect.Method.invoke(Ljava/lang/Object;[Ljava/lang/Object;)Ljava/lang/Object; (62 bytes) @ 0x0000000002d765ac [0x0000000002d761c0+0x3ec]
J 1397 C1 processing.core.PApplet$RegisteredMethods.handle([Ljava/lang/Object;)V (87 bytes) @ 0x0000000002d7b0f4 [0x0000000002d7af20+0x1d4]
J 1232 C1 processing.core.PApplet.handleMethods(Ljava/lang/String;)V (36 bytes) @ 0x0000000002cf966c [0x0000000002cf92e0+0x38c]
j  processing.core.PApplet.dispose()V+35
j  processing.opengl.PSurfaceJOGL$DrawListener.display(Lcom/jogamp/opengl/GLAutoDrawable;)V+206
J 1508 C1 jogamp.opengl.GLDrawableHelper.displayImpl(Lcom/jogamp/opengl/GLAutoDrawable;)V (86 bytes) @ 0x0000000002dfdc04 [0x0000000002dfd2c0+0x944]
J 1506 C1 jogamp.opengl.GLAutoDrawableBase$2.run()V (73 bytes) @ 0x0000000002dff33c [0x0000000002dfef60+0x3dc]
J 1450 C1 jogamp.opengl.GLDrawableHelper.invokeGLImpl(Lcom/jogamp/opengl/GLDrawable;Lcom/jogamp/opengl/GLContext;Ljava/lang/Runnable;Ljava/lang/Runnable;)V (579 bytes) @ 0x0000000002db502c [0x0000000002db41e0+0xe4c]
J 1493 C1 jogamp.opengl.GLDrawableHelper.invokeGL(Lcom/jogamp/opengl/GLDrawable;Lcom/jogamp/opengl/GLContext;Ljava/lang/Runnable;Ljava/lang/Runnable;)V (76 bytes) @ 0x0000000002ddaac4 [0x0000000002ddaa00+0xc4]
J 1440 C1 com.jogamp.newt.opengl.GLWindow.display()V (144 bytes) @ 0x0000000002da3804 [0x0000000002da2f00+0x904]
J 1492 C1 com.jogamp.opengl.util.AWTAnimatorImpl.display(Ljava/util/ArrayList;ZZ)V (170 bytes) @ 0x0000000002ddb66c [0x0000000002ddaf80+0x6ec]
J 1490 C1 com.jogamp.opengl.util.FPSAnimator$MainTask.run()V (805 bytes) @ 0x0000000002dde304 [0x0000000002ddd5c0+0xd44]
j  java.util.TimerThread.mainLoop()V+221
j  java.util.TimerThread.run()V+1
v  ~StubRoutines::call_stub

---------------  P R O C E S S  ---------------

Java Threads: ( => current thread )
  0x00000000196e7800 JavaThread "DestroyJavaVM" [_thread_blocked, id=844, stack(0x0000000002670000,0x0000000002770000)]
=>0x00000000196e6800 JavaThread "main-FPSAWTAnimator#00-Timer0" [_thread_in_native, id=12708, stack(0x0000000027ac0000,0x0000000027bc0000)]
  0x00000000196e9800 JavaThread "HighResTimerThread" daemon [_thread_blocked, id=13748, stack(0x00000000278c0000,0x00000000279c0000)]
  0x00000000196e6000 JavaThread "main-SharedResourceRunner" daemon [_thread_blocked, id=2700, stack(0x000000001d490000,0x000000001d590000)]
  0x00000000196e4800 JavaThread "main-Display-.windows_nil-1-EDT-1" daemon [_thread_blocked, id=9140, stack(0x000000001bfc0000,0x000000001c0c0000)]
  0x0000000019056000 JavaThread "AWT-Windows" daemon [_thread_in_native, id=9164, stack(0x0000000019ee0000,0x0000000019fe0000)]
  0x000000001903b000 JavaThread "Java2D Disposer" daemon [_thread_blocked, id=6188, stack(0x0000000019ce0000,0x0000000019de0000)]
  0x0000000018c81000 JavaThread "Service Thread" daemon [_thread_blocked, id=3212, stack(0x0000000019170000,0x0000000019270000)]
  0x0000000018c80800 JavaThread "C1 CompilerThread2" daemon [_thread_blocked, id=2416, stack(0x0000000019070000,0x0000000019170000)]
  0x0000000017448000 JavaThread "C2 CompilerThread1" daemon [_thread_blocked, id=11756, stack(0x0000000018b70000,0x0000000018c70000)]
  0x00000000173f2800 JavaThread "C2 CompilerThread0" daemon [_thread_blocked, id=1184, stack(0x0000000018a70000,0x0000000018b70000)]
  0x00000000173f1800 JavaThread "Attach Listener" daemon [_thread_blocked, id=8548, stack(0x0000000018970000,0x0000000018a70000)]
  0x00000000173ed000 JavaThread "Signal Dispatcher" daemon [_thread_blocked, id=2148, stack(0x0000000018870000,0x0000000018970000)]
  0x000000000286c800 JavaThread "Finalizer" daemon [_thread_blocked, id=7144, stack(0x0000000018640000,0x0000000018740000)]
  0x00000000173da000 JavaThread "Reference Handler" daemon [_thread_blocked, id=8256, stack(0x0000000018540000,0x0000000018640000)]

Other Threads:
  0x00000000173b5800 VMThread [stack: 0x0000000018440000,0x0000000018540000] [id=5104]
  0x0000000018c84000 WatcherThread [stack: 0x0000000019270000,0x0000000019370000] [id=8956]

VM state:not at safepoint (normal execution)

VM Mutex/Monitor currently owned by a thread: None

heap address: 0x0000000081200000, size: 2030 MB, Compressed Oops mode: 32-bit
Narrow klass base: 0x0000000000000000, Narrow klass shift: 3
Compressed class space size: 1073741824 Address: 0x0000000100000000

Heap:
 PSYoungGen      total 345088K, used 257722K [0x00000000d5b80000, 0x00000000ed000000, 0x0000000100000000)
  eden space 324096K, 79% used [0x00000000d5b80000,0x00000000e5716b78,0x00000000e9800000)
  from space 20992K, 0% used [0x00000000ebb80000,0x00000000ebb98000,0x00000000ed000000)
  to   space 28672K, 0% used [0x00000000e9800000,0x00000000e9800000,0x00000000eb400000)
 ParOldGen       total 130048K, used 68082K [0x0000000081200000, 0x0000000089100000, 0x00000000d5b80000)
  object space 130048K, 52% used [0x0000000081200000,0x000000008547c9d0,0x0000000089100000)
 Metaspace       used 16467K, capacity 16680K, committed 17024K, reserved 1064960K
  class space    used 1477K, capacity 1568K, committed 1664K, reserved 1048576K

Card table byte_map: [0x0000000011c30000,0x0000000012030000] byte_map_base: 0x0000000011827000

Marking Bits: (ParMarkBitMap*) 0x0000000055225ce0
 Begin Bits: [0x00000000126e0000, 0x0000000014698000)
 End Bits:   [0x0000000014698000, 0x0000000016650000)

Polling page: 0x00000000009a0000

CodeCache: size=245760Kb used=5736Kb max_used=5748Kb free=240023Kb
 bounds [0x0000000002870000, 0x0000000002e20000, 0x0000000011870000]
 total_blobs=2375 nmethods=1526 adapters=762
 compilation: enabled

Compilation events (10 events):
Event: 12.069 Thread 0x0000000018c80800 1522       3       processing.core.PGraphics::backgroundFromCalc (123 bytes)
Event: 12.071 Thread 0x0000000018c80800 nmethod 1522 0x0000000002e0b5d0 code [0x0000000002e0b760, 0x0000000002e0bb08]
Event: 12.071 Thread 0x0000000018c80800 1523       3       KinectPV2.Device::getDepthImage (40 bytes)
Event: 12.072 Thread 0x0000000018c80800 nmethod 1523 0x0000000002e0bb90 code [0x0000000002e0bd40, 0x0000000002e0c2a8]
Event: 12.225 Thread 0x0000000018c80800 1524   !   3       processing.serial.Serial::pre (87 bytes)
Event: 12.229 Thread 0x0000000018c80800 nmethod 1524 0x0000000002e0c550 code [0x0000000002e0c760, 0x0000000002e0d2e8]
Event: 12.277 Thread 0x0000000018c80800 1525       1       com.jogamp.newt.event.NEWTEvent::getEventType (5 bytes)
Event: 12.277 Thread 0x0000000018c80800 nmethod 1525 0x0000000002dda210 code [0x0000000002dda360, 0x0000000002dda470]
Event: 12.507 Thread 0x00000000173f2800 1526       4       java.nio.DirectFloatBufferU::put (157 bytes)
Event: 12.512 Thread 0x00000000173f2800 nmethod 1526 0x0000000002e107d0 code [0x0000000002e10920, 0x0000000002e10b78]

GC Heap History (10 events):
Event: 3.688 GC heap before
{Heap before GC invocations=7 (full 1):
 PSYoungGen      total 71680K, used 71672K [0x00000000d5b80000, 0x00000000e1200000, 0x0000000100000000)
  eden space 66560K, 100% used [0x00000000d5b80000,0x00000000d9c80000,0x00000000d9c80000)
  from space 5120K, 99% used [0x00000000d9c80000,0x00000000da17e070,0x00000000da180000)
  to   space 31744K, 0% used [0x00000000df300000,0x00000000df300000,0x00000000e1200000)
 ParOldGen       total 130048K, used 62941K [0x0000000081200000, 0x0000000089100000, 0x00000000d5b80000)
  object space 130048K, 48% used [0x0000000081200000,0x0000000084f774c0,0x0000000089100000)
 Metaspace       used 16158K, capacity 16424K, committed 16768K, reserved 1064960K
  class space    used 1476K, capacity 1568K, committed 1664K, reserved 1048576K
Event: 3.696 GC heap after
Heap after GC invocations=7 (full 1):
 PSYoungGen      total 156160K, used 5144K [0x00000000d5b80000, 0x00000000e1280000, 0x0000000100000000)
  eden space 124416K, 0% used [0x00000000d5b80000,0x00000000d5b80000,0x00000000dd500000)
  from space 31744K, 16% used [0x00000000df300000,0x00000000df806070,0x00000000e1200000)
  to   space 30720K, 0% used [0x00000000dd500000,0x00000000dd500000,0x00000000df300000)
 ParOldGen       total 130048K, used 62949K [0x0000000081200000, 0x0000000089100000, 0x00000000d5b80000)
  object space 130048K, 48% used [0x0000000081200000,0x0000000084f794c0,0x0000000089100000)
 Metaspace       used 16158K, capacity 16424K, committed 16768K, reserved 1064960K
  class space    used 1476K, capacity 1568K, committed 1664K, reserved 1048576K
}
Event: 5.026 GC heap before
{Heap before GC invocations=8 (full 1):
 PSYoungGen      total 156160K, used 128899K [0x00000000d5b80000, 0x00000000e1280000, 0x0000000100000000)
  eden space 124416K, 99% used [0x00000000d5b80000,0x00000000dd45adc8,0x00000000dd500000)
  from space 31744K, 16% used [0x00000000df300000,0x00000000df806070,0x00000000e1200000)
  to   space 30720K, 0% used [0x00000000dd500000,0x00000000dd500000,0x00000000df300000)
 ParOldGen       total 130048K, used 62949K [0x0000000081200000, 0x0000000089100000, 0x00000000d5b80000)
  object space 130048K, 48% used [0x0000000081200000,0x0000000084f794c0,0x0000000089100000)
 Metaspace       used 16218K, capacity 16488K, committed 16768K, reserved 1064960K
  class space    used 1476K, capacity 1568K, committed 1664K, reserved 1048576K
Event: 5.034 GC heap after
Heap after GC invocations=8 (full 1):
 PSYoungGen      total 155136K, used 5176K [0x00000000d5b80000, 0x00000000e7700000, 0x0000000100000000)
  eden space 124416K, 0% used [0x00000000d5b80000,0x00000000d5b80000,0x00000000dd500000)
  from space 30720K, 16% used [0x00000000dd500000,0x00000000dda0e070,0x00000000df300000)
  to   space 29696K, 0% used [0x00000000e5a00000,0x00000000e5a00000,0x00000000e7700000)
 ParOldGen       total 130048K, used 62957K [0x0000000081200000, 0x0000000089100000, 0x00000000d5b80000)
  object space 130048K, 48% used [0x0000000081200000,0x0000000084f7b4c0,0x0000000089100000)
 Metaspace       used 16218K, capacity 16488K, committed 16768K, reserved 1064960K
  class space    used 1476K, capacity 1568K, committed 1664K, reserved 1048576K
}
Event: 6.765 GC heap before
{Heap before GC invocations=9 (full 1):
 PSYoungGen      total 155136K, used 129036K [0x00000000d5b80000, 0x00000000e7700000, 0x0000000100000000)
  eden space 124416K, 99% used [0x00000000d5b80000,0x00000000dd475070,0x00000000dd500000)
  from space 30720K, 16% used [0x00000000dd500000,0x00000000dda0e070,0x00000000df300000)
  to   space 29696K, 0% used [0x00000000e5a00000,0x00000000e5a00000,0x00000000e7700000)
 ParOldGen       total 130048K, used 62957K [0x0000000081200000, 0x0000000089100000, 0x00000000d5b80000)
  object space 130048K, 48% used [0x0000000081200000,0x0000000084f7b4c0,0x0000000089100000)
 Metaspace       used 16293K, capacity 16552K, committed 16768K, reserved 1064960K
  class space    used 1476K, capacity 1568K, committed 1664K, reserved 1048576K
Event: 6.768 GC heap after
Heap after GC invocations=9 (full 1):
 PSYoungGen      total 250368K, used 944K [0x00000000d5b80000, 0x00000000e7180000, 0x0000000100000000)
  eden space 226304K, 0% used [0x00000000d5b80000,0x00000000d5b80000,0x00000000e3880000)
  from space 24064K, 3% used [0x00000000e5a00000,0x00000000e5aec010,0x00000000e7180000)
  to   space 29184K, 0% used [0x00000000e3880000,0x00000000e3880000,0x00000000e5500000)
 ParOldGen       total 130048K, used 67170K [0x0000000081200000, 0x0000000089100000, 0x00000000d5b80000)
  object space 130048K, 51% used [0x0000000081200000,0x00000000853989c0,0x0000000089100000)
 Metaspace       used 16293K, capacity 16552K, committed 16768K, reserved 1064960K
  class space    used 1476K, capacity 1568K, committed 1664K, reserved 1048576K
}
Event: 8.642 GC heap before
{Heap before GC invocations=10 (full 1):
 PSYoungGen      total 250368K, used 226625K [0x00000000d5b80000, 0x00000000e7180000, 0x0000000100000000)
  eden space 226304K, 99% used [0x00000000d5b80000,0x00000000e37e46a8,0x00000000e3880000)
  from space 24064K, 3% used [0x00000000e5a00000,0x00000000e5aec010,0x00000000e7180000)
  to   space 29184K, 0% used [0x00000000e3880000,0x00000000e3880000,0x00000000e5500000)
 ParOldGen       total 130048K, used 67170K [0x0000000081200000, 0x0000000089100000, 0x00000000d5b80000)
  object space 130048K, 51% used [0x0000000081200000,0x00000000853989c0,0x0000000089100000)
 Metaspace       used 16324K, capacity 16552K, committed 16768K, reserved 1064960K
  class space    used 1476K, capacity 1568K, committed 1664K, reserved 1048576K
Event: 8.646 GC heap after
Heap after GC invocations=10 (full 1):
 PSYoungGen      total 255488K, used 64K [0x00000000d5b80000, 0x00000000ed800000, 0x0000000100000000)
  eden space 226304K, 0% used [0x00000000d5b80000,0x00000000d5b80000,0x00000000e3880000)
  from space 29184K, 0% used [0x00000000e3880000,0x00000000e3890000,0x00000000e5500000)
  to   space 29184K, 0% used [0x00000000ebb80000,0x00000000ebb80000,0x00000000ed800000)
 ParOldGen       total 130048K, used 68058K [0x0000000081200000, 0x0000000089100000, 0x00000000d5b80000)
  object space 130048K, 52% used [0x0000000081200000,0x00000000854769d0,0x0000000089100000)
 Metaspace       used 16324K, capacity 16552K, committed 16768K, reserved 1064960K
  class space    used 1476K, capacity 1568K, committed 1664K, reserved 1048576K
}
Event: 10.467 GC heap before
{Heap before GC invocations=11 (full 1):
 PSYoungGen      total 255488K, used 225788K [0x00000000d5b80000, 0x00000000ed800000, 0x0000000100000000)
  eden space 226304K, 99% used [0x00000000d5b80000,0x00000000e37ef060,0x00000000e3880000)
  from space 29184K, 0% used [0x00000000e3880000,0x00000000e3890000,0x00000000e5500000)
  to   space 29184K, 0% used [0x00000000ebb80000,0x00000000ebb80000,0x00000000ed800000)
 ParOldGen       total 130048K, used 68058K [0x0000000081200000, 0x0000000089100000, 0x00000000d5b80000)
  object space 130048K, 52% used [0x0000000081200000,0x00000000854769d0,0x0000000089100000)
 Metaspace       used 16415K, capacity 16616K, committed 17024K, reserved 1064960K
  class space    used 1476K, capacity 1568K, committed 1664K, reserved 1048576K
Event: 10.471 GC heap after
Heap after GC invocations=11 (full 1):
 PSYoungGen      total 345088K, used 96K [0x00000000d5b80000, 0x00000000ed000000, 0x0000000100000000)
  eden space 324096K, 0% used [0x00000000d5b80000,0x00000000d5b80000,0x00000000e9800000)
  from space 20992K, 0% used [0x00000000ebb80000,0x00000000ebb98000,0x00000000ed000000)
  to   space 28672K, 0% used [0x00000000e9800000,0x00000000e9800000,0x00000000eb400000)
 ParOldGen       total 130048K, used 68082K [0x0000000081200000, 0x0000000089100000, 0x00000000d5b80000)
  object space 130048K, 52% used [0x0000000081200000,0x000000008547c9d0,0x0000000089100000)
 Metaspace       used 16415K, capacity 16616K, committed 17024K, reserved 1064960K
  class space    used 1476K, capacity 1568K, committed 1664K, reserved 1048576K
}

Deoptimization events (10 events):
Event: 2.285 Thread 0x00000000196e6800 Uncommon trap: reason=null_assert action=make_not_entrant pc=0x0000000002b47d7c method=java.util.zip.ZipEntry.<init>(Ljava/util/zip/ZipEntry;)V @ 70
Event: 2.453 Thread 0x00000000196e6800 Uncommon trap: reason=unstable_if action=reinterpret pc=0x0000000002bb6438 method=com.jogamp.common.util.IntIntHashMap.get(I)I @ 28
Event: 2.633 Thread 0x00000000196e6800 Uncommon trap: reason=unstable_if action=reinterpret pc=0x0000000002bd2430 method=processing.opengl.Texture.convertToRGBA([IIII)V @ 219
Event: 2.637 Thread 0x00000000196e6800 Uncommon trap: reason=predicate action=maybe_recompile pc=0x0000000002c02d1c method=java.util.regex.Pattern$Slice.match(Ljava/util/regex/Matcher;ILjava/lang/CharSequence;)Z @ 21
Event: 4.286 Thread 0x00000000196e6800 Uncommon trap: reason=unstable_if action=reinterpret pc=0x0000000002c7b9cc method=processingExample.draw()V @ 201
Event: 4.320 Thread 0x00000000196e6800 Uncommon trap: reason=unstable_if action=reinterpret pc=0x0000000002c65e54 method=processingExample.draw()V @ 201
Event: 7.042 Thread 0x00000000196e6800 Uncommon trap: reason=unstable_if action=reinterpret pc=0x0000000002cfb54c method=processingExample.draw()V @ 455
Event: 7.064 Thread 0x00000000196e6800 Uncommon trap: reason=unstable_if action=reinterpret pc=0x0000000002cf7aa0 method=processingExample.draw()V @ 455
Event: 7.143 Thread 0x00000000196ea800 Uncommon trap: reason=unstable_if action=reinterpret pc=0x0000000002c8656c method=java.util.HashMap$HashIterator.<init>(Ljava/util/HashMap;)V @ 38
Event: 7.339 Thread 0x00000000196e6800 Uncommon trap: reason=unstable_if action=reinterpret pc=0x0000000002c8aea8 method=processingExample.draw()V @ 201

Classes redefined (0 events):
No events

Internal exceptions (10 events):
Event: 12.502 Thread 0x00000000196e6800 Exception <a 'java/io/IOException'> (0x00000000e53b7848) thrown at [C:\re\workspace\8-2-build-windows-amd64-cygwin\jdk8u202\12323\hotspot\src\share\vm\prims\jni.cpp, line 710]
Event: 12.502 Thread 0x00000000196e6800 Exception <a 'java/io/IOException'> (0x00000000e53b7b08) thrown at [C:\re\workspace\8-2-build-windows-amd64-cygwin\jdk8u202\12323\hotspot\src\share\vm\prims\jni.cpp, line 710]
Event: 12.502 Thread 0x00000000196e6800 Exception <a 'java/io/IOException'> (0x00000000e53b7d98) thrown at [C:\re\workspace\8-2-build-windows-amd64-cygwin\jdk8u202\12323\hotspot\src\share\vm\prims\jni.cpp, line 710]
Event: 12.502 Thread 0x00000000196e6800 Exception <a 'java/io/IOException'> (0x00000000e53b7ff8) thrown at [C:\re\workspace\8-2-build-windows-amd64-cygwin\jdk8u202\12323\hotspot\src\share\vm\prims\jni.cpp, line 710]
Event: 12.502 Thread 0x00000000196e6800 Exception <a 'java/io/IOException'> (0x00000000e53b8258) thrown at [C:\re\workspace\8-2-build-windows-amd64-cygwin\jdk8u202\12323\hotspot\src\share\vm\prims\jni.cpp, line 710]
Event: 12.502 Thread 0x00000000196e6800 Exception <a 'java/io/IOException'> (0x00000000e53b8518) thrown at [C:\re\workspace\8-2-build-windows-amd64-cygwin\jdk8u202\12323\hotspot\src\share\vm\prims\jni.cpp, line 710]
Event: 12.502 Thread 0x00000000196e6800 Exception <a 'java/io/IOException'> (0x00000000e53b87a8) thrown at [C:\re\workspace\8-2-build-windows-amd64-cygwin\jdk8u202\12323\hotspot\src\share\vm\prims\jni.cpp, line 710]
Event: 12.502 Thread 0x00000000196e6800 Exception <a 'java/io/IOException'> (0x00000000e53b8a08) thrown at [C:\re\workspace\8-2-build-windows-amd64-cygwin\jdk8u202\12323\hotspot\src\share\vm\prims\jni.cpp, line 710]
Event: 12.502 Thread 0x00000000196e6800 Exception <a 'java/io/IOException'> (0x00000000e53b8c68) thrown at [C:\re\workspace\8-2-build-windows-amd64-cygwin\jdk8u202\12323\hotspot\src\share\vm\prims\jni.cpp, line 710]
Event: 12.508 Thread 0x00000000196e9000 Exception <a 'java/lang/InterruptedException'> (0x00000000e54b7088) thrown at [C:\re\workspace\8-2-build-windows-amd64-cygwin\jdk8u202\12323\hotspot\src\share\vm\runtime\objectMonitor.cpp, line 1684]

Events (10 events):
Event: 7.398 Thread 0x00000000196e6800 DEOPT PACKING pc=0x0000000002d4e7b9 sp=0x0000000027bbebb0
Event: 7.398 Thread 0x00000000196e6800 DEOPT UNPACKING pc=0x00000000028b7890 sp=0x0000000027bbe988 mode 0
Event: 8.641 Executing VM operation: ParallelGCFailedAllocation
Event: 8.646 Executing VM operation: ParallelGCFailedAllocation done
Event: 10.467 Executing VM operation: ParallelGCFailedAllocation
Event: 10.471 Executing VM operation: ParallelGCFailedAllocation done
Event: 12.500 loading class com/jogamp/newt/event/KeyEvent$NonPrintableRange
Event: 12.500 loading class com/jogamp/newt/event/KeyEvent$NonPrintableRange done
Event: 12.508 Thread 0x00000000196e9000 Thread exited: 0x00000000196e9000
Event: 12.509 Thread 0x00000000196eb000 Thread exited: 0x00000000196eb000


Dynamic libraries:
0x00007ff646060000 - 0x00007ff646097000 	C:\Users\matsd\Desktop\IMD\Semester-3\Repository\kinect\application\application.windows64\java\bin\javaw.exe
0x00007ffcf3f30000 - 0x00007ffcf411d000 	C:\WINDOWS\SYSTEM32\ntdll.dll
0x00007ffcf1160000 - 0x00007ffcf1213000 	C:\WINDOWS\System32\KERNEL32.DLL
0x00007ffcf0ec0000 - 0x00007ffcf1153000 	C:\WINDOWS\System32\KERNELBASE.dll
0x00007ffcf3620000 - 0x00007ffcf36c3000 	C:\WINDOWS\System32\ADVAPI32.dll
0x00007ffcf3010000 - 0x00007ffcf30ae000 	C:\WINDOWS\System32\msvcrt.dll
0x00007ffcf38a0000 - 0x00007ffcf393e000 	C:\WINDOWS\System32\sechost.dll
0x00007ffcf3cf0000 - 0x00007ffcf3e12000 	C:\WINDOWS\System32\RPCRT4.dll
0x00007ffcf12d0000 - 0x00007ffcf1467000 	C:\WINDOWS\System32\USER32.dll
0x00007ffcf0cf0000 - 0x00007ffcf0d10000 	C:\WINDOWS\System32\win32u.dll
0x00007ffcf35f0000 - 0x00007ffcf3619000 	C:\WINDOWS\System32\GDI32.dll
0x00007ffcf0160000 - 0x00007ffcf02fa000 	C:\WINDOWS\System32\gdi32full.dll
0x00007ffcf0c50000 - 0x00007ffcf0cf0000 	C:\WINDOWS\System32\msvcp_win.dll
0x00007ffcf0dc0000 - 0x00007ffcf0ebc000 	C:\WINDOWS\System32\ucrtbase.dll
0x00007ffcd9f20000 - 0x00007ffcda199000 	C:\WINDOWS\WinSxS\amd64_microsoft.windows.common-controls_6595b64144ccf1df_6.0.17763.253_none_05b2388e0721fece\COMCTL32.dll
0x00007ffcf32c0000 - 0x00007ffcf35ed000 	C:\WINDOWS\System32\combase.dll
0x00007ffcf0d10000 - 0x00007ffcf0d8e000 	C:\WINDOWS\System32\bcryptPrimitives.dll
0x00007ffcf3290000 - 0x00007ffcf32be000 	C:\WINDOWS\System32\IMM32.DLL
0x00000000552b0000 - 0x0000000055382000 	C:\Users\matsd\Desktop\IMD\Semester-3\Repository\kinect\application\application.windows64\java\bin\msvcr100.dll
0x0000000054a00000 - 0x00000000552a5000 	C:\Users\matsd\Desktop\IMD\Semester-3\Repository\kinect\application\application.windows64\java\bin\server\jvm.dll
0x00007ffcf3800000 - 0x00007ffcf3808000 	C:\WINDOWS\System32\PSAPI.DLL
0x00007ffceb120000 - 0x00007ffceb129000 	C:\WINDOWS\SYSTEM32\WSOCK32.dll
0x00007ffcf3220000 - 0x00007ffcf328d000 	C:\WINDOWS\System32\WS2_32.dll
0x00007ffceaf10000 - 0x00007ffceaf34000 	C:\WINDOWS\SYSTEM32\WINMM.dll
0x00007ffce2150000 - 0x00007ffce215a000 	C:\WINDOWS\SYSTEM32\VERSION.dll
0x00007ffceae70000 - 0x00007ffceae9d000 	C:\WINDOWS\SYSTEM32\WINMMBASE.dll
0x00007ffcf0110000 - 0x00007ffcf015a000 	C:\WINDOWS\System32\cfgmgr32.dll
0x00007ffceb110000 - 0x00007ffceb11f000 	C:\Users\matsd\Desktop\IMD\Semester-3\Repository\kinect\application\application.windows64\java\bin\verify.dll
0x00007ffce23e0000 - 0x00007ffce2409000 	C:\Users\matsd\Desktop\IMD\Semester-3\Repository\kinect\application\application.windows64\java\bin\java.dll
0x00007ffcea2d0000 - 0x00007ffcea2e6000 	C:\Users\matsd\Desktop\IMD\Semester-3\Repository\kinect\application\application.windows64\java\bin\zip.dll
0x00007ffcf1aa0000 - 0x00007ffcf2f8f000 	C:\WINDOWS\System32\SHELL32.dll
0x00007ffcf1220000 - 0x00007ffcf12c8000 	C:\WINDOWS\System32\shcore.dll
0x00007ffcf0300000 - 0x00007ffcf0a4a000 	C:\WINDOWS\System32\windows.storage.dll
0x00007ffceff50000 - 0x00007ffceff74000 	C:\WINDOWS\System32\profapi.dll
0x00007ffceffa0000 - 0x00007ffcefffd000 	C:\WINDOWS\System32\powrprof.dll
0x00007ffcf3c90000 - 0x00007ffcf3ce2000 	C:\WINDOWS\System32\shlwapi.dll
0x00007ffceff30000 - 0x00007ffceff41000 	C:\WINDOWS\System32\kernel.appcore.dll
0x00007ffcf0c30000 - 0x00007ffcf0c47000 	C:\WINDOWS\System32\cryptsp.dll
0x00007ffcc8540000 - 0x00007ffcc86d9000 	C:\Users\matsd\Desktop\IMD\Semester-3\Repository\kinect\application\application.windows64\java\bin\awt.dll
0x00007ffcf3e30000 - 0x00007ffcf3efb000 	C:\WINDOWS\System32\OLEAUT32.dll
0x00007ffcee1e0000 - 0x00007ffcee26c000 	C:\WINDOWS\SYSTEM32\apphelp.dll
0x00007ffcee360000 - 0x00007ffcee3fc000 	C:\WINDOWS\system32\uxtheme.dll
0x00007ffcf30b0000 - 0x00007ffcf321a000 	C:\WINDOWS\System32\MSCTF.dll
0x00007ffcee610000 - 0x00007ffcee63e000 	C:\WINDOWS\system32\dwmapi.dll
0x00007ffcf0a50000 - 0x00007ffcf0c2b000 	C:\WINDOWS\System32\CRYPT32.dll
0x00007ffceff80000 - 0x00007ffceff92000 	C:\WINDOWS\System32\MSASN1.dll
0x00007ffcf3a20000 - 0x00007ffcf3b75000 	C:\WINDOWS\System32\ole32.dll
0x00007ffcd70d0000 - 0x00007ffcd71f7000 	C:\WINDOWS\system32\opengl32.dll
0x00007ffcde1a0000 - 0x00007ffcde1cc000 	C:\WINDOWS\SYSTEM32\GLU32.dll
0x00007ffcef380000 - 0x00007ffcef3b3000 	C:\WINDOWS\system32\rsaenh.dll
0x00007ffcf0d90000 - 0x00007ffcf0db6000 	C:\WINDOWS\System32\bcrypt.dll
0x00007ffcefe60000 - 0x00007ffcefe88000 	C:\WINDOWS\SYSTEM32\USERENV.dll
0x00007ffcef990000 - 0x00007ffcef99c000 	C:\WINDOWS\SYSTEM32\CRYPTBASE.dll
0x00007ffce9e20000 - 0x00007ffce9e3a000 	C:\Users\matsd\Desktop\IMD\Semester-3\Repository\kinect\application\application.windows64\java\bin\net.dll
0x00007ffce12b0000 - 0x00007ffce1487000 	C:\WINDOWS\SYSTEM32\urlmon.dll
0x00007ffce1000000 - 0x00007ffce12a8000 	C:\WINDOWS\SYSTEM32\iertutil.dll
0x00007ffcef7c0000 - 0x00007ffcef827000 	C:\WINDOWS\system32\mswsock.dll
0x00007ffcef520000 - 0x00007ffcef55d000 	C:\WINDOWS\SYSTEM32\IPHLPAPI.DLL
0x00007ffcf3e20000 - 0x00007ffcf3e28000 	C:\WINDOWS\System32\NSI.dll
0x00007ffce49e0000 - 0x00007ffce49f6000 	C:\WINDOWS\SYSTEM32\dhcpcsvc6.DLL
0x00007ffce9490000 - 0x00007ffce94ac000 	C:\WINDOWS\SYSTEM32\dhcpcsvc.DLL
0x00007ffcef560000 - 0x00007ffcef626000 	C:\WINDOWS\SYSTEM32\DNSAPI.dll
0x00007ffcdd3c0000 - 0x00007ffcdd3d2000 	C:\Users\matsd\Desktop\IMD\Semester-3\Repository\kinect\application\application.windows64\java\bin\nio.dll
0x00000000637c0000 - 0x00000000637cd000 	C:\Users\matsd\AppData\Local\Temp\jogamp_0000\file_cache\jln5202197323281342166\jln669685329736094464\natives\windows-amd64\gluegen-rt.dll
0x00007ffcea680000 - 0x00007ffcea687000 	C:\Users\matsd\Desktop\IMD\Semester-3\Repository\kinect\application\application.windows64\java\bin\jawt.dll
0x000000006a440000 - 0x000000006a44d000 	C:\Users\matsd\AppData\Local\Temp\jogamp_0000\file_cache\jln5202197323281342166\jln669685329736094464\natives\windows-amd64\nativewindow_awt.dll
0x000000006c100000 - 0x000000006c10f000 	C:\Users\matsd\AppData\Local\Temp\jogamp_0000\file_cache\jln5202197323281342166\jln669685329736094464\natives\windows-amd64\nativewindow_win32.dll
0x000000006cbc0000 - 0x000000006cbd3000 	C:\Users\matsd\AppData\Local\Temp\jogamp_0000\file_cache\jln5202197323281342166\jln669685329736094464\natives\windows-amd64\newt.dll
0x00007ffcd6560000 - 0x00007ffcd660d000 	C:\WINDOWS\SYSTEM32\mscms.dll
0x00007ffce2620000 - 0x00007ffce2630000 	C:\WINDOWS\SYSTEM32\ColorAdapterClient.dll
0x00007ffcdb280000 - 0x00007ffcdb2c3000 	C:\WINDOWS\SYSTEM32\icm32.dll
0x00007ffcf1620000 - 0x00007ffcf1a95000 	C:\WINDOWS\System32\setupapi.dll
0x00007ffcefd40000 - 0x00007ffcefd69000 	C:\WINDOWS\SYSTEM32\DEVOBJ.dll
0x00007ffcf0000000 - 0x00007ffcf0058000 	C:\WINDOWS\System32\WINTRUST.dll
0x0000000064500000 - 0x00000000645b1000 	C:\Users\matsd\AppData\Local\Temp\jogamp_0000\file_cache\jln5202197323281342166\jln669685329736094464\natives\windows-amd64\jogl_desktop.dll
0x00007ffca5620000 - 0x00007ffca5890000 	C:\Users\matsd\AppData\Local\Programs\MiKTeX 2.9\miktex\bin\x64\libGLESv2.dll
0x00007ffcdd3a0000 - 0x00007ffcdd3b6000 	C:\Users\matsd\Desktop\IMD\Semester-3\Repository\kinect\application\application.windows64\java\bin\VCRUNTIME140.dll
0x00007ffcea740000 - 0x00007ffcea8de000 	C:\WINDOWS\SYSTEM32\d3d9.dll
0x00007ffcdb1e0000 - 0x00007ffcdb27c000 	C:\Users\matsd\Desktop\IMD\Semester-3\Repository\kinect\application\application.windows64\java\bin\MSVCP140.dll
0x0000000064340000 - 0x00000000643a2000 	C:\Users\matsd\AppData\Local\Temp\jogamp_0000\file_cache\jln5202197323281342166\jln669685329736094464\natives\windows-amd64\jogl_mobile.dll
0x00007ffc95620000 - 0x00007ffc9650e000 	C:\WINDOWS\System32\DriverStore\FileRepository\64gh6293.inf_amd64_22fd8f9659edd17f\ig9icd64.dll
0x00007ffceecc0000 - 0x00007ffceed82000 	C:\WINDOWS\SYSTEM32\dxgi.dll
0x00007ffce5340000 - 0x00007ffce7241000 	C:\WINDOWS\System32\DriverStore\FileRepository\64gh6293.inf_amd64_22fd8f9659edd17f\igc64.dll
0x00007ffce9940000 - 0x00007ffce99d5000 	C:\WINDOWS\System32\TextInputFramework.dll
0x00007ffcee0c0000 - 0x00007ffcee1a2000 	C:\WINDOWS\System32\CoreMessaging.dll
0x00007ffce89d0000 - 0x00007ffce8cf2000 	C:\WINDOWS\System32\CoreUIComponents.dll
0x00007ffcef000000 - 0x00007ffcef031000 	C:\WINDOWS\SYSTEM32\ntmarta.dll
0x00007ffcec220000 - 0x00007ffcec373000 	C:\WINDOWS\SYSTEM32\wintypes.dll
0x00007ffce1dd0000 - 0x00007ffce1e3c000 	C:\WINDOWS\system32\Oleacc.dll
0x0000000071100000 - 0x0000000071125000 	C:\Users\matsd\Desktop\IMD\Semester-3\Repository\kinect\application\application.windows64\lib\jSSC-2.8.dll
0x00007ffcaf8f0000 - 0x00007ffcafa8c000 	C:\Users\matsd\Desktop\IMD\Semester-3\Repository\kinect\application\application.windows64\lib\Kinect20.Face.dll
0x00007ffcea690000 - 0x00007ffcea737000 	C:\WINDOWS\SYSTEM32\MSVCP110.dll
0x00007ffcd6200000 - 0x00007ffcd62d4000 	C:\WINDOWS\SYSTEM32\MSVCR110.dll
0x00007ffcdc830000 - 0x00007ffcdc841000 	C:\Users\matsd\Desktop\IMD\Semester-3\Repository\kinect\application\application.windows64\lib\KinectPV2.dll
0x00007ffcda5a0000 - 0x00007ffcda65b000 	C:\WINDOWS\SYSTEM32\Kinect20.dll
0x00007ffce9e80000 - 0x00007ffcea081000 	C:\WINDOWS\SYSTEM32\MFPlat.DLL
0x00007ffcebe00000 - 0x00007ffcebe2f000 	C:\WINDOWS\SYSTEM32\RTWorkQ.DLL
0x00007ffce2ee0000 - 0x00007ffce30cd000 	C:\WINDOWS\SYSTEM32\dbghelp.dll

VM Arguments:
jvm_args: -Djna.nosys=true -Djava.ext.dirs=C:\Users\matsd\Desktop\IMD\Semester-3\Repository\kinect\application\application.windows64\java\lib\ext -Djava.library.path=C:\Users\matsd\Desktop\IMD\Semester-3\Repository\kinect\application\application.windows64\lib 
java_command: processingExample
java_class_path (initial): lib\processingExample.jar;lib\core.jar;lib\jogl-all.jar;lib\gluegen-rt.jar;lib\jogl-all-natives-windows-amd64.jar;lib\gluegen-rt-natives-windows-amd64.jar;lib\KinectPV2.jar;lib\jssc.jar;lib\serial.jar
Launcher Type: SUN_STANDARD

Environment Variables:
PATH=C:\Program Files (x86)\Common Files\Intel\Shared Libraries\redist\intel64_win\compiler;C:\Program Files (x86)\Common Files\Intel\Shared Libraries\redist\intel64\compiler;C:\ProgramData\Oracle\Java\javapath;C:\WINDOWS\system32;C:\WINDOWS;C:\WINDOWS\System32\Wbem;C:\WINDOWS\System32\WindowsPowerShell\v1.0\;C:\Program Files\Git\cmd;C:\Program Files (x86)\NVIDIA Corporation\PhysX\Common;C:\WINDOWS\system32;C:\WINDOWS;C:\WINDOWS\System32\Wbem;C:\WINDOWS\System32\WindowsPowerShell\v1.0\;C:\WINDOWS\System32\OpenSSH\;C:\Program Files\Microsoft VS Code\bin;C:\Program Files\nodejs\;C:\Program Files (x86)\Yarn\bin\;C:\Program Files\dotnet\;C:\Users\matsd\AppData\Local\Microsoft\WindowsApps;C:\Program Files\Microsoft VS Code\bin;C:\Users\matsd\AppData\Local\Microsoft\WindowsApps;C:\Users\matsd\AppData\Local\GitHubDesktop\bin;C:\Users\matsd\AppData\Local\Programs\MiKTeX 2.9\miktex\bin\x64\;C:\Users\matsd\AppData\Roaming\npm;C:\Users\matsd\AppData\Local\Yarn\bin;;C:\Users\matsd\Desktop\IMD\Semester-3\Repository\kinect\application\application.windows64\java\bin
USERNAME=matsd
OS=Windows_NT
PROCESSOR_IDENTIFIER=Intel64 Family 6 Model 78 Stepping 3, GenuineIntel



---------------  S Y S T E M  ---------------

OS: Windows 10.0 , 64 bit Build 17763 (10.0.17763.1)

CPU:total 4 (initial active 4) (2 cores per cpu, 2 threads per core) family 6 model 78 stepping 3, cmov, cx8, fxsr, mmx, sse, sse2, sse3, ssse3, sse4.1, sse4.2, popcnt, avx, avx2, aes, clmul, erms, rtm, 3dnowpref, lzcnt, ht, tsc, tscinvbit, bmi1, bmi2, adx

Memory: 4k page, physical 8312088k(3316452k free), swap 14341400k(7768036k free)

vm_info: Java HotSpot(TM) 64-Bit Server VM (25.202-b08) for windows-amd64 JRE (1.8.0_202-b08), built on Dec 15 2018 19:54:30 by "java_re" with MS VC++ 10.0 (VS2010)

time: Thu Feb 07 14:15:02 2019
timezone: Mitteleuropäische Zeit
elapsed time: 12 seconds (0d 0h 0m 12s)

