#
# A fatal error has been detected by the Java Runtime Environment:
#
#  EXCEPTION_ACCESS_VIOLATION (0xc0000005) at pc=0x00007ffcd8945523, pid=12524, tid=0x00000000000028c4
#
# JRE version: Java(TM) SE Runtime Environment (8.0_202-b08) (build 1.8.0_202-b08)
# Java VM: Java HotSpot(TM) 64-Bit Server VM (25.202-b08 mixed mode windows-amd64 compressed oops)
# Problematic frame:
# C  [KinectPV2.dll+0x5523]
#
# Failed to write core dump. Minidumps are not enabled by default on client versions of Windows
#
# If you would like to submit a bug report, please visit:
#   http://bugreport.java.com/bugreport/crash.jsp
# The crash happened outside the Java Virtual Machine in native code.
# See problematic frame for where to report the bug.
#

---------------  T H R E A D  ---------------

Current thread (0x0000000019ab5800):  JavaThread "main-FPSAWTAnimator#00-Timer0" [_thread_in_native, id=10436, stack(0x0000000026b70000,0x0000000026c70000)]

siginfo: ExceptionCode=0xc0000005, reading address 0x0000001000000010

Registers:
RAX=0x0000001000000000, RBX=0x00000000259506d0, RCX=0x000000002583faae, RDX=0x0000000000a00000
RSP=0x0000000026c6e050, RBP=0x0000000000000000, RSI=0x0000000000000004, RDI=0x0000000025950910
R8 =0x0000000026c6dd38, R9 =0x0000000000008000, R10=0x00000000ffffffff, R11=0x0000000026c6df50
R12=0x0000000000000000, R13=0x000000003242c210, R14=0x0000000026c6e140, R15=0x0000000019ab5800
RIP=0x00007ffcd8945523, EFLAGS=0x0000000000010202

Top of Stack: (sp=0x0000000026c6e050)
0x0000000026c6e050:   00000000259506d0 000000003242c210
0x0000000026c6e060:   0000000000000000 0000000019ab8a90
0x0000000026c6e070:   0000000019ab8a90 00007ffcd894177a
0x0000000026c6e080:   0000000026c6e140 0000000026c6e120
0x0000000026c6e090:   0000000019ab59f8 0000000019ab5800
0x0000000026c6e0a0:   000000000288835d 0000000002898c67
0x0000000026c6e0b0:   000000003242c210 0000000019ab5800
0x0000000026c6e0c0:   0000000019ab5800 0000000019ab5800
0x0000000026c6e0d0:   0000000026c6e198 0000000002898962
0x0000000026c6e0e0:   0000000026c6e0e0 000000003242c210
0x0000000026c6e0f0:   0000000026c6e140 000000003242dea8
0x0000000026c6e100:   0000000000000000 000000003242c210
0x0000000026c6e110:   0000000000000000 0000000026c6e140
0x0000000026c6e120:   0000000026c6e188 0000000002887b30
0x0000000026c6e130:   0000000000000000 00000000028921c0
0x0000000026c6e140:   00000000843b64d0 0000000026c6e148 

Instructions: (pc=0x00007ffcd8945523)
0x00007ffcd8945503:   48 8b 0f 48 85 c9 74 09 48 8b 01 ff 50 10 48 89
0x00007ffcd8945513:   2f 48 8b 8f 90 00 00 00 48 85 c9 74 0d 48 8b 01
0x00007ffcd8945523:   ff 50 10 48 89 af 90 00 00 00 48 8b 4f 30 48 85
0x00007ffcd8945533:   c9 74 0a 48 8b 01 ff 50 10 48 89 6f 30 48 8b 4f 


Register to memory mapping:

RAX=0x0000001000000000 is an unknown value
RBX=0x00000000259506d0 is an unknown value
RCX=0x000000002583faae is an unknown value
RDX=0x0000000000a00000 is an unknown value
RSP=0x0000000026c6e050 is pointing into the stack for thread: 0x0000000019ab5800
RBP=0x0000000000000000 is an unknown value
RSI=0x0000000000000004 is an unknown value
RDI=0x0000000025950910 is an unknown value
R8 =0x0000000026c6dd38 is pointing into the stack for thread: 0x0000000019ab5800
R9 =0x0000000000008000 is an unknown value
R10=0x00000000ffffffff is an unallocated location in the heap
R11=0x0000000026c6df50 is pointing into the stack for thread: 0x0000000019ab5800
R12=0x0000000000000000 is an unknown value
R13={method} {0x000000003242c218} 'jniStopSignal' '()Z' in 'KinectPV2/Device'
R14=0x0000000026c6e140 is pointing into the stack for thread: 0x0000000019ab5800
R15=0x0000000019ab5800 is a thread


Stack: [0x0000000026b70000,0x0000000026c70000],  sp=0x0000000026c6e050,  free space=1016k
Native frames: (J=compiled Java code, j=interpreted, Vv=VM code, C=native code)

Java frames: (J=compiled Java code, j=interpreted, Vv=VM code)
j  KinectPV2.Device.jniStopSignal()Z+0
j  KinectPV2.Device.cleanDevice()Z+1
j  KinectPV2.KinectPV2.dispose()V+10
v  ~StubRoutines::call_stub
j  sun.reflect.NativeMethodAccessorImpl.invoke0(Ljava/lang/reflect/Method;Ljava/lang/Object;[Ljava/lang/Object;)Ljava/lang/Object;+0
j  sun.reflect.NativeMethodAccessorImpl.invoke(Ljava/lang/Object;[Ljava/lang/Object;)Ljava/lang/Object;+100
J 1417 C1 sun.reflect.DelegatingMethodAccessorImpl.invoke(Ljava/lang/Object;[Ljava/lang/Object;)Ljava/lang/Object; (10 bytes) @ 0x0000000002d975c4 [0x0000000002d974c0+0x104]
J 1416 C1 java.lang.reflect.Method.invoke(Ljava/lang/Object;[Ljava/lang/Object;)Ljava/lang/Object; (62 bytes) @ 0x0000000002d97d6c [0x0000000002d97980+0x3ec]
j  processing.core.PApplet$RegisteredMethods.handle([Ljava/lang/Object;)V+18
j  processing.core.PApplet$RegisteredMethods.handle()V+5
j  processing.core.PApplet.handleMethods(Ljava/lang/String;)V+24
j  processing.core.PApplet.dispose()V+35
J 1567 C1 processing.opengl.PSurfaceJOGL$DrawListener.display(Lcom/jogamp/opengl/GLAutoDrawable;)V (220 bytes) @ 0x0000000002e43424 [0x0000000002e428a0+0xb84]
J 1566 C1 jogamp.opengl.GLDrawableHelper.displayImpl(Lcom/jogamp/opengl/GLAutoDrawable;)V (86 bytes) @ 0x0000000002e41434 [0x0000000002e40b20+0x914]
J 1527 C1 jogamp.opengl.GLAutoDrawableBase$2.run()V (73 bytes) @ 0x0000000002e222fc [0x0000000002e21f20+0x3dc]
J 1525 C1 jogamp.opengl.GLDrawableHelper.invokeGLImpl(Lcom/jogamp/opengl/GLDrawable;Lcom/jogamp/opengl/GLContext;Ljava/lang/Runnable;Ljava/lang/Runnable;)V (579 bytes) @ 0x0000000002e1e0ac [0x0000000002e1d260+0xe4c]
J 1555 C1 jogamp.opengl.GLDrawableHelper.invokeGL(Lcom/jogamp/opengl/GLDrawable;Lcom/jogamp/opengl/GLContext;Ljava/lang/Runnable;Ljava/lang/Runnable;)V (76 bytes) @ 0x0000000002e35804 [0x0000000002e35740+0xc4]
J 1511 C1 com.jogamp.newt.opengl.GLWindow.display()V (144 bytes) @ 0x0000000002e083c4 [0x0000000002e07ac0+0x904]
J 1510 C1 com.jogamp.opengl.util.AWTAnimatorImpl.display(Ljava/util/ArrayList;ZZ)V (170 bytes) @ 0x0000000002e00f2c [0x0000000002e00860+0x6cc]
J 1509 C1 com.jogamp.opengl.util.FPSAnimator$MainTask.run()V (805 bytes) @ 0x0000000002e03ba4 [0x0000000002e02e80+0xd24]
j  java.util.TimerThread.mainLoop()V+221
j  java.util.TimerThread.run()V+1
v  ~StubRoutines::call_stub

---------------  P R O C E S S  ---------------

Java Threads: ( => current thread )
  0x0000000000c4e000 JavaThread "DestroyJavaVM" [_thread_blocked, id=7864, stack(0x0000000002680000,0x0000000002780000)]
=>0x0000000019ab5800 JavaThread "main-FPSAWTAnimator#00-Timer0" [_thread_in_native, id=10436, stack(0x0000000026b70000,0x0000000026c70000)]
  0x000000001998a800 JavaThread "HighResTimerThread" daemon [_thread_blocked, id=11756, stack(0x0000000026970000,0x0000000026a70000)]
  0x0000000019abe000 JavaThread "main-SharedResourceRunner" daemon [_thread_blocked, id=1052, stack(0x000000001c550000,0x000000001c650000)]
  0x0000000019715000 JavaThread "main-Display-.windows_nil-1-EDT-1" daemon [_thread_blocked, id=7476, stack(0x000000001c050000,0x000000001c150000)]
  0x0000000019161800 JavaThread "AWT-Windows" daemon [_thread_in_native, id=13348, stack(0x0000000019f00000,0x000000001a000000)]
  0x000000001915c000 JavaThread "Java2D Disposer" daemon [_thread_blocked, id=1032, stack(0x0000000019d00000,0x0000000019e00000)]
  0x0000000018db8800 JavaThread "Service Thread" daemon [_thread_blocked, id=11952, stack(0x0000000019190000,0x0000000019290000)]
  0x000000001740b800 JavaThread "C1 CompilerThread2" daemon [_thread_blocked, id=2232, stack(0x0000000018c90000,0x0000000018d90000)]
  0x0000000017408000 JavaThread "C2 CompilerThread1" daemon [_thread_blocked, id=11512, stack(0x0000000018b90000,0x0000000018c90000)]
  0x0000000017400000 JavaThread "C2 CompilerThread0" daemon [_thread_blocked, id=13528, stack(0x0000000018a90000,0x0000000018b90000)]
  0x00000000173fb000 JavaThread "Attach Listener" daemon [_thread_blocked, id=13328, stack(0x0000000018990000,0x0000000018a90000)]
  0x00000000173fa000 JavaThread "Signal Dispatcher" daemon [_thread_blocked, id=8356, stack(0x0000000018890000,0x0000000018990000)]
  0x000000000287b800 JavaThread "Finalizer" daemon [_thread_blocked, id=3688, stack(0x0000000018660000,0x0000000018760000)]
  0x00000000173e9000 JavaThread "Reference Handler" daemon [_thread_blocked, id=8076, stack(0x0000000018560000,0x0000000018660000)]

Other Threads:
  0x00000000173c6800 VMThread [stack: 0x0000000018460000,0x0000000018560000] [id=13028]
  0x0000000018dd2000 WatcherThread [stack: 0x0000000019290000,0x0000000019390000] [id=10244]

VM state:not at safepoint (normal execution)

VM Mutex/Monitor currently owned by a thread: None

heap address: 0x0000000081200000, size: 2030 MB, Compressed Oops mode: 32-bit
Narrow klass base: 0x0000000000000000, Narrow klass shift: 3
Compressed class space size: 1073741824 Address: 0x0000000100000000

Heap:
 PSYoungGen      total 430592K, used 399528K [0x00000000d5b80000, 0x00000000f9600000, 0x0000000100000000)
  eden space 414720K, 96% used [0x00000000d5b80000,0x00000000ee18a1f8,0x00000000ef080000)
  from space 15872K, 0% used [0x00000000f7700000,0x00000000f7720000,0x00000000f8680000)
  to   space 14848K, 0% used [0x00000000f8780000,0x00000000f8780000,0x00000000f9600000)
 ParOldGen       total 130560K, used 68100K [0x0000000081200000, 0x0000000089180000, 0x00000000d5b80000)
  object space 130560K, 52% used [0x0000000081200000,0x0000000085481130,0x0000000089180000)
 Metaspace       used 16517K, capacity 16808K, committed 17024K, reserved 1064960K
  class space    used 1475K, capacity 1568K, committed 1664K, reserved 1048576K

Card table byte_map: [0x0000000011c40000,0x0000000012040000] byte_map_base: 0x0000000011837000

Marking Bits: (ParMarkBitMap*) 0x0000000055225ce0
 Begin Bits: [0x00000000126f0000, 0x00000000146a8000)
 End Bits:   [0x00000000146a8000, 0x0000000016660000)

Polling page: 0x0000000000cb0000

CodeCache: size=245760Kb used=6330Kb max_used=6359Kb free=239429Kb
 bounds [0x0000000002880000, 0x0000000002ec0000, 0x0000000011880000]
 total_blobs=2518 nmethods=1669 adapters=762
 compilation: enabled

Compilation events (10 events):
Event: 65.561 Thread 0x0000000017400000 1682       4       java.util.HashMap::removeNode (291 bytes)
Event: 65.572 Thread 0x0000000017400000 nmethod 1682 0x000000000298ce10 code [0x000000000298cf80, 0x000000000298d298]
Event: 78.503 Thread 0x0000000017408000 1683       4       java.nio.DirectShortBufferU::put (157 bytes)
Event: 78.511 Thread 0x0000000017408000 nmethod 1683 0x0000000002993610 code [0x0000000002993760, 0x00000000029939b8]
Event: 81.218 Thread 0x0000000017400000 1684       4       processing.opengl.PGL::updateIntBuffer (41 bytes)
Event: 81.218 Thread 0x0000000017408000 1685       4       processing.opengl.PGL::updateShortBuffer (41 bytes)
Event: 81.227 Thread 0x0000000017408000 nmethod 1685 0x00000000029b3190 code [0x00000000029b32e0, 0x00000000029b35b8]
Event: 81.227 Thread 0x0000000017400000 nmethod 1684 0x00000000029ab090 code [0x00000000029ab1e0, 0x00000000029ab4b8]
Event: 83.961 Thread 0x000000001740b800 1686       1       com.jogamp.newt.event.NEWTEvent::getEventType (5 bytes)
Event: 83.961 Thread 0x000000001740b800 nmethod 1686 0x0000000002e81ad0 code [0x0000000002e81c20, 0x0000000002e81d30]

GC Heap History (10 events):
Event: 66.798 GC heap before
{Heap before GC invocations=24 (full 1):
 PSYoungGen      total 525824K, used 525014K [0x00000000d5b80000, 0x00000000fb880000, 0x0000000100000000)
  eden space 525312K, 99% used [0x00000000d5b80000,0x00000000f5c1d9f0,0x00000000f5c80000)
  from space 512K, 18% used [0x00000000fb800000,0x00000000fb818000,0x00000000fb880000)
  to   space 20480K, 0% used [0x00000000f9080000,0x00000000f9080000,0x00000000fa480000)
 ParOldGen       total 130560K, used 68100K [0x0000000081200000, 0x0000000089180000, 0x00000000d5b80000)
  object space 130560K, 52% used [0x0000000081200000,0x0000000085481130,0x0000000089180000)
 Metaspace       used 16512K, capacity 16808K, committed 17024K, reserved 1064960K
  class space    used 1474K, capacity 1568K, committed 1664K, reserved 1048576K
Event: 66.801 GC heap after
Heap after GC invocations=24 (full 1):
 PSYoungGen      total 521216K, used 64K [0x00000000d5b80000, 0x00000000fb880000, 0x0000000100000000)
  eden space 500736K, 0% used [0x00000000d5b80000,0x00000000d5b80000,0x00000000f4480000)
  from space 20480K, 0% used [0x00000000f9080000,0x00000000f9090000,0x00000000fa480000)
  to   space 19456K, 0% used [0x00000000fa580000,0x00000000fa580000,0x00000000fb880000)
 ParOldGen       total 130560K, used 68100K [0x0000000081200000, 0x0000000089180000, 0x00000000d5b80000)
  object space 130560K, 52% used [0x0000000081200000,0x0000000085481130,0x0000000089180000)
 Metaspace       used 16512K, capacity 16808K, committed 17024K, reserved 1064960K
  class space    used 1474K, capacity 1568K, committed 1664K, reserved 1048576K
}
Event: 70.614 GC heap before
{Heap before GC invocations=25 (full 1):
 PSYoungGen      total 521216K, used 500800K [0x00000000d5b80000, 0x00000000fb880000, 0x0000000100000000)
  eden space 500736K, 100% used [0x00000000d5b80000,0x00000000f4480000,0x00000000f4480000)
  from space 20480K, 0% used [0x00000000f9080000,0x00000000f9090000,0x00000000fa480000)
  to   space 19456K, 0% used [0x00000000fa580000,0x00000000fa580000,0x00000000fb880000)
 ParOldGen       total 130560K, used 68100K [0x0000000081200000, 0x0000000089180000, 0x00000000d5b80000)
  object space 130560K, 52% used [0x0000000081200000,0x0000000085481130,0x0000000089180000)
 Metaspace       used 16512K, capacity 16808K, committed 17024K, reserved 1064960K
  class space    used 1474K, capacity 1568K, committed 1664K, reserved 1048576K
Event: 70.625 GC heap after
Heap after GC invocations=25 (full 1):
 PSYoungGen      total 478208K, used 96K [0x00000000d5b80000, 0x00000000fa600000, 0x0000000100000000)
  eden space 477696K, 0% used [0x00000000d5b80000,0x00000000d5b80000,0x00000000f2e00000)
  from space 512K, 18% used [0x00000000fa580000,0x00000000fa598000,0x00000000fa600000)
  to   space 17920K, 0% used [0x00000000f8300000,0x00000000f8300000,0x00000000f9480000)
 ParOldGen       total 130560K, used 68100K [0x0000000081200000, 0x0000000089180000, 0x00000000d5b80000)
  object space 130560K, 52% used [0x0000000081200000,0x0000000085481130,0x0000000089180000)
 Metaspace       used 16512K, capacity 16808K, committed 17024K, reserved 1064960K
  class space    used 1474K, capacity 1568K, committed 1664K, reserved 1048576K
}
Event: 74.238 GC heap before
{Heap before GC invocations=26 (full 1):
 PSYoungGen      total 478208K, used 477792K [0x00000000d5b80000, 0x00000000fa600000, 0x0000000100000000)
  eden space 477696K, 100% used [0x00000000d5b80000,0x00000000f2e00000,0x00000000f2e00000)
  from space 512K, 18% used [0x00000000fa580000,0x00000000fa598000,0x00000000fa600000)
  to   space 17920K, 0% used [0x00000000f8300000,0x00000000f8300000,0x00000000f9480000)
 ParOldGen       total 130560K, used 68100K [0x0000000081200000, 0x0000000089180000, 0x00000000d5b80000)
  object space 130560K, 52% used [0x0000000081200000,0x0000000085481130,0x0000000089180000)
 Metaspace       used 16512K, capacity 16808K, committed 17024K, reserved 1064960K
  class space    used 1474K, capacity 1568K, committed 1664K, reserved 1048576K
Event: 74.242 GC heap after
Heap after GC invocations=26 (full 1):
 PSYoungGen      total 473600K, used 64K [0x00000000d5b80000, 0x00000000fa600000, 0x0000000100000000)
  eden space 455680K, 0% used [0x00000000d5b80000,0x00000000d5b80000,0x00000000f1880000)
  from space 17920K, 0% used [0x00000000f8300000,0x00000000f8310000,0x00000000f9480000)
  to   space 16896K, 0% used [0x00000000f9580000,0x00000000f9580000,0x00000000fa600000)
 ParOldGen       total 130560K, used 68100K [0x0000000081200000, 0x0000000089180000, 0x00000000d5b80000)
  object space 130560K, 52% used [0x0000000081200000,0x0000000085481130,0x0000000089180000)
 Metaspace       used 16512K, capacity 16808K, committed 17024K, reserved 1064960K
  class space    used 1474K, capacity 1568K, committed 1664K, reserved 1048576K
}
Event: 77.652 GC heap before
{Heap before GC invocations=27 (full 1):
 PSYoungGen      total 473600K, used 455240K [0x00000000d5b80000, 0x00000000fa600000, 0x0000000100000000)
  eden space 455680K, 99% used [0x00000000d5b80000,0x00000000f1802088,0x00000000f1880000)
  from space 17920K, 0% used [0x00000000f8300000,0x00000000f8310000,0x00000000f9480000)
  to   space 16896K, 0% used [0x00000000f9580000,0x00000000f9580000,0x00000000fa600000)
 ParOldGen       total 130560K, used 68100K [0x0000000081200000, 0x0000000089180000, 0x00000000d5b80000)
  object space 130560K, 52% used [0x0000000081200000,0x0000000085481130,0x0000000089180000)
 Metaspace       used 16512K, capacity 16808K, committed 17024K, reserved 1064960K
  class space    used 1474K, capacity 1568K, committed 1664K, reserved 1048576K
Event: 77.659 GC heap after
Heap after GC invocations=27 (full 1):
 PSYoungGen      total 435200K, used 128K [0x00000000d5b80000, 0x00000000f9600000, 0x0000000100000000)
  eden space 434688K, 0% used [0x00000000d5b80000,0x00000000d5b80000,0x00000000f0400000)
  from space 512K, 25% used [0x00000000f9580000,0x00000000f95a0000,0x00000000f9600000)
  to   space 15872K, 0% used [0x00000000f7700000,0x00000000f7700000,0x00000000f8680000)
 ParOldGen       total 130560K, used 68100K [0x0000000081200000, 0x0000000089180000, 0x00000000d5b80000)
  object space 130560K, 52% used [0x0000000081200000,0x0000000085481130,0x0000000089180000)
 Metaspace       used 16512K, capacity 16808K, committed 17024K, reserved 1064960K
  class space    used 1474K, capacity 1568K, committed 1664K, reserved 1048576K
}
Event: 80.955 GC heap before
{Heap before GC invocations=28 (full 1):
 PSYoungGen      total 435200K, used 434655K [0x00000000d5b80000, 0x00000000f9600000, 0x0000000100000000)
  eden space 434688K, 99% used [0x00000000d5b80000,0x00000000f03d7c88,0x00000000f0400000)
  from space 512K, 25% used [0x00000000f9580000,0x00000000f95a0000,0x00000000f9600000)
  to   space 15872K, 0% used [0x00000000f7700000,0x00000000f7700000,0x00000000f8680000)
 ParOldGen       total 130560K, used 68100K [0x0000000081200000, 0x0000000089180000, 0x00000000d5b80000)
  object space 130560K, 52% used [0x0000000081200000,0x0000000085481130,0x0000000089180000)
 Metaspace       used 16512K, capacity 16808K, committed 17024K, reserved 1064960K
  class space    used 1474K, capacity 1568K, committed 1664K, reserved 1048576K
Event: 80.958 GC heap after
Heap after GC invocations=28 (full 1):
 PSYoungGen      total 430592K, used 128K [0x00000000d5b80000, 0x00000000f9600000, 0x0000000100000000)
  eden space 414720K, 0% used [0x00000000d5b80000,0x00000000d5b80000,0x00000000ef080000)
  from space 15872K, 0% used [0x00000000f7700000,0x00000000f7720000,0x00000000f8680000)
  to   space 14848K, 0% used [0x00000000f8780000,0x00000000f8780000,0x00000000f9600000)
 ParOldGen       total 130560K, used 68100K [0x0000000081200000, 0x0000000089180000, 0x00000000d5b80000)
  object space 130560K, 52% used [0x0000000081200000,0x0000000085481130,0x0000000089180000)
 Metaspace       used 16512K, capacity 16808K, committed 17024K, reserved 1064960K
  class space    used 1474K, capacity 1568K, committed 1664K, reserved 1048576K
}

Deoptimization events (10 events):
Event: 3.054 Thread 0x0000000019ab5800 Uncommon trap: reason=class_check action=maybe_recompile pc=0x0000000002c22ee8 method=java.util.regex.Pattern.compile()V @ 246
Event: 3.054 Thread 0x0000000019ab5800 Uncommon trap: reason=class_check action=maybe_recompile pc=0x0000000002c22ee8 method=java.util.regex.Pattern.compile()V @ 246
Event: 3.054 Thread 0x0000000019ab5800 Uncommon trap: reason=predicate action=maybe_recompile pc=0x0000000002c19c1c method=java.util.regex.Pattern$Slice.match(Ljava/util/regex/Matcher;ILjava/lang/CharSequence;)Z @ 21
Event: 4.523 Thread 0x0000000019ab5800 Uncommon trap: reason=unstable_if action=reinterpret pc=0x0000000002c8270c method=processingExample.draw()V @ 201
Event: 4.541 Thread 0x0000000019ab5800 Uncommon trap: reason=unstable_if action=reinterpret pc=0x0000000002c7bf14 method=processingExample.draw()V @ 201
Event: 6.775 Thread 0x0000000019ab5800 Uncommon trap: reason=unstable_if action=reinterpret pc=0x0000000002d0aa8c method=processingExample.draw()V @ 455
Event: 6.792 Thread 0x0000000019ab5800 Uncommon trap: reason=unstable_if action=reinterpret pc=0x0000000002d0231c method=processingExample.draw()V @ 455
Event: 7.154 Thread 0x0000000019ab5800 Uncommon trap: reason=unstable_if action=reinterpret pc=0x0000000002d7307c method=processingExample.draw()V @ 417
Event: 7.209 Thread 0x0000000019ab5800 Uncommon trap: reason=unstable_if action=reinterpret pc=0x0000000002d70e78 method=processingExample.draw()V @ 417
Event: 83.973 Thread 0x0000000019ab5800 Uncommon trap: reason=unstable_if action=reinterpret pc=0x0000000002e95100 method=java.lang.reflect.Method.invoke(Ljava/lang/Object;[Ljava/lang/Object;)Ljava/lang/Object; @ 45

Classes redefined (0 events):
No events

Internal exceptions (10 events):
Event: 83.963 Thread 0x0000000019ab5800 Exception <a 'java/io/IOException'> (0x00000000ed284ab8) thrown at [C:\re\workspace\8-2-build-windows-amd64-cygwin\jdk8u202\12323\hotspot\src\share\vm\prims\jni.cpp, line 710]
Event: 83.963 Thread 0x0000000019ab5800 Exception <a 'java/io/IOException'> (0x00000000ed284d48) thrown at [C:\re\workspace\8-2-build-windows-amd64-cygwin\jdk8u202\12323\hotspot\src\share\vm\prims\jni.cpp, line 710]
Event: 83.963 Thread 0x0000000019ab5800 Exception <a 'java/io/IOException'> (0x00000000ed284fa8) thrown at [C:\re\workspace\8-2-build-windows-amd64-cygwin\jdk8u202\12323\hotspot\src\share\vm\prims\jni.cpp, line 710]
Event: 83.963 Thread 0x0000000019ab5800 Exception <a 'java/io/IOException'> (0x00000000ed285208) thrown at [C:\re\workspace\8-2-build-windows-amd64-cygwin\jdk8u202\12323\hotspot\src\share\vm\prims\jni.cpp, line 710]
Event: 83.963 Thread 0x0000000019ab5800 Exception <a 'java/io/IOException'> (0x00000000ed2854b0) thrown at [C:\re\workspace\8-2-build-windows-amd64-cygwin\jdk8u202\12323\hotspot\src\share\vm\prims\jni.cpp, line 710]
Event: 83.963 Thread 0x0000000019ab5800 Exception <a 'java/io/IOException'> (0x00000000ed285740) thrown at [C:\re\workspace\8-2-build-windows-amd64-cygwin\jdk8u202\12323\hotspot\src\share\vm\prims\jni.cpp, line 710]
Event: 83.963 Thread 0x0000000019ab5800 Exception <a 'java/io/IOException'> (0x00000000ed2859a0) thrown at [C:\re\workspace\8-2-build-windows-amd64-cygwin\jdk8u202\12323\hotspot\src\share\vm\prims\jni.cpp, line 710]
Event: 83.963 Thread 0x0000000019ab5800 Exception <a 'java/io/IOException'> (0x00000000ed285c00) thrown at [C:\re\workspace\8-2-build-windows-amd64-cygwin\jdk8u202\12323\hotspot\src\share\vm\prims\jni.cpp, line 710]
Event: 83.972 Thread 0x0000000019ab4800 Exception <a 'java/lang/InterruptedException'> (0x00000000ede80850) thrown at [C:\re\workspace\8-2-build-windows-amd64-cygwin\jdk8u202\12323\hotspot\src\share\vm\runtime\objectMonitor.cpp, line 1684]
Event: 83.973 Thread 0x0000000019ab5800 Implicit null exception at 0x0000000002e94b8d to 0x0000000002e950d5

Events (10 events):
Event: 77.659 Executing VM operation: ParallelGCFailedAllocation done
Event: 80.955 Executing VM operation: ParallelGCFailedAllocation
Event: 80.959 Executing VM operation: ParallelGCFailedAllocation done
Event: 83.959 loading class com/jogamp/newt/event/KeyEvent$NonPrintableRange
Event: 83.959 loading class com/jogamp/newt/event/KeyEvent$NonPrintableRange done
Event: 83.972 Thread 0x0000000019ab4800 Thread exited: 0x0000000019ab4800
Event: 83.973 Thread 0x0000000019ab5800 Uncommon trap: trap_request=0xffffff65 fr.pc=0x0000000002e95100
Event: 83.973 Thread 0x0000000019ab5800 DEOPT PACKING pc=0x0000000002e95100 sp=0x0000000026c6eb10
Event: 83.973 Thread 0x0000000019ab5800 DEOPT UNPACKING pc=0x00000000028c583b sp=0x0000000026c6e990 mode 2
Event: 83.973 Thread 0x0000000019680800 Thread exited: 0x0000000019680800


Dynamic libraries:
0x00007ff646060000 - 0x00007ff646097000 	C:\Users\matsd\Desktop\IMD\Semester-3\Repository\kinect\application\application.windows64\java\bin\javaw.exe
0x00007ffcf3f30000 - 0x00007ffcf411d000 	C:\WINDOWS\SYSTEM32\ntdll.dll
0x00007ffcf1160000 - 0x00007ffcf1213000 	C:\WINDOWS\System32\KERNEL32.DLL
0x00007ffcf0ec0000 - 0x00007ffcf1153000 	C:\WINDOWS\System32\KERNELBASE.dll
0x00007ffcf3620000 - 0x00007ffcf36c3000 	C:\WINDOWS\System32\ADVAPI32.dll
0x00007ffcf3010000 - 0x00007ffcf30ae000 	C:\WINDOWS\System32\msvcrt.dll
0x00007ffcf38a0000 - 0x00007ffcf393e000 	C:\WINDOWS\System32\sechost.dll
0x00007ffcf3cf0000 - 0x00007ffcf3e12000 	C:\WINDOWS\System32\RPCRT4.dll
0x00007ffcf12d0000 - 0x00007ffcf1467000 	C:\WINDOWS\System32\USER32.dll
0x00007ffcf0cf0000 - 0x00007ffcf0d10000 	C:\WINDOWS\System32\win32u.dll
0x00007ffcf35f0000 - 0x00007ffcf3619000 	C:\WINDOWS\System32\GDI32.dll
0x00007ffcf0160000 - 0x00007ffcf02fa000 	C:\WINDOWS\System32\gdi32full.dll
0x00007ffcf0c50000 - 0x00007ffcf0cf0000 	C:\WINDOWS\System32\msvcp_win.dll
0x00007ffcf0dc0000 - 0x00007ffcf0ebc000 	C:\WINDOWS\System32\ucrtbase.dll
0x00007ffcd9f20000 - 0x00007ffcda199000 	C:\WINDOWS\WinSxS\amd64_microsoft.windows.common-controls_6595b64144ccf1df_6.0.17763.253_none_05b2388e0721fece\COMCTL32.dll
0x00007ffcf32c0000 - 0x00007ffcf35ed000 	C:\WINDOWS\System32\combase.dll
0x00007ffcf0d10000 - 0x00007ffcf0d8e000 	C:\WINDOWS\System32\bcryptPrimitives.dll
0x00007ffcf3290000 - 0x00007ffcf32be000 	C:\WINDOWS\System32\IMM32.DLL
0x00000000552b0000 - 0x0000000055382000 	C:\Users\matsd\Desktop\IMD\Semester-3\Repository\kinect\application\application.windows64\java\bin\msvcr100.dll
0x0000000054a00000 - 0x00000000552a5000 	C:\Users\matsd\Desktop\IMD\Semester-3\Repository\kinect\application\application.windows64\java\bin\server\jvm.dll
0x00007ffcf3800000 - 0x00007ffcf3808000 	C:\WINDOWS\System32\PSAPI.DLL
0x00007ffceaf10000 - 0x00007ffceaf34000 	C:\WINDOWS\SYSTEM32\WINMM.dll
0x00007ffceae70000 - 0x00007ffceae9d000 	C:\WINDOWS\SYSTEM32\WINMMBASE.dll
0x00007ffcf0110000 - 0x00007ffcf015a000 	C:\WINDOWS\System32\cfgmgr32.dll
0x00007ffce2150000 - 0x00007ffce215a000 	C:\WINDOWS\SYSTEM32\VERSION.dll
0x00007ffce9df0000 - 0x00007ffce9df9000 	C:\WINDOWS\SYSTEM32\WSOCK32.dll
0x0000000002590000 - 0x00000000025fd000 	C:\WINDOWS\System32\ws2_32.DLL
0x00007ffce0e80000 - 0x00007ffce0e8f000 	C:\Users\matsd\Desktop\IMD\Semester-3\Repository\kinect\application\application.windows64\java\bin\verify.dll
0x00007ffcdc7c0000 - 0x00007ffcdc7e9000 	C:\Users\matsd\Desktop\IMD\Semester-3\Repository\kinect\application\application.windows64\java\bin\java.dll
0x00007ffcda700000 - 0x00007ffcda716000 	C:\Users\matsd\Desktop\IMD\Semester-3\Repository\kinect\application\application.windows64\java\bin\zip.dll
0x00007ffcf1aa0000 - 0x00007ffcf2f8f000 	C:\WINDOWS\System32\SHELL32.dll
0x00007ffcf1220000 - 0x00007ffcf12c8000 	C:\WINDOWS\System32\shcore.dll
0x00007ffcf0300000 - 0x00007ffcf0a4a000 	C:\WINDOWS\System32\windows.storage.dll
0x00007ffceff50000 - 0x00007ffceff74000 	C:\WINDOWS\System32\profapi.dll
0x00007ffceffa0000 - 0x00007ffcefffd000 	C:\WINDOWS\System32\powrprof.dll
0x00007ffcf3c90000 - 0x00007ffcf3ce2000 	C:\WINDOWS\System32\shlwapi.dll
0x00007ffceff30000 - 0x00007ffceff41000 	C:\WINDOWS\System32\kernel.appcore.dll
0x00007ffcf0c30000 - 0x00007ffcf0c47000 	C:\WINDOWS\System32\cryptsp.dll
0x00007ffcc8540000 - 0x00007ffcc86d9000 	C:\Users\matsd\Desktop\IMD\Semester-3\Repository\kinect\application\application.windows64\java\bin\awt.dll
0x00007ffcf3e30000 - 0x00007ffcf3efb000 	C:\WINDOWS\System32\OLEAUT32.dll
0x00007ffcee1e0000 - 0x00007ffcee26c000 	C:\WINDOWS\SYSTEM32\apphelp.dll
0x00007ffcee360000 - 0x00007ffcee3fc000 	C:\WINDOWS\system32\uxtheme.dll
0x00007ffcf30b0000 - 0x00007ffcf321a000 	C:\WINDOWS\System32\MSCTF.dll
0x00007ffcee610000 - 0x00007ffcee63e000 	C:\WINDOWS\system32\dwmapi.dll
0x00007ffcf0a50000 - 0x00007ffcf0c2b000 	C:\WINDOWS\System32\CRYPT32.dll
0x00007ffceff80000 - 0x00007ffceff92000 	C:\WINDOWS\System32\MSASN1.dll
0x00007ffcf3a20000 - 0x00007ffcf3b75000 	C:\WINDOWS\System32\ole32.dll
0x00007ffcd70d0000 - 0x00007ffcd71f7000 	C:\WINDOWS\system32\opengl32.dll
0x00007ffcda580000 - 0x00007ffcda5ac000 	C:\WINDOWS\SYSTEM32\GLU32.dll
0x00007ffcef380000 - 0x00007ffcef3b3000 	C:\WINDOWS\system32\rsaenh.dll
0x00007ffcf0d90000 - 0x00007ffcf0db6000 	C:\WINDOWS\System32\bcrypt.dll
0x00007ffcefe60000 - 0x00007ffcefe88000 	C:\WINDOWS\SYSTEM32\USERENV.dll
0x00007ffcef990000 - 0x00007ffcef99c000 	C:\WINDOWS\SYSTEM32\CRYPTBASE.dll
0x00007ffcd9a20000 - 0x00007ffcd9a3a000 	C:\Users\matsd\Desktop\IMD\Semester-3\Repository\kinect\application\application.windows64\java\bin\net.dll
0x00007ffce12b0000 - 0x00007ffce1487000 	C:\WINDOWS\SYSTEM32\urlmon.dll
0x00007ffce1000000 - 0x00007ffce12a8000 	C:\WINDOWS\SYSTEM32\iertutil.dll
0x00007ffcef7c0000 - 0x00007ffcef827000 	C:\WINDOWS\system32\mswsock.dll
0x00007ffcef520000 - 0x00007ffcef55d000 	C:\WINDOWS\SYSTEM32\IPHLPAPI.DLL
0x00007ffcf3e20000 - 0x00007ffcf3e28000 	C:\WINDOWS\System32\NSI.dll
0x00007ffce49e0000 - 0x00007ffce49f6000 	C:\WINDOWS\SYSTEM32\dhcpcsvc6.DLL
0x00007ffce9490000 - 0x00007ffce94ac000 	C:\WINDOWS\SYSTEM32\dhcpcsvc.DLL
0x00007ffcef560000 - 0x00007ffcef626000 	C:\WINDOWS\SYSTEM32\DNSAPI.dll
0x00007ffcd9a00000 - 0x00007ffcd9a12000 	C:\Users\matsd\Desktop\IMD\Semester-3\Repository\kinect\application\application.windows64\java\bin\nio.dll
0x00000000637c0000 - 0x00000000637cd000 	C:\Users\matsd\AppData\Local\Temp\jogamp_0000\file_cache\jln4670486060687089741\jln7547396013759398247\natives\windows-amd64\gluegen-rt.dll
0x00007ffcdfb70000 - 0x00007ffcdfb77000 	C:\Users\matsd\Desktop\IMD\Semester-3\Repository\kinect\application\application.windows64\java\bin\jawt.dll
0x000000006a440000 - 0x000000006a44d000 	C:\Users\matsd\AppData\Local\Temp\jogamp_0000\file_cache\jln4670486060687089741\jln7547396013759398247\natives\windows-amd64\nativewindow_awt.dll
0x000000006c100000 - 0x000000006c10f000 	C:\Users\matsd\AppData\Local\Temp\jogamp_0000\file_cache\jln4670486060687089741\jln7547396013759398247\natives\windows-amd64\nativewindow_win32.dll
0x000000006cbc0000 - 0x000000006cbd3000 	C:\Users\matsd\AppData\Local\Temp\jogamp_0000\file_cache\jln4670486060687089741\jln7547396013759398247\natives\windows-amd64\newt.dll
0x00007ffcd6560000 - 0x00007ffcd660d000 	C:\WINDOWS\SYSTEM32\mscms.dll
0x00007ffce2620000 - 0x00007ffce2630000 	C:\WINDOWS\SYSTEM32\ColorAdapterClient.dll
0x00007ffcd60e0000 - 0x00007ffcd6123000 	C:\WINDOWS\SYSTEM32\icm32.dll
0x00007ffcf1620000 - 0x00007ffcf1a95000 	C:\WINDOWS\System32\setupapi.dll
0x00007ffcefd40000 - 0x00007ffcefd69000 	C:\WINDOWS\SYSTEM32\DEVOBJ.dll
0x00007ffcf0000000 - 0x00007ffcf0058000 	C:\WINDOWS\System32\WINTRUST.dll
0x0000000064500000 - 0x00000000645b1000 	C:\Users\matsd\AppData\Local\Temp\jogamp_0000\file_cache\jln4670486060687089741\jln7547396013759398247\natives\windows-amd64\jogl_desktop.dll
0x00007ffcbc740000 - 0x00007ffcbc9b0000 	C:\Users\matsd\AppData\Local\Programs\MiKTeX 2.9\miktex\bin\x64\libGLESv2.dll
0x00007ffcea740000 - 0x00007ffcea8de000 	C:\WINDOWS\SYSTEM32\d3d9.dll
0x00007ffcd8a40000 - 0x00007ffcd8a56000 	C:\Users\matsd\Desktop\IMD\Semester-3\Repository\kinect\application\application.windows64\java\bin\VCRUNTIME140.dll
0x00007ffcc9620000 - 0x00007ffcc96bc000 	C:\Users\matsd\Desktop\IMD\Semester-3\Repository\kinect\application\application.windows64\java\bin\MSVCP140.dll
0x0000000064340000 - 0x00000000643a2000 	C:\Users\matsd\AppData\Local\Temp\jogamp_0000\file_cache\jln4670486060687089741\jln7547396013759398247\natives\windows-amd64\jogl_mobile.dll
0x00007ffc94ef0000 - 0x00007ffc95dde000 	C:\WINDOWS\System32\DriverStore\FileRepository\64gh6293.inf_amd64_22fd8f9659edd17f\ig9icd64.dll
0x00007ffceecc0000 - 0x00007ffceed82000 	C:\WINDOWS\SYSTEM32\dxgi.dll
0x00007ffce5340000 - 0x00007ffce7241000 	C:\WINDOWS\System32\DriverStore\FileRepository\64gh6293.inf_amd64_22fd8f9659edd17f\igc64.dll
0x00007ffce9940000 - 0x00007ffce99d5000 	C:\WINDOWS\System32\TextInputFramework.dll
0x00007ffcee0c0000 - 0x00007ffcee1a2000 	C:\WINDOWS\System32\CoreMessaging.dll
0x00007ffce89d0000 - 0x00007ffce8cf2000 	C:\WINDOWS\System32\CoreUIComponents.dll
0x00007ffcec220000 - 0x00007ffcec373000 	C:\WINDOWS\SYSTEM32\wintypes.dll
0x00007ffcef000000 - 0x00007ffcef031000 	C:\WINDOWS\SYSTEM32\ntmarta.dll
0x00007ffce1dd0000 - 0x00007ffce1e3c000 	C:\WINDOWS\system32\Oleacc.dll
0x0000000071100000 - 0x0000000071125000 	C:\Users\matsd\Desktop\IMD\Semester-3\Repository\kinect\application\application.windows64\lib\jSSC-2.8.dll
0x00007ffcafb00000 - 0x00007ffcafc9c000 	C:\Users\matsd\Desktop\IMD\Semester-3\Repository\kinect\application\application.windows64\lib\Kinect20.Face.dll
0x00007ffcd6200000 - 0x00007ffcd62d4000 	C:\WINDOWS\SYSTEM32\MSVCR110.dll
0x00007ffcea690000 - 0x00007ffcea737000 	C:\WINDOWS\SYSTEM32\MSVCP110.dll
0x00007ffcd8940000 - 0x00007ffcd8951000 	C:\Users\matsd\Desktop\IMD\Semester-3\Repository\kinect\application\application.windows64\lib\KinectPV2.dll
0x00007ffcc6360000 - 0x00007ffcc641b000 	C:\WINDOWS\SYSTEM32\Kinect20.dll
0x00007ffce9e80000 - 0x00007ffcea081000 	C:\WINDOWS\SYSTEM32\MFPlat.DLL
0x00007ffcebe00000 - 0x00007ffcebe2f000 	C:\WINDOWS\SYSTEM32\RTWorkQ.DLL
0x00007ffce2ee0000 - 0x00007ffce30cd000 	C:\WINDOWS\SYSTEM32\dbghelp.dll

VM Arguments:
jvm_args: -Djna.nosys=true -Djava.ext.dirs=C:\Users\matsd\Desktop\IMD\Semester-3\Repository\kinect\application\application.windows64\java\lib\ext -Djava.library.path=C:\Users\matsd\Desktop\IMD\Semester-3\Repository\kinect\application\application.windows64\lib 
java_command: processingExample
java_class_path (initial): lib\processingExample.jar;lib\core.jar;lib\jogl-all.jar;lib\gluegen-rt.jar;lib\jogl-all-natives-windows-amd64.jar;lib\gluegen-rt-natives-windows-amd64.jar;lib\KinectPV2.jar;lib\jssc.jar;lib\serial.jar
Launcher Type: SUN_STANDARD

Environment Variables:
PATH=C:\Program Files (x86)\Common Files\Intel\Shared Libraries\redist\intel64_win\compiler;C:\Program Files (x86)\Common Files\Intel\Shared Libraries\redist\intel64\compiler;C:\ProgramData\Oracle\Java\javapath;C:\WINDOWS\system32;C:\WINDOWS;C:\WINDOWS\System32\Wbem;C:\WINDOWS\System32\WindowsPowerShell\v1.0\;C:\Program Files\Git\cmd;C:\Program Files (x86)\NVIDIA Corporation\PhysX\Common;C:\WINDOWS\system32;C:\WINDOWS;C:\WINDOWS\System32\Wbem;C:\WINDOWS\System32\WindowsPowerShell\v1.0\;C:\WINDOWS\System32\OpenSSH\;C:\Program Files\Microsoft VS Code\bin;C:\Program Files\nodejs\;C:\Program Files (x86)\Yarn\bin\;C:\Program Files\dotnet\;C:\Users\matsd\AppData\Local\Microsoft\WindowsApps;C:\Program Files\Microsoft VS Code\bin;C:\Users\matsd\AppData\Local\Microsoft\WindowsApps;C:\Users\matsd\AppData\Local\GitHubDesktop\bin;C:\Users\matsd\AppData\Local\Programs\MiKTeX 2.9\miktex\bin\x64\;C:\Users\matsd\AppData\Roaming\npm;C:\Users\matsd\AppData\Local\Yarn\bin;;C:\Users\matsd\Desktop\IMD\Semester-3\Repository\kinect\application\application.windows64\java\bin
USERNAME=matsd
OS=Windows_NT
PROCESSOR_IDENTIFIER=Intel64 Family 6 Model 78 Stepping 3, GenuineIntel



---------------  S Y S T E M  ---------------

OS: Windows 10.0 , 64 bit Build 17763 (10.0.17763.1)

CPU:total 4 (initial active 4) (2 cores per cpu, 2 threads per core) family 6 model 78 stepping 3, cmov, cx8, fxsr, mmx, sse, sse2, sse3, ssse3, sse4.1, sse4.2, popcnt, avx, avx2, aes, clmul, erms, rtm, 3dnowpref, lzcnt, ht, tsc, tscinvbit, bmi1, bmi2, adx

Memory: 4k page, physical 8312088k(3746304k free), swap 14341400k(8492808k free)

vm_info: Java HotSpot(TM) 64-Bit Server VM (25.202-b08) for windows-amd64 JRE (1.8.0_202-b08), built on Dec 15 2018 19:54:30 by "java_re" with MS VC++ 10.0 (VS2010)

time: Thu Feb 07 14:07:24 2019
timezone: Mitteleuropäische Zeit
elapsed time: 84 seconds (0d 0h 1m 24s)

