#
# A fatal error has been detected by the Java Runtime Environment:
#
#  EXCEPTION_ACCESS_VIOLATION (0xc0000005) at pc=0x00007ffc19345520, pid=16988, tid=0x0000000000002f94
#
# JRE version: Java(TM) SE Runtime Environment (8.0_202-b08) (build 1.8.0_202-b08)
# Java VM: Java HotSpot(TM) 64-Bit Server VM (25.202-b08 mixed mode windows-amd64 compressed oops)
# Problematic frame:
# C  [KinectPV2.dll+0x5520]
#
# Failed to write core dump. Minidumps are not enabled by default on client versions of Windows
#
# If you would like to submit a bug report, please visit:
#   http://bugreport.java.com/bugreport/crash.jsp
# The crash happened outside the Java Virtual Machine in native code.
# See problematic frame for where to report the bug.
#

---------------  T H R E A D  ---------------

Current thread (0x0000000019bcb800):  JavaThread "main-FPSAWTAnimator#00-Timer0" [_thread_in_native, id=12180, stack(0x00000000270c0000,0x00000000271c0000)]

siginfo: ExceptionCode=0xc0000005, reading address 0xffffffffffffffff

Registers:
RAX=0x0000000000000001, RBX=0x0000000025ec03e0, RCX=0x00690062005c006e, RDX=0x0000000000e30000
RSP=0x00000000271be0b0, RBP=0x0000000000000000, RSI=0x0000000000000006, RDI=0x0000000025ec0610
R8 =0x00000000271bdd98, R9 =0x0000000000008000, R10=0x00000000ffffffff, R11=0x00000000271bdfb0
R12=0x0000000000000000, R13=0x0000000032992e10, R14=0x00000000271be1a0, R15=0x0000000019bcb800
RIP=0x00007ffc19345520, EFLAGS=0x0000000000010202

Top of Stack: (sp=0x00000000271be0b0)
0x00000000271be0b0:   0000000025ec03e0 0000000032992e10
0x00000000271be0c0:   0000000000000000 0000000019a99e20
0x00000000271be0d0:   0000000019a99e20 00007ffc1934177a
0x00000000271be0e0:   00000000271be1a0 00000000271be180
0x00000000271be0f0:   0000000019bcb9f8 0000000019bcb800
0x00000000271be100:   0000000002d4835d 0000000002d58c67
0x00000000271be110:   0000000032992e10 0000000019bcb800
0x00000000271be120:   0000000019bcb800 0000000019bcb800
0x00000000271be130:   00000000271be1f8 0000000002d58962
0x00000000271be140:   00000000271be140 0000000032992e10
0x00000000271be150:   00000000271be1a0 0000000032994aa8
0x00000000271be160:   0000000000000000 0000000032992e10
0x00000000271be170:   0000000000000000 00000000271be1a0
0x00000000271be180:   00000000271be1e8 0000000002d47b30
0x00000000271be190:   0000000000000000 0000000002d521c0
0x00000000271be1a0:   000000008428c468 00000000271be1a8 

Instructions: (pc=0x00007ffc19345520)
0x00007ffc19345500:   89 6f d0 48 8b 0f 48 85 c9 74 09 48 8b 01 ff 50
0x00007ffc19345510:   10 48 89 2f 48 8b 8f 90 00 00 00 48 85 c9 74 0d
0x00007ffc19345520:   48 8b 01 ff 50 10 48 89 af 90 00 00 00 48 8b 4f
0x00007ffc19345530:   30 48 85 c9 74 0a 48 8b 01 ff 50 10 48 89 6f 30 


Register to memory mapping:

RAX=0x0000000000000001 is an unknown value
RBX=0x0000000025ec03e0 is an unknown value
RCX=0x00690062005c006e is an unknown value
RDX=0x0000000000e30000 is an unknown value
RSP=0x00000000271be0b0 is pointing into the stack for thread: 0x0000000019bcb800
RBP=0x0000000000000000 is an unknown value
RSI=0x0000000000000006 is an unknown value
RDI=0x0000000025ec0610 is an unknown value
R8 =0x00000000271bdd98 is pointing into the stack for thread: 0x0000000019bcb800
R9 =0x0000000000008000 is an unknown value
R10=0x00000000ffffffff is an unknown value
R11=0x00000000271bdfb0 is pointing into the stack for thread: 0x0000000019bcb800
R12=0x0000000000000000 is an unknown value
R13={method} {0x0000000032992e18} 'jniStopSignal' '()Z' in 'KinectPV2/Device'
R14=0x00000000271be1a0 is pointing into the stack for thread: 0x0000000019bcb800
R15=0x0000000019bcb800 is a thread


Stack: [0x00000000270c0000,0x00000000271c0000],  sp=0x00000000271be0b0,  free space=1016k
Native frames: (J=compiled Java code, j=interpreted, Vv=VM code, C=native code)

Java frames: (J=compiled Java code, j=interpreted, Vv=VM code)
j  KinectPV2.Device.jniStopSignal()Z+0
j  KinectPV2.Device.cleanDevice()Z+1
j  KinectPV2.KinectPV2.dispose()V+10
v  ~StubRoutines::call_stub
j  sun.reflect.NativeMethodAccessorImpl.invoke0(Ljava/lang/reflect/Method;Ljava/lang/Object;[Ljava/lang/Object;)Ljava/lang/Object;+0
j  sun.reflect.NativeMethodAccessorImpl.invoke(Ljava/lang/Object;[Ljava/lang/Object;)Ljava/lang/Object;+100
J 1391 C1 sun.reflect.DelegatingMethodAccessorImpl.invoke(Ljava/lang/Object;[Ljava/lang/Object;)Ljava/lang/Object; (10 bytes) @ 0x0000000003248584 [0x0000000003248480+0x104]
J 1390 C1 java.lang.reflect.Method.invoke(Ljava/lang/Object;[Ljava/lang/Object;)Ljava/lang/Object; (62 bytes) @ 0x0000000003248d2c [0x0000000003248940+0x3ec]
J 1400 C1 processing.core.PApplet$RegisteredMethods.handle([Ljava/lang/Object;)V (87 bytes) @ 0x000000000324c8b4 [0x000000000324c6e0+0x1d4]
J 1233 C1 processing.core.PApplet.handleMethods(Ljava/lang/String;)V (36 bytes) @ 0x00000000031bafac [0x00000000031bac20+0x38c]
j  processing.core.PApplet.dispose()V+35
J 1451 C1 processing.opengl.PSurfaceJOGL$DrawListener.display(Lcom/jogamp/opengl/GLAutoDrawable;)V (220 bytes) @ 0x0000000003282624 [0x0000000003281aa0+0xb84]
J 1514 C1 jogamp.opengl.GLDrawableHelper.displayImpl(Lcom/jogamp/opengl/GLAutoDrawable;)V (86 bytes) @ 0x00000000032c1c04 [0x00000000032c12c0+0x944]
J 1512 C1 jogamp.opengl.GLAutoDrawableBase$2.run()V (73 bytes) @ 0x00000000032c823c [0x00000000032c7e60+0x3dc]
J 1510 C1 jogamp.opengl.GLDrawableHelper.invokeGLImpl(Lcom/jogamp/opengl/GLDrawable;Lcom/jogamp/opengl/GLContext;Ljava/lang/Runnable;Ljava/lang/Runnable;)V (579 bytes) @ 0x00000000032c3fec [0x00000000032c31a0+0xe4c]
J 1547 C1 jogamp.opengl.GLDrawableHelper.invokeGL(Lcom/jogamp/opengl/GLDrawable;Lcom/jogamp/opengl/GLContext;Ljava/lang/Runnable;Ljava/lang/Runnable;)V (76 bytes) @ 0x00000000032f5344 [0x00000000032f5280+0xc4]
J 1504 C1 com.jogamp.newt.opengl.GLWindow.display()V (144 bytes) @ 0x00000000032b8524 [0x00000000032b7c60+0x8c4]
J 1503 C1 com.jogamp.opengl.util.AWTAnimatorImpl.display(Ljava/util/ArrayList;ZZ)V (170 bytes) @ 0x00000000032b10ec [0x00000000032b0a00+0x6ec]
J 1501 C1 com.jogamp.opengl.util.FPSAnimator$MainTask.run()V (805 bytes) @ 0x00000000032b3d84 [0x00000000032b3040+0xd44]
j  java.util.TimerThread.mainLoop()V+221
j  java.util.TimerThread.run()V+1
v  ~StubRoutines::call_stub

---------------  P R O C E S S  ---------------

Java Threads: ( => current thread )
  0x0000000002c3e000 JavaThread "DestroyJavaVM" [_thread_blocked, id=16424, stack(0x0000000002a90000,0x0000000002b90000)]
=>0x0000000019bcb800 JavaThread "main-FPSAWTAnimator#00-Timer0" [_thread_in_native, id=12180, stack(0x00000000270c0000,0x00000000271c0000)]
  0x0000000019bc6800 JavaThread "HighResTimerThread" daemon [_thread_blocked, id=996, stack(0x0000000026ec0000,0x0000000026fc0000)]
  0x0000000019c5d000 JavaThread "main-SharedResourceRunner" daemon [_thread_blocked, id=16152, stack(0x000000001ca00000,0x000000001cb00000)]
  0x0000000019c4c800 JavaThread "main-Display-.windows_nil-1-EDT-1" daemon [_thread_blocked, id=8084, stack(0x000000001c500000,0x000000001c600000)]
  0x00000000195f9000 JavaThread "AWT-Windows" daemon [_thread_in_native, id=15304, stack(0x000000001a3c0000,0x000000001a4c0000)]
  0x00000000195f3800 JavaThread "Java2D Disposer" daemon [_thread_blocked, id=10000, stack(0x000000001a1c0000,0x000000001a2c0000)]
  0x0000000019279000 JavaThread "Service Thread" daemon [_thread_blocked, id=2416, stack(0x0000000019650000,0x0000000019750000)]
  0x00000000178cb800 JavaThread "C1 CompilerThread2" daemon [_thread_blocked, id=11824, stack(0x0000000019150000,0x0000000019250000)]
  0x00000000178c7000 JavaThread "C2 CompilerThread1" daemon [_thread_blocked, id=9212, stack(0x0000000019050000,0x0000000019150000)]
  0x00000000178c0000 JavaThread "C2 CompilerThread0" daemon [_thread_blocked, id=10188, stack(0x0000000018f50000,0x0000000019050000)]
  0x00000000178bb000 JavaThread "Attach Listener" daemon [_thread_blocked, id=8512, stack(0x0000000018e50000,0x0000000018f50000)]
  0x00000000178ba000 JavaThread "Signal Dispatcher" daemon [_thread_blocked, id=12236, stack(0x0000000018d50000,0x0000000018e50000)]
  0x0000000002d3b800 JavaThread "Finalizer" daemon [_thread_blocked, id=3228, stack(0x0000000018b20000,0x0000000018c20000)]
  0x00000000178a9000 JavaThread "Reference Handler" daemon [_thread_blocked, id=5552, stack(0x0000000018a20000,0x0000000018b20000)]

Other Threads:
  0x0000000017886800 VMThread [stack: 0x0000000018920000,0x0000000018a20000] [id=2296]
  0x000000001927a000 WatcherThread [stack: 0x0000000019750000,0x0000000019850000] [id=15048]

VM state:not at safepoint (normal execution)

VM Mutex/Monitor currently owned by a thread: None

heap address: 0x0000000081200000, size: 2030 MB, Compressed Oops mode: 32-bit
Narrow klass base: 0x0000000000000000, Narrow klass shift: 3
Compressed class space size: 1073741824 Address: 0x0000000100000000

Heap:
 PSYoungGen      total 584192K, used 317427K [0x00000000d5b80000, 0x0000000100000000, 0x0000000100000000)
  eden space 559616K, 56% used [0x00000000d5b80000,0x00000000e916cfa8,0x00000000f7e00000)
  from space 24576K, 0% used [0x00000000f7e00000,0x00000000f7e10000,0x00000000f9600000)
  to   space 23552K, 0% used [0x00000000fe900000,0x00000000fe900000,0x0000000100000000)
 ParOldGen       total 130048K, used 68121K [0x0000000081200000, 0x0000000089100000, 0x00000000d5b80000)
  object space 130048K, 52% used [0x0000000081200000,0x00000000854865c0,0x0000000089100000)
 Metaspace       used 16500K, capacity 16744K, committed 17024K, reserved 1064960K
  class space    used 1475K, capacity 1568K, committed 1664K, reserved 1048576K

Card table byte_map: [0x0000000012100000,0x0000000012500000] byte_map_base: 0x0000000011cf7000

Marking Bits: (ParMarkBitMap*) 0x000000006e115ce0
 Begin Bits: [0x0000000012bb0000, 0x0000000014b68000)
 End Bits:   [0x0000000014b68000, 0x0000000016b20000)

Polling page: 0x0000000002a10000

CodeCache: size=245760Kb used=6103Kb max_used=6119Kb free=239656Kb
 bounds [0x0000000002d40000, 0x0000000003350000, 0x0000000011d40000]
 total_blobs=2460 nmethods=1626 adapters=747
 compilation: enabled

Compilation events (10 events):
Event: 24.217 Thread 0x00000000178c0000 nmethod 1622% 0x0000000003329990 code [0x0000000003329ae0, 0x0000000003329dc8]
Event: 24.559 Thread 0x00000000178c7000 nmethod 1621 0x000000000332f790 code [0x000000000332fe40, 0x0000000003334bc8]
Event: 24.804 Thread 0x00000000178cb800 1623       3       java.util.HashMap$KeySet::iterator (12 bytes)
Event: 24.804 Thread 0x00000000178cb800 nmethod 1623 0x00000000033294d0 code [0x0000000003329640, 0x00000000033298a8]
Event: 24.804 Thread 0x00000000178cb800 1624       3       java.util.HashMap$KeyIterator::<init> (11 bytes)
Event: 24.805 Thread 0x00000000178cb800 nmethod 1624 0x0000000003329110 code [0x0000000003329280, 0x0000000003329428]
Event: 25.201 Thread 0x00000000178cb800 1625       1       com.jogamp.newt.event.NEWTEvent::getEventType (5 bytes)
Event: 25.201 Thread 0x00000000178cb800 nmethod 1625 0x0000000003323c10 code [0x0000000003323d60, 0x0000000003323e70]
Event: 25.390 Thread 0x00000000178cb800 1626       3       java.util.HashMap::keySet (25 bytes)
Event: 25.391 Thread 0x00000000178cb800 nmethod 1626 0x0000000003328a90 code [0x0000000003328c00, 0x0000000003328f90]

GC Heap History (10 events):
Event: 11.625 GC heap before
{Heap before GC invocations=12 (full 1):
 PSYoungGen      total 344576K, used 324077K [0x00000000d5b80000, 0x00000000ecf00000, 0x0000000100000000)
  eden space 324096K, 99% used [0x00000000d5b80000,0x00000000e97eb4f8,0x00000000e9800000)
  from space 20480K, 0% used [0x00000000ebb00000,0x00000000ebb10000,0x00000000ecf00000)
  to   space 28160K, 0% used [0x00000000e9800000,0x00000000e9800000,0x00000000eb380000)
 ParOldGen       total 130048K, used 68073K [0x0000000081200000, 0x0000000089100000, 0x00000000d5b80000)
  object space 130048K, 52% used [0x0000000081200000,0x000000008547a5c0,0x0000000089100000)
 Metaspace       used 16459K, capacity 16744K, committed 17024K, reserved 1064960K
  class space    used 1474K, capacity 1568K, committed 1664K, reserved 1048576K
Event: 11.628 GC heap after
Heap after GC invocations=12 (full 1):
 PSYoungGen      total 352256K, used 64K [0x00000000d5b80000, 0x00000000f4b00000, 0x0000000100000000)
  eden space 324096K, 0% used [0x00000000d5b80000,0x00000000d5b80000,0x00000000e9800000)
  from space 28160K, 0% used [0x00000000e9800000,0x00000000e9810000,0x00000000eb380000)
  to   space 27648K, 0% used [0x00000000f3000000,0x00000000f3000000,0x00000000f4b00000)
 ParOldGen       total 130048K, used 68097K [0x0000000081200000, 0x0000000089100000, 0x00000000d5b80000)
  object space 130048K, 52% used [0x0000000081200000,0x00000000854805c0,0x0000000089100000)
 Metaspace       used 16459K, capacity 16744K, committed 17024K, reserved 1064960K
  class space    used 1474K, capacity 1568K, committed 1664K, reserved 1048576K
}
Event: 13.878 GC heap before
{Heap before GC invocations=13 (full 1):
 PSYoungGen      total 352256K, used 324160K [0x00000000d5b80000, 0x00000000f4b00000, 0x0000000100000000)
  eden space 324096K, 100% used [0x00000000d5b80000,0x00000000e9800000,0x00000000e9800000)
  from space 28160K, 0% used [0x00000000e9800000,0x00000000e9810000,0x00000000eb380000)
  to   space 27648K, 0% used [0x00000000f3000000,0x00000000f3000000,0x00000000f4b00000)
 ParOldGen       total 130048K, used 68097K [0x0000000081200000, 0x0000000089100000, 0x00000000d5b80000)
  object space 130048K, 52% used [0x0000000081200000,0x00000000854805c0,0x0000000089100000)
 Metaspace       used 16489K, capacity 16744K, committed 17024K, reserved 1064960K
  class space    used 1474K, capacity 1568K, committed 1664K, reserved 1048576K
Event: 13.880 GC heap after
Heap after GC invocations=13 (full 1):
 PSYoungGen      total 452096K, used 96K [0x00000000d5b80000, 0x00000000f3c80000, 0x0000000100000000)
  eden space 439296K, 0% used [0x00000000d5b80000,0x00000000d5b80000,0x00000000f0880000)
  from space 12800K, 0% used [0x00000000f3000000,0x00000000f3018000,0x00000000f3c80000)
  to   space 26624K, 0% used [0x00000000f0880000,0x00000000f0880000,0x00000000f2280000)
 ParOldGen       total 130048K, used 68113K [0x0000000081200000, 0x0000000089100000, 0x00000000d5b80000)
  object space 130048K, 52% used [0x0000000081200000,0x00000000854845c0,0x0000000089100000)
 Metaspace       used 16489K, capacity 16744K, committed 17024K, reserved 1064960K
  class space    used 1474K, capacity 1568K, committed 1664K, reserved 1048576K
}
Event: 16.913 GC heap before
{Heap before GC invocations=14 (full 1):
 PSYoungGen      total 452096K, used 439392K [0x00000000d5b80000, 0x00000000f3c80000, 0x0000000100000000)
  eden space 439296K, 100% used [0x00000000d5b80000,0x00000000f0880000,0x00000000f0880000)
  from space 12800K, 0% used [0x00000000f3000000,0x00000000f3018000,0x00000000f3c80000)
  to   space 26624K, 0% used [0x00000000f0880000,0x00000000f0880000,0x00000000f2280000)
 ParOldGen       total 130048K, used 68113K [0x0000000081200000, 0x0000000089100000, 0x00000000d5b80000)
  object space 130048K, 52% used [0x0000000081200000,0x00000000854845c0,0x0000000089100000)
 Metaspace       used 16491K, capacity 16744K, committed 17024K, reserved 1064960K
  class space    used 1474K, capacity 1568K, committed 1664K, reserved 1048576K
Event: 16.916 GC heap after
Heap after GC invocations=14 (full 1):
 PSYoungGen      total 465920K, used 32K [0x00000000d5b80000, 0x00000000fc180000, 0x0000000100000000)
  eden space 439296K, 0% used [0x00000000d5b80000,0x00000000d5b80000,0x00000000f0880000)
  from space 26624K, 0% used [0x00000000f0880000,0x00000000f0888000,0x00000000f2280000)
  to   space 25600K, 0% used [0x00000000fa880000,0x00000000fa880000,0x00000000fc180000)
 ParOldGen       total 130048K, used 68121K [0x0000000081200000, 0x0000000089100000, 0x00000000d5b80000)
  object space 130048K, 52% used [0x0000000081200000,0x00000000854865c0,0x0000000089100000)
 Metaspace       used 16491K, capacity 16744K, committed 17024K, reserved 1064960K
  class space    used 1474K, capacity 1568K, committed 1664K, reserved 1048576K
}
Event: 19.913 GC heap before
{Heap before GC invocations=15 (full 1):
 PSYoungGen      total 465920K, used 439328K [0x00000000d5b80000, 0x00000000fc180000, 0x0000000100000000)
  eden space 439296K, 100% used [0x00000000d5b80000,0x00000000f0880000,0x00000000f0880000)
  from space 26624K, 0% used [0x00000000f0880000,0x00000000f0888000,0x00000000f2280000)
  to   space 25600K, 0% used [0x00000000fa880000,0x00000000fa880000,0x00000000fc180000)
 ParOldGen       total 130048K, used 68121K [0x0000000081200000, 0x0000000089100000, 0x00000000d5b80000)
  object space 130048K, 52% used [0x0000000081200000,0x00000000854865c0,0x0000000089100000)
 Metaspace       used 16491K, capacity 16744K, committed 17024K, reserved 1064960K
  class space    used 1474K, capacity 1568K, committed 1664K, reserved 1048576K
Event: 19.916 GC heap after
Heap after GC invocations=15 (full 1):
 PSYoungGen      total 565248K, used 64K [0x00000000d5b80000, 0x00000000fae00000, 0x0000000100000000)
  eden space 559616K, 0% used [0x00000000d5b80000,0x00000000d5b80000,0x00000000f7e00000)
  from space 5632K, 1% used [0x00000000fa880000,0x00000000fa890000,0x00000000fae00000)
  to   space 24576K, 0% used [0x00000000f7e00000,0x00000000f7e00000,0x00000000f9600000)
 ParOldGen       total 130048K, used 68121K [0x0000000081200000, 0x0000000089100000, 0x00000000d5b80000)
  object space 130048K, 52% used [0x0000000081200000,0x00000000854865c0,0x0000000089100000)
 Metaspace       used 16491K, capacity 16744K, committed 17024K, reserved 1064960K
  class space    used 1474K, capacity 1568K, committed 1664K, reserved 1048576K
}
Event: 23.687 GC heap before
{Heap before GC invocations=16 (full 1):
 PSYoungGen      total 565248K, used 559680K [0x00000000d5b80000, 0x00000000fae00000, 0x0000000100000000)
  eden space 559616K, 100% used [0x00000000d5b80000,0x00000000f7e00000,0x00000000f7e00000)
  from space 5632K, 1% used [0x00000000fa880000,0x00000000fa890000,0x00000000fae00000)
  to   space 24576K, 0% used [0x00000000f7e00000,0x00000000f7e00000,0x00000000f9600000)
 ParOldGen       total 130048K, used 68121K [0x0000000081200000, 0x0000000089100000, 0x00000000d5b80000)
  object space 130048K, 52% used [0x0000000081200000,0x00000000854865c0,0x0000000089100000)
 Metaspace       used 16492K, capacity 16744K, committed 17024K, reserved 1064960K
  class space    used 1474K, capacity 1568K, committed 1664K, reserved 1048576K
Event: 23.719 GC heap after
Heap after GC invocations=16 (full 1):
 PSYoungGen      total 584192K, used 64K [0x00000000d5b80000, 0x0000000100000000, 0x0000000100000000)
  eden space 559616K, 0% used [0x00000000d5b80000,0x00000000d5b80000,0x00000000f7e00000)
  from space 24576K, 0% used [0x00000000f7e00000,0x00000000f7e10000,0x00000000f9600000)
  to   space 23552K, 0% used [0x00000000fe900000,0x00000000fe900000,0x0000000100000000)
 ParOldGen       total 130048K, used 68121K [0x0000000081200000, 0x0000000089100000, 0x00000000d5b80000)
  object space 130048K, 52% used [0x0000000081200000,0x00000000854865c0,0x0000000089100000)
 Metaspace       used 16492K, capacity 16744K, committed 17024K, reserved 1064960K
  class space    used 1474K, capacity 1568K, committed 1664K, reserved 1048576K
}

Deoptimization events (10 events):
Event: 4.367 Thread 0x0000000019bcb800 Uncommon trap: reason=unstable_if action=reinterpret pc=0x00000000031537cc method=processingExample.draw()V @ 201
Event: 4.403 Thread 0x0000000019bcb800 Uncommon trap: reason=unstable_if action=reinterpret pc=0x0000000003132b54 method=processingExample.draw()V @ 201
Event: 4.702 Thread 0x0000000019bcb800 Uncommon trap: reason=unstable_if action=reinterpret pc=0x0000000003163208 method=processingExample.draw()V @ 201
Event: 9.286 Thread 0x0000000019bcb800 Uncommon trap: reason=unstable_if action=reinterpret pc=0x00000000031e9ee4 method=processingExample.draw()V @ 494
Event: 9.303 Thread 0x0000000019bcb800 Uncommon trap: reason=unstable_if action=reinterpret pc=0x00000000031e3ca0 method=processingExample.draw()V @ 455
Event: 14.263 Thread 0x0000000019bcb800 Uncommon trap: reason=unstable_if action=reinterpret pc=0x000000000329fac8 method=processingExample.draw()V @ 417
Event: 14.302 Thread 0x0000000019bcb800 Uncommon trap: reason=unstable_if action=reinterpret pc=0x000000000329d848 method=processingExample.draw()V @ 417
Event: 24.264 Thread 0x0000000019536000 Uncommon trap: reason=unstable_if action=reinterpret pc=0x000000000321f258 method=java.util.HashMap.keySet()Ljava/util/Set; @ 6
Event: 24.265 Thread 0x0000000019536000 Uncommon trap: reason=unstable_if action=reinterpret pc=0x000000000314f62c method=java.util.HashMap$HashIterator.<init>(Ljava/util/HashMap;)V @ 38
Event: 25.855 Thread 0x0000000019f8f000 Uncommon trap: reason=unstable_if action=reinterpret pc=0x0000000003329cf0 method=jssc.SerialPort$EventThread.run()V @ 4

Classes redefined (0 events):
No events

Internal exceptions (10 events):
Event: 25.851 Thread 0x0000000019bcb800 Exception <a 'java/io/IOException'> (0x00000000e8c81980) thrown at [C:\re\workspace\8-2-build-windows-amd64-cygwin\jdk8u202\12323\hotspot\src\share\vm\prims\jni.cpp, line 710]
Event: 25.851 Thread 0x0000000019bcb800 Exception <a 'java/io/IOException'> (0x00000000e8c81c40) thrown at [C:\re\workspace\8-2-build-windows-amd64-cygwin\jdk8u202\12323\hotspot\src\share\vm\prims\jni.cpp, line 710]
Event: 25.851 Thread 0x0000000019bcb800 Exception <a 'java/io/IOException'> (0x00000000e8c81ed0) thrown at [C:\re\workspace\8-2-build-windows-amd64-cygwin\jdk8u202\12323\hotspot\src\share\vm\prims\jni.cpp, line 710]
Event: 25.851 Thread 0x0000000019bcb800 Exception <a 'java/io/IOException'> (0x00000000e8c82130) thrown at [C:\re\workspace\8-2-build-windows-amd64-cygwin\jdk8u202\12323\hotspot\src\share\vm\prims\jni.cpp, line 710]
Event: 25.851 Thread 0x0000000019bcb800 Exception <a 'java/io/IOException'> (0x00000000e8c82390) thrown at [C:\re\workspace\8-2-build-windows-amd64-cygwin\jdk8u202\12323\hotspot\src\share\vm\prims\jni.cpp, line 710]
Event: 25.851 Thread 0x0000000019bcb800 Exception <a 'java/io/IOException'> (0x00000000e8c82650) thrown at [C:\re\workspace\8-2-build-windows-amd64-cygwin\jdk8u202\12323\hotspot\src\share\vm\prims\jni.cpp, line 710]
Event: 25.852 Thread 0x0000000019bcb800 Exception <a 'java/io/IOException'> (0x00000000e8c828e0) thrown at [C:\re\workspace\8-2-build-windows-amd64-cygwin\jdk8u202\12323\hotspot\src\share\vm\prims\jni.cpp, line 710]
Event: 25.852 Thread 0x0000000019bcb800 Exception <a 'java/io/IOException'> (0x00000000e8c82b40) thrown at [C:\re\workspace\8-2-build-windows-amd64-cygwin\jdk8u202\12323\hotspot\src\share\vm\prims\jni.cpp, line 710]
Event: 25.852 Thread 0x0000000019bcb800 Exception <a 'java/io/IOException'> (0x00000000e8c82da0) thrown at [C:\re\workspace\8-2-build-windows-amd64-cygwin\jdk8u202\12323\hotspot\src\share\vm\prims\jni.cpp, line 710]
Event: 25.855 Thread 0x0000000019bc7800 Exception <a 'java/lang/InterruptedException'> (0x00000000e8eb1758) thrown at [C:\re\workspace\8-2-build-windows-amd64-cygwin\jdk8u202\12323\hotspot\src\share\vm\runtime\objectMonitor.cpp, line 1684]

Events (10 events):
Event: 24.265 Executing VM operation: RevokeBias
Event: 24.265 Executing VM operation: RevokeBias done
Event: 24.265 Thread 0x0000000019536000 Thread exited: 0x0000000019536000
Event: 25.838 loading class com/jogamp/newt/event/KeyEvent$NonPrintableRange
Event: 25.838 loading class com/jogamp/newt/event/KeyEvent$NonPrintableRange done
Event: 25.855 Thread 0x0000000019bc7800 Thread exited: 0x0000000019bc7800
Event: 25.855 Thread 0x0000000019f8f000 Uncommon trap: trap_request=0xffffff65 fr.pc=0x0000000003329cf0
Event: 25.855 Thread 0x0000000019f8f000 DEOPT PACKING pc=0x0000000003329cf0 sp=0x000000003294f210
Event: 25.855 Thread 0x0000000019f8f000 DEOPT UNPACKING pc=0x0000000002d8583b sp=0x000000003294f1d8 mode 2
Event: 25.856 Thread 0x0000000019f8f000 Thread exited: 0x0000000019f8f000


Dynamic libraries:
0x00007ff755230000 - 0x00007ff755267000 	C:\Users\matsd\Desktop\IMD\Semester-3\Repository\kinect\application\application.windows64\java\bin\javaw.exe
0x00007ffc4cb10000 - 0x00007ffc4ccfd000 	C:\WINDOWS\SYSTEM32\ntdll.dll
0x00007ffc4c5a0000 - 0x00007ffc4c653000 	C:\WINDOWS\System32\KERNEL32.DLL
0x00007ffc498d0000 - 0x00007ffc49b63000 	C:\WINDOWS\System32\KERNELBASE.dll
0x00007ffc49f90000 - 0x00007ffc4a033000 	C:\WINDOWS\System32\ADVAPI32.dll
0x00007ffc4c500000 - 0x00007ffc4c59e000 	C:\WINDOWS\System32\msvcrt.dll
0x00007ffc49ef0000 - 0x00007ffc49f8e000 	C:\WINDOWS\System32\sechost.dll
0x00007ffc4a0f0000 - 0x00007ffc4a212000 	C:\WINDOWS\System32\RPCRT4.dll
0x00007ffc4c2b0000 - 0x00007ffc4c447000 	C:\WINDOWS\System32\USER32.dll
0x00007ffc49b90000 - 0x00007ffc49bb0000 	C:\WINDOWS\System32\win32u.dll
0x00007ffc49eb0000 - 0x00007ffc49ed9000 	C:\WINDOWS\System32\GDI32.dll
0x00007ffc48ee0000 - 0x00007ffc4907a000 	C:\WINDOWS\System32\gdi32full.dll
0x00007ffc48c10000 - 0x00007ffc48cb0000 	C:\WINDOWS\System32\msvcp_win.dll
0x00007ffc497d0000 - 0x00007ffc498cc000 	C:\WINDOWS\System32\ucrtbase.dll
0x00007ffc2fb80000 - 0x00007ffc2fdf9000 	C:\WINDOWS\WinSxS\amd64_microsoft.windows.common-controls_6595b64144ccf1df_6.0.17763.253_none_05b2388e0721fece\COMCTL32.dll
0x00007ffc4bf80000 - 0x00007ffc4c2ad000 	C:\WINDOWS\System32\combase.dll
0x00007ffc49cc0000 - 0x00007ffc49d3e000 	C:\WINDOWS\System32\bcryptPrimitives.dll
0x00007ffc4a040000 - 0x00007ffc4a06e000 	C:\WINDOWS\System32\IMM32.DLL
0x000000006e1a0000 - 0x000000006e272000 	C:\Users\matsd\Desktop\IMD\Semester-3\Repository\kinect\application\application.windows64\java\bin\msvcr100.dll
0x000000006d8f0000 - 0x000000006e195000 	C:\Users\matsd\Desktop\IMD\Semester-3\Repository\kinect\application\application.windows64\java\bin\server\jvm.dll
0x00007ffc4b9f0000 - 0x00007ffc4b9f8000 	C:\WINDOWS\System32\PSAPI.DLL
0x00007ffc284e0000 - 0x00007ffc284e9000 	C:\WINDOWS\SYSTEM32\WSOCK32.dll
0x00007ffc4b980000 - 0x00007ffc4b9ed000 	C:\WINDOWS\System32\WS2_32.dll
0x00007ffc46720000 - 0x00007ffc46744000 	C:\WINDOWS\SYSTEM32\WINMM.dll
0x00007ffc33e10000 - 0x00007ffc33e1a000 	C:\WINDOWS\SYSTEM32\VERSION.dll
0x00007ffc466f0000 - 0x00007ffc4671d000 	C:\WINDOWS\SYSTEM32\WINMMBASE.dll
0x00007ffc48cb0000 - 0x00007ffc48cfa000 	C:\WINDOWS\System32\cfgmgr32.dll
0x00007ffc28270000 - 0x00007ffc2827f000 	C:\Users\matsd\Desktop\IMD\Semester-3\Repository\kinect\application\application.windows64\java\bin\verify.dll
0x00007ffc1b060000 - 0x00007ffc1b089000 	C:\Users\matsd\Desktop\IMD\Semester-3\Repository\kinect\application\application.windows64\java\bin\java.dll
0x00007ffc1bed0000 - 0x00007ffc1bee6000 	C:\Users\matsd\Desktop\IMD\Semester-3\Repository\kinect\application\application.windows64\java\bin\zip.dll
0x00007ffc4a490000 - 0x00007ffc4b97f000 	C:\WINDOWS\System32\SHELL32.dll
0x00007ffc4c450000 - 0x00007ffc4c4f8000 	C:\WINDOWS\System32\shcore.dll
0x00007ffc49080000 - 0x00007ffc497ca000 	C:\WINDOWS\System32\windows.storage.dll
0x00007ffc48bb0000 - 0x00007ffc48bd4000 	C:\WINDOWS\System32\profapi.dll
0x00007ffc48b30000 - 0x00007ffc48b8d000 	C:\WINDOWS\System32\powrprof.dll
0x00007ffc4bbc0000 - 0x00007ffc4bc12000 	C:\WINDOWS\System32\shlwapi.dll
0x00007ffc48b10000 - 0x00007ffc48b21000 	C:\WINDOWS\System32\kernel.appcore.dll
0x00007ffc49b70000 - 0x00007ffc49b87000 	C:\WINDOWS\System32\cryptsp.dll
0x00007ffbeca90000 - 0x00007ffbecc29000 	C:\Users\matsd\Desktop\IMD\Semester-3\Repository\kinect\application\application.windows64\java\bin\awt.dll
0x00007ffc4bcb0000 - 0x00007ffc4bd7b000 	C:\WINDOWS\System32\OLEAUT32.dll
0x00007ffc46820000 - 0x00007ffc468ac000 	C:\WINDOWS\SYSTEM32\apphelp.dll
0x00007ffc46ba0000 - 0x00007ffc46c3c000 	C:\WINDOWS\system32\uxtheme.dll
0x00007ffc49d40000 - 0x00007ffc49eaa000 	C:\WINDOWS\System32\MSCTF.dll
0x00007ffc46c90000 - 0x00007ffc46cbe000 	C:\WINDOWS\system32\dwmapi.dll
0x00007ffc48d00000 - 0x00007ffc48edb000 	C:\WINDOWS\System32\CRYPT32.dll
0x00007ffc48b90000 - 0x00007ffc48ba2000 	C:\WINDOWS\System32\MSASN1.dll
0x00007ffc4ba60000 - 0x00007ffc4bbb5000 	C:\WINDOWS\System32\ole32.dll
0x00007ffc0ceb0000 - 0x00007ffc0cfd7000 	C:\WINDOWS\system32\opengl32.dll
0x00007ffc1ad60000 - 0x00007ffc1ad8c000 	C:\WINDOWS\SYSTEM32\GLU32.dll
0x00007ffc47f00000 - 0x00007ffc47f33000 	C:\WINDOWS\system32\rsaenh.dll
0x00007ffc48be0000 - 0x00007ffc48c06000 	C:\WINDOWS\System32\bcrypt.dll
0x00007ffc48a40000 - 0x00007ffc48a68000 	C:\WINDOWS\SYSTEM32\USERENV.dll
0x00007ffc48570000 - 0x00007ffc4857c000 	C:\WINDOWS\SYSTEM32\CRYPTBASE.dll
0x00007ffc1af00000 - 0x00007ffc1af1a000 	C:\Users\matsd\Desktop\IMD\Semester-3\Repository\kinect\application\application.windows64\java\bin\net.dll
0x00007ffc36300000 - 0x00007ffc364d7000 	C:\WINDOWS\SYSTEM32\urlmon.dll
0x00007ffc36850000 - 0x00007ffc36af8000 	C:\WINDOWS\SYSTEM32\iertutil.dll
0x00007ffc483a0000 - 0x00007ffc48407000 	C:\WINDOWS\system32\mswsock.dll
0x00007ffc48100000 - 0x00007ffc4813d000 	C:\WINDOWS\SYSTEM32\IPHLPAPI.DLL
0x00007ffc4bc20000 - 0x00007ffc4bc28000 	C:\WINDOWS\System32\NSI.dll
0x00007ffc3ba40000 - 0x00007ffc3ba56000 	C:\WINDOWS\SYSTEM32\dhcpcsvc6.DLL
0x00007ffc3d900000 - 0x00007ffc3d91c000 	C:\WINDOWS\SYSTEM32\dhcpcsvc.DLL
0x00007ffc48140000 - 0x00007ffc48206000 	C:\WINDOWS\SYSTEM32\DNSAPI.dll
0x00007ffc19380000 - 0x00007ffc19392000 	C:\Users\matsd\Desktop\IMD\Semester-3\Repository\kinect\application\application.windows64\java\bin\nio.dll
0x00000000637c0000 - 0x00000000637cd000 	C:\Users\matsd\AppData\Local\Temp\jogamp_0000\file_cache\jln7090591462072093310\jln8611266911191744500\natives\windows-amd64\gluegen-rt.dll
0x00007ffc269c0000 - 0x00007ffc269c7000 	C:\Users\matsd\Desktop\IMD\Semester-3\Repository\kinect\application\application.windows64\java\bin\jawt.dll
0x000000006a440000 - 0x000000006a44d000 	C:\Users\matsd\AppData\Local\Temp\jogamp_0000\file_cache\jln7090591462072093310\jln8611266911191744500\natives\windows-amd64\nativewindow_awt.dll
0x000000006c100000 - 0x000000006c10f000 	C:\Users\matsd\AppData\Local\Temp\jogamp_0000\file_cache\jln7090591462072093310\jln8611266911191744500\natives\windows-amd64\nativewindow_win32.dll
0x000000006cbc0000 - 0x000000006cbd3000 	C:\Users\matsd\AppData\Local\Temp\jogamp_0000\file_cache\jln7090591462072093310\jln8611266911191744500\natives\windows-amd64\newt.dll
0x00007ffc2bc50000 - 0x00007ffc2bcfd000 	C:\WINDOWS\SYSTEM32\mscms.dll
0x00007ffc43970000 - 0x00007ffc43980000 	C:\WINDOWS\SYSTEM32\ColorAdapterClient.dll
0x00007ffc18f40000 - 0x00007ffc18f83000 	C:\WINDOWS\SYSTEM32\icm32.dll
0x00007ffc4c660000 - 0x00007ffc4cad5000 	C:\WINDOWS\System32\setupapi.dll
0x00007ffc48920000 - 0x00007ffc48949000 	C:\WINDOWS\SYSTEM32\DEVOBJ.dll
0x00007ffc49c60000 - 0x00007ffc49cb8000 	C:\WINDOWS\System32\WINTRUST.dll
0x0000000064500000 - 0x00000000645b1000 	C:\Users\matsd\AppData\Local\Temp\jogamp_0000\file_cache\jln7090591462072093310\jln8611266911191744500\natives\windows-amd64\jogl_desktop.dll
0x00007ffbec820000 - 0x00007ffbeca90000 	C:\Users\matsd\AppData\Local\Programs\MiKTeX 2.9\miktex\bin\x64\libGLESv2.dll
0x00007ffc3ee80000 - 0x00007ffc3f01e000 	C:\WINDOWS\SYSTEM32\d3d9.dll
0x00007ffc19360000 - 0x00007ffc19376000 	C:\Users\matsd\Desktop\IMD\Semester-3\Repository\kinect\application\application.windows64\java\bin\VCRUNTIME140.dll
0x00007ffc177a0000 - 0x00007ffc1783c000 	C:\Users\matsd\Desktop\IMD\Semester-3\Repository\kinect\application\application.windows64\java\bin\MSVCP140.dll
0x0000000064340000 - 0x00000000643a2000 	C:\Users\matsd\AppData\Local\Temp\jogamp_0000\file_cache\jln7090591462072093310\jln8611266911191744500\natives\windows-amd64\jogl_mobile.dll
0x00007ffbeb930000 - 0x00007ffbec81e000 	C:\WINDOWS\System32\DriverStore\FileRepository\64gh6293.inf_amd64_22fd8f9659edd17f\ig9icd64.dll
0x00007ffc478a0000 - 0x00007ffc47962000 	C:\WINDOWS\SYSTEM32\dxgi.dll
0x00007ffc3fdc0000 - 0x00007ffc41cc1000 	C:\WINDOWS\System32\DriverStore\FileRepository\64gh6293.inf_amd64_22fd8f9659edd17f\igc64.dll
0x00007ffc383f0000 - 0x00007ffc38485000 	C:\WINDOWS\System32\TextInputFramework.dll
0x00007ffc45ee0000 - 0x00007ffc45fc2000 	C:\WINDOWS\System32\CoreMessaging.dll
0x00007ffc44320000 - 0x00007ffc44642000 	C:\WINDOWS\System32\CoreUIComponents.dll
0x00007ffc47be0000 - 0x00007ffc47c11000 	C:\WINDOWS\SYSTEM32\ntmarta.dll
0x00007ffc44180000 - 0x00007ffc442d3000 	C:\WINDOWS\SYSTEM32\wintypes.dll
0x00007ffc3ad80000 - 0x00007ffc3adec000 	C:\WINDOWS\system32\Oleacc.dll
0x0000000071100000 - 0x0000000071125000 	C:\Users\matsd\Desktop\IMD\Semester-3\Repository\kinect\application\application.windows64\lib\jSSC-2.8.dll
0x00007ffbeb790000 - 0x00007ffbeb92c000 	C:\Users\matsd\Desktop\IMD\Semester-3\Repository\kinect\application\application.windows64\lib\Kinect20.Face.dll
0x00007ffc3edd0000 - 0x00007ffc3ee77000 	C:\WINDOWS\SYSTEM32\MSVCP110.dll
0x00007ffc30a40000 - 0x00007ffc30b14000 	C:\WINDOWS\SYSTEM32\MSVCR110.dll
0x00007ffc19340000 - 0x00007ffc19351000 	C:\Users\matsd\Desktop\IMD\Semester-3\Repository\kinect\application\application.windows64\lib\KinectPV2.dll
0x00007ffc18f90000 - 0x00007ffc1904b000 	C:\WINDOWS\SYSTEM32\Kinect20.dll
0x00007ffc3e6c0000 - 0x00007ffc3e8c1000 	C:\WINDOWS\SYSTEM32\MFPlat.DLL
0x00007ffc467c0000 - 0x00007ffc467ef000 	C:\WINDOWS\SYSTEM32\RTWorkQ.DLL
0x00007ffc47580000 - 0x00007ffc4776d000 	C:\WINDOWS\SYSTEM32\dbghelp.dll

VM Arguments:
jvm_args: -Djna.nosys=true -Djava.ext.dirs=C:\Users\matsd\Desktop\IMD\Semester-3\Repository\kinect\application\application.windows64\java\lib\ext -Djava.library.path=C:\Users\matsd\Desktop\IMD\Semester-3\Repository\kinect\application\application.windows64\lib 
java_command: processingExample
java_class_path (initial): lib\processingExample.jar;lib\core.jar;lib\jogl-all.jar;lib\gluegen-rt.jar;lib\jogl-all-natives-windows-amd64.jar;lib\gluegen-rt-natives-windows-amd64.jar;lib\KinectPV2.jar;lib\jssc.jar;lib\serial.jar
Launcher Type: SUN_STANDARD

Environment Variables:
PATH=C:\Program Files (x86)\Common Files\Intel\Shared Libraries\redist\intel64_win\compiler;C:\Program Files (x86)\Common Files\Intel\Shared Libraries\redist\intel64\compiler;C:\ProgramData\Oracle\Java\javapath;C:\WINDOWS\system32;C:\WINDOWS;C:\WINDOWS\System32\Wbem;C:\WINDOWS\System32\WindowsPowerShell\v1.0\;C:\Program Files\Git\cmd;C:\Program Files (x86)\NVIDIA Corporation\PhysX\Common;C:\WINDOWS\system32;C:\WINDOWS;C:\WINDOWS\System32\Wbem;C:\WINDOWS\System32\WindowsPowerShell\v1.0\;C:\WINDOWS\System32\OpenSSH\;C:\Program Files\Microsoft VS Code\bin;C:\Program Files\nodejs\;C:\Program Files (x86)\Yarn\bin\;C:\Program Files\dotnet\;C:\Users\matsd\AppData\Local\Microsoft\WindowsApps;C:\Program Files\Microsoft VS Code\bin;C:\Users\matsd\AppData\Local\Microsoft\WindowsApps;C:\Users\matsd\AppData\Local\GitHubDesktop\bin;C:\Users\matsd\AppData\Local\Programs\MiKTeX 2.9\miktex\bin\x64\;C:\Users\matsd\AppData\Roaming\npm;C:\Users\matsd\AppData\Local\Yarn\bin;;C:\Users\matsd\Desktop\IMD\Semester-3\Repository\kinect\application\application.windows64\java\bin
USERNAME=matsd
OS=Windows_NT
PROCESSOR_IDENTIFIER=Intel64 Family 6 Model 78 Stepping 3, GenuineIntel



---------------  S Y S T E M  ---------------

OS: Windows 10.0 , 64 bit Build 17763 (10.0.17763.1)

CPU:total 4 (initial active 4) (2 cores per cpu, 2 threads per core) family 6 model 78 stepping 3, cmov, cx8, fxsr, mmx, sse, sse2, sse3, ssse3, sse4.1, sse4.2, popcnt, avx, avx2, aes, clmul, erms, rtm, 3dnowpref, lzcnt, ht, tsc, tscinvbit, bmi1, bmi2, adx

Memory: 4k page, physical 8312088k(1939040k free), swap 13430532k(5178648k free)

vm_info: Java HotSpot(TM) 64-Bit Server VM (25.202-b08) for windows-amd64 JRE (1.8.0_202-b08), built on Dec 15 2018 19:54:30 by "java_re" with MS VC++ 10.0 (VS2010)

time: Mon Feb 04 12:53:24 2019
timezone: Mitteleuropäische Zeit
elapsed time: 25 seconds (0d 0h 0m 25s)

