#
# A fatal error has been detected by the Java Runtime Environment:
#
#  EXCEPTION_ACCESS_VIOLATION (0xc0000005) at pc=0x00007ffcda575523, pid=12236, tid=0x00000000000029cc
#
# JRE version: Java(TM) SE Runtime Environment (8.0_202-b08) (build 1.8.0_202-b08)
# Java VM: Java HotSpot(TM) 64-Bit Server VM (25.202-b08 mixed mode windows-amd64 compressed oops)
# Problematic frame:
# C  [KinectPV2.dll+0x5523]
#
# Failed to write core dump. Minidumps are not enabled by default on client versions of Windows
#
# If you would like to submit a bug report, please visit:
#   http://bugreport.java.com/bugreport/crash.jsp
# The crash happened outside the Java Virtual Machine in native code.
# See problematic frame for where to report the bug.
#

---------------  T H R E A D  ---------------

Current thread (0x0000000019ec7800):  JavaThread "main-FPSAWTAnimator#00-Timer0" [_thread_in_native, id=10700, stack(0x0000000028000000,0x0000000028100000)]

siginfo: ExceptionCode=0xc0000005, reading address 0x0000000000000010

Registers:
RAX=0x0000000000000000, RBX=0x0000000026de2770, RCX=0x0000000026de2e70, RDX=0x0000000000e70000
RSP=0x00000000280fe000, RBP=0x0000000000000000, RSI=0x0000000000000006, RDI=0x0000000026de29a0
R8 =0x00000000280fdce8, R9 =0x0000000000008000, R10=0x00000000ffffffff, R11=0x00000000280fdf00
R12=0x0000000000000000, R13=0x00000000338bc060, R14=0x00000000280fe0f0, R15=0x0000000019ec7800
RIP=0x00007ffcda575523, EFLAGS=0x0000000000010202

Top of Stack: (sp=0x00000000280fe000)
0x00000000280fe000:   0000000026de2770 00000000338bc060
0x00000000280fe010:   0000000000000000 00000000194ba970
0x00000000280fe020:   00000000194ba970 00007ffcda57177a
0x00000000280fe030:   00000000280fe0f0 00000000280fe0d0
0x00000000280fe040:   0000000019ec79f8 0000000019ec7800
0x00000000280fe050:   0000000002cc835d 0000000002cd8c67
0x00000000280fe060:   00000000338bc060 0000000019ec7800
0x00000000280fe070:   0000000019ec7800 0000000019ec7800
0x00000000280fe080:   00000000280fe148 0000000002cd8962
0x00000000280fe090:   00000000280fe090 00000000338bc060
0x00000000280fe0a0:   00000000280fe0f0 00000000338bdcf8
0x00000000280fe0b0:   0000000000000000 00000000338bc060
0x00000000280fe0c0:   0000000000000000 00000000280fe0f0
0x00000000280fe0d0:   00000000280fe138 0000000002cc7b30
0x00000000280fe0e0:   0000000000000000 0000000002cd21c0
0x00000000280fe0f0:   0000000084399690 00000000280fe0f8 

Instructions: (pc=0x00007ffcda575523)
0x00007ffcda575503:   48 8b 0f 48 85 c9 74 09 48 8b 01 ff 50 10 48 89
0x00007ffcda575513:   2f 48 8b 8f 90 00 00 00 48 85 c9 74 0d 48 8b 01
0x00007ffcda575523:   ff 50 10 48 89 af 90 00 00 00 48 8b 4f 30 48 85
0x00007ffcda575533:   c9 74 0a 48 8b 01 ff 50 10 48 89 6f 30 48 8b 4f 


Register to memory mapping:

RAX=0x0000000000000000 is an unknown value
RBX=0x0000000026de2770 is an unknown value
RCX=0x0000000026de2e70 is an unknown value
RDX=0x0000000000e70000 is an unknown value
RSP=0x00000000280fe000 is pointing into the stack for thread: 0x0000000019ec7800
RBP=0x0000000000000000 is an unknown value
RSI=0x0000000000000006 is an unknown value
RDI=0x0000000026de29a0 is an unknown value
R8 =0x00000000280fdce8 is pointing into the stack for thread: 0x0000000019ec7800
R9 =0x0000000000008000 is an unknown value
R10=0x00000000ffffffff is an unallocated location in the heap
R11=0x00000000280fdf00 is pointing into the stack for thread: 0x0000000019ec7800
R12=0x0000000000000000 is an unknown value
R13={method} {0x00000000338bc068} 'jniStopSignal' '()Z' in 'KinectPV2/Device'
R14=0x00000000280fe0f0 is pointing into the stack for thread: 0x0000000019ec7800
R15=0x0000000019ec7800 is a thread


Stack: [0x0000000028000000,0x0000000028100000],  sp=0x00000000280fe000,  free space=1016k
Native frames: (J=compiled Java code, j=interpreted, Vv=VM code, C=native code)

Java frames: (J=compiled Java code, j=interpreted, Vv=VM code)
j  KinectPV2.Device.jniStopSignal()Z+0
j  KinectPV2.Device.cleanDevice()Z+1
j  KinectPV2.KinectPV2.dispose()V+10
v  ~StubRoutines::call_stub
j  sun.reflect.NativeMethodAccessorImpl.invoke0(Ljava/lang/reflect/Method;Ljava/lang/Object;[Ljava/lang/Object;)Ljava/lang/Object;+0
j  sun.reflect.NativeMethodAccessorImpl.invoke(Ljava/lang/Object;[Ljava/lang/Object;)Ljava/lang/Object;+100
J 1420 C1 sun.reflect.DelegatingMethodAccessorImpl.invoke(Ljava/lang/Object;[Ljava/lang/Object;)Ljava/lang/Object; (10 bytes) @ 0x00000000031cee04 [0x00000000031ced00+0x104]
J 1419 C1 java.lang.reflect.Method.invoke(Ljava/lang/Object;[Ljava/lang/Object;)Ljava/lang/Object; (62 bytes) @ 0x00000000031cf5ac [0x00000000031cf1c0+0x3ec]
J 1427 C1 processing.core.PApplet$RegisteredMethods.handle([Ljava/lang/Object;)V (87 bytes) @ 0x00000000031d4cf4 [0x00000000031d4b20+0x1d4]
J 1253 C1 processing.core.PApplet.handleMethods(Ljava/lang/String;)V (36 bytes) @ 0x000000000314d46c [0x000000000314d0e0+0x38c]
j  processing.core.PApplet.dispose()V+35
j  processing.opengl.PSurfaceJOGL$DrawListener.display(Lcom/jogamp/opengl/GLAutoDrawable;)V+206
j  jogamp.opengl.GLDrawableHelper.displayImpl(Lcom/jogamp/opengl/GLAutoDrawable;)V+62
j  jogamp.opengl.GLDrawableHelper.display(Lcom/jogamp/opengl/GLAutoDrawable;)V+2
j  jogamp.opengl.GLAutoDrawableBase$2.run()V+59
J 1530 C1 jogamp.opengl.GLDrawableHelper.invokeGLImpl(Lcom/jogamp/opengl/GLDrawable;Lcom/jogamp/opengl/GLContext;Ljava/lang/Runnable;Ljava/lang/Runnable;)V (579 bytes) @ 0x000000000324ba6c [0x000000000324ac20+0xe4c]
j  jogamp.opengl.GLDrawableHelper.invokeGL(Lcom/jogamp/opengl/GLDrawable;Lcom/jogamp/opengl/GLContext;Ljava/lang/Runnable;Ljava/lang/Runnable;)V+72
J 1517 C1 com.jogamp.newt.opengl.GLWindow.display()V (144 bytes) @ 0x000000000322c6c4 [0x000000000322bdc0+0x904]
J 1516 C1 com.jogamp.opengl.util.AWTAnimatorImpl.display(Ljava/util/ArrayList;ZZ)V (170 bytes) @ 0x000000000322332c [0x0000000003222c40+0x6ec]
J 1514 C1 com.jogamp.opengl.util.FPSAnimator$MainTask.run()V (805 bytes) @ 0x0000000003227ec4 [0x0000000003227180+0xd44]
j  java.util.TimerThread.mainLoop()V+221
j  java.util.TimerThread.run()V+1
v  ~StubRoutines::call_stub

---------------  P R O C E S S  ---------------

Java Threads: ( => current thread )
  0x000000000120e000 JavaThread "DestroyJavaVM" [_thread_blocked, id=10748, stack(0x0000000002a70000,0x0000000002b70000)]
=>0x0000000019ec7800 JavaThread "main-FPSAWTAnimator#00-Timer0" [_thread_in_native, id=10700, stack(0x0000000028000000,0x0000000028100000)]
  0x0000000019ec5800 JavaThread "HighResTimerThread" daemon [_thread_blocked, id=3944, stack(0x0000000027e00000,0x0000000027f00000)]
  0x000000001c6d2000 JavaThread "main-SharedResourceRunner" daemon [_thread_blocked, id=236, stack(0x000000001d840000,0x000000001d940000)]
  0x0000000019fdc000 JavaThread "main-Display-.windows_nil-1-EDT-1" daemon [_thread_blocked, id=8448, stack(0x000000001c370000,0x000000001c470000)]
  0x000000001944f000 JavaThread "AWT-Windows" daemon [_thread_in_native, id=13196, stack(0x0000000019b30000,0x0000000019c30000)]
  0x0000000019449800 JavaThread "Java2D Disposer" daemon [_thread_blocked, id=9156, stack(0x0000000019930000,0x0000000019a30000)]
  0x000000001789d000 JavaThread "Service Thread" daemon [_thread_blocked, id=9352, stack(0x00000000195c0000,0x00000000196c0000)]
  0x00000000190d0800 JavaThread "C1 CompilerThread2" daemon [_thread_blocked, id=12724, stack(0x00000000194c0000,0x00000000195c0000)]
  0x0000000017896000 JavaThread "C2 CompilerThread1" daemon [_thread_blocked, id=8644, stack(0x0000000018fc0000,0x00000000190c0000)]
  0x0000000017840000 JavaThread "C2 CompilerThread0" daemon [_thread_blocked, id=1884, stack(0x0000000018ec0000,0x0000000018fc0000)]
  0x000000001783b000 JavaThread "Attach Listener" daemon [_thread_blocked, id=1288, stack(0x0000000018dc0000,0x0000000018ec0000)]
  0x000000001783a000 JavaThread "Signal Dispatcher" daemon [_thread_blocked, id=3248, stack(0x0000000018cc0000,0x0000000018dc0000)]
  0x0000000002cbb800 JavaThread "Finalizer" daemon [_thread_blocked, id=7028, stack(0x0000000018a90000,0x0000000018b90000)]
  0x0000000017829000 JavaThread "Reference Handler" daemon [_thread_blocked, id=2964, stack(0x0000000018990000,0x0000000018a90000)]

Other Threads:
  0x0000000017806800 VMThread [stack: 0x0000000018890000,0x0000000018990000] [id=11696]
  0x00000000190d3000 WatcherThread [stack: 0x00000000196c0000,0x00000000197c0000] [id=9304]

VM state:not at safepoint (normal execution)

VM Mutex/Monitor currently owned by a thread: None

heap address: 0x0000000081200000, size: 2030 MB, Compressed Oops mode: 32-bit
Narrow klass base: 0x0000000000000000, Narrow klass shift: 3
Compressed class space size: 1073741824 Address: 0x0000000100000000

Heap:
 PSYoungGen      total 369664K, used 189516K [0x00000000d5b80000, 0x00000000ef080000, 0x0000000100000000)
  eden space 339968K, 55% used [0x00000000d5b80000,0x00000000e147b0d8,0x00000000ea780000)
  from space 29696K, 0% used [0x00000000ed380000,0x00000000ed398000,0x00000000ef080000)
  to   space 37376K, 0% used [0x00000000ea780000,0x00000000ea780000,0x00000000ecc00000)
 ParOldGen       total 130560K, used 68113K [0x0000000081200000, 0x0000000089180000, 0x00000000d5b80000)
  object space 130560K, 52% used [0x0000000081200000,0x0000000085484720,0x0000000089180000)
 Metaspace       used 16474K, capacity 16744K, committed 17024K, reserved 1064960K
  class space    used 1477K, capacity 1568K, committed 1664K, reserved 1048576K

Card table byte_map: [0x0000000012080000,0x0000000012480000] byte_map_base: 0x0000000011c77000

Marking Bits: (ParMarkBitMap*) 0x0000000055225ce0
 Begin Bits: [0x0000000012b30000, 0x0000000014ae8000)
 End Bits:   [0x0000000014ae8000, 0x0000000016aa0000)

Polling page: 0x00000000011e0000

CodeCache: size=245760Kb used=5710Kb max_used=5710Kb free=240049Kb
 bounds [0x0000000002cc0000, 0x0000000003260000, 0x0000000011cc0000]
 total_blobs=2392 nmethods=1543 adapters=762
 compilation: enabled

Compilation events (10 events):
Event: 12.146 Thread 0x00000000190d0800 1537       3       jogamp.opengl.gl4.GL4bcImpl::glUniform4f (53 bytes)
Event: 12.149 Thread 0x00000000190d0800 nmethod 1537 0x0000000003251e10 code [0x0000000003252060, 0x0000000003252da8]
Event: 12.149 Thread 0x00000000190d0800 1539       3       processing.opengl.PJOGL::uniform3f (15 bytes)
Event: 12.149 Thread 0x00000000190d0800 nmethod 1539 0x0000000003253750 code [0x00000000032538c0, 0x0000000003253ae8]
Event: 12.149 Thread 0x00000000190d0800 1540       3       jogamp.opengl.gl4.GL4bcImpl::glUniform3f (51 bytes)
Event: 12.151 Thread 0x00000000190d0800 nmethod 1540 0x0000000003253bd0 code [0x0000000003253e20, 0x0000000003254b68]
Event: 12.289 Thread 0x00000000190d0800 1542       3       processing.core.PGraphics::backgroundFromCalc (123 bytes)
Event: 12.291 Thread 0x00000000190d0800 nmethod 1542 0x00000000032554d0 code [0x0000000003255660, 0x0000000003255a08]
Event: 12.291 Thread 0x00000000190d0800 1543       3       KinectPV2.Device::getDepthImage (40 bytes)
Event: 12.293 Thread 0x00000000190d0800 nmethod 1543 0x0000000003255a90 code [0x0000000003255c40, 0x00000000032561a8]

GC Heap History (10 events):
Event: 3.654 GC heap before
{Heap before GC invocations=7 (full 1):
 PSYoungGen      total 71680K, used 71672K [0x00000000d5b80000, 0x00000000e2900000, 0x0000000100000000)
  eden space 66560K, 100% used [0x00000000d5b80000,0x00000000d9c80000,0x00000000d9c80000)
  from space 5120K, 99% used [0x00000000d9c80000,0x00000000da17e070,0x00000000da180000)
  to   space 42496K, 0% used [0x00000000dff80000,0x00000000dff80000,0x00000000e2900000)
 ParOldGen       total 130560K, used 62940K [0x0000000081200000, 0x0000000089180000, 0x00000000d5b80000)
  object space 130560K, 48% used [0x0000000081200000,0x0000000084f77170,0x0000000089180000)
 Metaspace       used 16170K, capacity 16424K, committed 16768K, reserved 1064960K
  class space    used 1476K, capacity 1568K, committed 1664K, reserved 1048576K
Event: 3.660 GC heap after
Heap after GC invocations=7 (full 1):
 PSYoungGen      total 168448K, used 5144K [0x00000000d5b80000, 0x00000000e2880000, 0x0000000100000000)
  eden space 126464K, 0% used [0x00000000d5b80000,0x00000000d5b80000,0x00000000dd700000)
  from space 41984K, 12% used [0x00000000dff80000,0x00000000e0486070,0x00000000e2880000)
  to   space 41472K, 0% used [0x00000000dd700000,0x00000000dd700000,0x00000000dff80000)
 ParOldGen       total 130560K, used 62948K [0x0000000081200000, 0x0000000089180000, 0x00000000d5b80000)
  object space 130560K, 48% used [0x0000000081200000,0x0000000084f79170,0x0000000089180000)
 Metaspace       used 16170K, capacity 16424K, committed 16768K, reserved 1064960K
  class space    used 1476K, capacity 1568K, committed 1664K, reserved 1048576K
}
Event: 5.025 GC heap before
{Heap before GC invocations=8 (full 1):
 PSYoungGen      total 168448K, used 130782K [0x00000000d5b80000, 0x00000000e2880000, 0x0000000100000000)
  eden space 126464K, 99% used [0x00000000d5b80000,0x00000000dd6318e0,0x00000000dd700000)
  from space 41984K, 12% used [0x00000000dff80000,0x00000000e0486070,0x00000000e2880000)
  to   space 41472K, 0% used [0x00000000dd700000,0x00000000dd700000,0x00000000dff80000)
 ParOldGen       total 130560K, used 62948K [0x0000000081200000, 0x0000000089180000, 0x00000000d5b80000)
  object space 130560K, 48% used [0x0000000081200000,0x0000000084f79170,0x0000000089180000)
 Metaspace       used 16243K, capacity 16488K, committed 16768K, reserved 1064960K
  class space    used 1476K, capacity 1568K, committed 1664K, reserved 1048576K
Event: 5.029 GC heap after
Heap after GC invocations=8 (full 1):
 PSYoungGen      total 167936K, used 5176K [0x00000000d5b80000, 0x00000000e9180000, 0x0000000100000000)
  eden space 126464K, 0% used [0x00000000d5b80000,0x00000000d5b80000,0x00000000dd700000)
  from space 41472K, 12% used [0x00000000dd700000,0x00000000ddc0e070,0x00000000dff80000)
  to   space 39936K, 0% used [0x00000000e6a80000,0x00000000e6a80000,0x00000000e9180000)
 ParOldGen       total 130560K, used 62956K [0x0000000081200000, 0x0000000089180000, 0x00000000d5b80000)
  object space 130560K, 48% used [0x0000000081200000,0x0000000084f7b170,0x0000000089180000)
 Metaspace       used 16243K, capacity 16488K, committed 16768K, reserved 1064960K
  class space    used 1476K, capacity 1568K, committed 1664K, reserved 1048576K
}
Event: 6.348 GC heap before
{Heap before GC invocations=9 (full 1):
 PSYoungGen      total 167936K, used 131184K [0x00000000d5b80000, 0x00000000e9180000, 0x0000000100000000)
  eden space 126464K, 99% used [0x00000000d5b80000,0x00000000dd68e070,0x00000000dd700000)
  from space 41472K, 12% used [0x00000000dd700000,0x00000000ddc0e070,0x00000000dff80000)
  to   space 39936K, 0% used [0x00000000e6a80000,0x00000000e6a80000,0x00000000e9180000)
 ParOldGen       total 130560K, used 62956K [0x0000000081200000, 0x0000000089180000, 0x00000000d5b80000)
  object space 130560K, 48% used [0x0000000081200000,0x0000000084f7b170,0x0000000089180000)
 Metaspace       used 16314K, capacity 16552K, committed 16768K, reserved 1064960K
  class space    used 1476K, capacity 1568K, committed 1664K, reserved 1048576K
Event: 6.356 GC heap after
Heap after GC invocations=9 (full 1):
 PSYoungGen      total 267264K, used 1792K [0x00000000d5b80000, 0x00000000e8b80000, 0x0000000100000000)
  eden space 233472K, 0% used [0x00000000d5b80000,0x00000000d5b80000,0x00000000e3f80000)
  from space 33792K, 5% used [0x00000000e6a80000,0x00000000e6c40020,0x00000000e8b80000)
  to   space 38912K, 0% used [0x00000000e3f80000,0x00000000e3f80000,0x00000000e6580000)
 ParOldGen       total 130560K, used 66337K [0x0000000081200000, 0x0000000089180000, 0x00000000d5b80000)
  object space 130560K, 50% used [0x0000000081200000,0x00000000852c8700,0x0000000089180000)
 Metaspace       used 16314K, capacity 16552K, committed 16768K, reserved 1064960K
  class space    used 1476K, capacity 1568K, committed 1664K, reserved 1048576K
}
Event: 9.011 GC heap before
{Heap before GC invocations=10 (full 1):
 PSYoungGen      total 267264K, used 235264K [0x00000000d5b80000, 0x00000000e8b80000, 0x0000000100000000)
  eden space 233472K, 100% used [0x00000000d5b80000,0x00000000e3f80000,0x00000000e3f80000)
  from space 33792K, 5% used [0x00000000e6a80000,0x00000000e6c40020,0x00000000e8b80000)
  to   space 38912K, 0% used [0x00000000e3f80000,0x00000000e3f80000,0x00000000e6580000)
 ParOldGen       total 130560K, used 66337K [0x0000000081200000, 0x0000000089180000, 0x00000000d5b80000)
  object space 130560K, 50% used [0x0000000081200000,0x00000000852c8700,0x0000000089180000)
 Metaspace       used 16355K, capacity 16616K, committed 17024K, reserved 1064960K
  class space    used 1476K, capacity 1568K, committed 1664K, reserved 1048576K
Event: 9.016 GC heap after
Heap after GC invocations=10 (full 1):
 PSYoungGen      total 272384K, used 128K [0x00000000d5b80000, 0x00000000ef900000, 0x0000000100000000)
  eden space 233472K, 0% used [0x00000000d5b80000,0x00000000d5b80000,0x00000000e3f80000)
  from space 38912K, 0% used [0x00000000e3f80000,0x00000000e3fa0000,0x00000000e6580000)
  to   space 38400K, 0% used [0x00000000ed380000,0x00000000ed380000,0x00000000ef900000)
 ParOldGen       total 130560K, used 68081K [0x0000000081200000, 0x0000000089180000, 0x00000000d5b80000)
  object space 130560K, 52% used [0x0000000081200000,0x000000008547c720,0x0000000089180000)
 Metaspace       used 16355K, capacity 16616K, committed 17024K, reserved 1064960K
  class space    used 1476K, capacity 1568K, committed 1664K, reserved 1048576K
}
Event: 10.865 GC heap before
{Heap before GC invocations=11 (full 1):
 PSYoungGen      total 272384K, used 233600K [0x00000000d5b80000, 0x00000000ef900000, 0x0000000100000000)
  eden space 233472K, 100% used [0x00000000d5b80000,0x00000000e3f80000,0x00000000e3f80000)
  from space 38912K, 0% used [0x00000000e3f80000,0x00000000e3fa0000,0x00000000e6580000)
  to   space 38400K, 0% used [0x00000000ed380000,0x00000000ed380000,0x00000000ef900000)
 ParOldGen       total 130560K, used 68081K [0x0000000081200000, 0x0000000089180000, 0x00000000d5b80000)
  object space 130560K, 52% used [0x0000000081200000,0x000000008547c720,0x0000000089180000)
 Metaspace       used 16418K, capacity 16680K, committed 17024K, reserved 1064960K
  class space    used 1476K, capacity 1568K, committed 1664K, reserved 1048576K
Event: 10.868 GC heap after
Heap after GC invocations=11 (full 1):
 PSYoungGen      total 369664K, used 96K [0x00000000d5b80000, 0x00000000ef080000, 0x0000000100000000)
  eden space 339968K, 0% used [0x00000000d5b80000,0x00000000d5b80000,0x00000000ea780000)
  from space 29696K, 0% used [0x00000000ed380000,0x00000000ed398000,0x00000000ef080000)
  to   space 37376K, 0% used [0x00000000ea780000,0x00000000ea780000,0x00000000ecc00000)
 ParOldGen       total 130560K, used 68113K [0x0000000081200000, 0x0000000089180000, 0x00000000d5b80000)
  object space 130560K, 52% used [0x0000000081200000,0x0000000085484720,0x0000000089180000)
 Metaspace       used 16418K, capacity 16680K, committed 17024K, reserved 1064960K
  class space    used 1476K, capacity 1568K, committed 1664K, reserved 1048576K
}

Deoptimization events (8 events):
Event: 1.438 Thread 0x000000000120e000 Uncommon trap: reason=unstable_if action=reinterpret pc=0x0000000002f1dc28 method=com.jogamp.opengl.util.PNGPixelRect.read(Ljava/io/InputStream;Lcom/jogamp/nativewindow/util/PixelFormat;ZIZ)Lcom/jogamp/opengl/util/PNGPixelRect; @ 967
Event: 1.706 Thread 0x000000000120e000 Uncommon trap: reason=unstable_if action=reinterpret pc=0x0000000002e7dcf8 method=java.lang.String.startsWith(Ljava/lang/String;I)Z @ 25
Event: 2.137 Thread 0x000000000120e000 Uncommon trap: reason=unstable_if action=reinterpret pc=0x0000000002fe32f4 method=java.lang.reflect.AccessibleObject.setAccessible0(Ljava/lang/reflect/AccessibleObject;Z)V @ 4
Event: 2.321 Thread 0x0000000019ec7800 Uncommon trap: reason=null_assert action=make_not_entrant pc=0x0000000002fa03c8 method=java.util.zip.ZipEntry.<init>(Ljava/util/zip/ZipEntry;)V @ 70
Event: 2.477 Thread 0x0000000019ec7800 Uncommon trap: reason=unstable_if action=reinterpret pc=0x0000000003011b78 method=com.jogamp.common.util.IntIntHashMap.get(I)I @ 28
Event: 2.642 Thread 0x0000000019ec7800 Uncommon trap: reason=predicate action=maybe_recompile pc=0x000000000305e15c method=java.util.regex.Pattern$Slice.match(Ljava/util/regex/Matcher;ILjava/lang/CharSequence;)Z @ 21
Event: 4.703 Thread 0x0000000019ec7800 Uncommon trap: reason=unstable_if action=reinterpret pc=0x00000000030c740c method=processingExample.draw()V @ 201
Event: 4.729 Thread 0x0000000019ec7800 Uncommon trap: reason=unstable_if action=reinterpret pc=0x00000000030bf354 method=processingExample.draw()V @ 201

Classes redefined (0 events):
No events

Internal exceptions (10 events):
Event: 12.320 Thread 0x0000000019ec7800 Exception <a 'java/io/IOException'> (0x00000000e022ff70) thrown at [C:\re\workspace\8-2-build-windows-amd64-cygwin\jdk8u202\12323\hotspot\src\share\vm\prims\jni.cpp, line 710]
Event: 12.320 Thread 0x0000000019ec7800 Exception <a 'java/io/IOException'> (0x00000000e0230230) thrown at [C:\re\workspace\8-2-build-windows-amd64-cygwin\jdk8u202\12323\hotspot\src\share\vm\prims\jni.cpp, line 710]
Event: 12.320 Thread 0x0000000019ec7800 Exception <a 'java/io/IOException'> (0x00000000e02304c0) thrown at [C:\re\workspace\8-2-build-windows-amd64-cygwin\jdk8u202\12323\hotspot\src\share\vm\prims\jni.cpp, line 710]
Event: 12.320 Thread 0x0000000019ec7800 Exception <a 'java/io/IOException'> (0x00000000e0230720) thrown at [C:\re\workspace\8-2-build-windows-amd64-cygwin\jdk8u202\12323\hotspot\src\share\vm\prims\jni.cpp, line 710]
Event: 12.320 Thread 0x0000000019ec7800 Exception <a 'java/io/IOException'> (0x00000000e0230980) thrown at [C:\re\workspace\8-2-build-windows-amd64-cygwin\jdk8u202\12323\hotspot\src\share\vm\prims\jni.cpp, line 710]
Event: 12.321 Thread 0x0000000019ec7800 Exception <a 'java/io/IOException'> (0x00000000e0230c40) thrown at [C:\re\workspace\8-2-build-windows-amd64-cygwin\jdk8u202\12323\hotspot\src\share\vm\prims\jni.cpp, line 710]
Event: 12.321 Thread 0x0000000019ec7800 Exception <a 'java/io/IOException'> (0x00000000e0230ed0) thrown at [C:\re\workspace\8-2-build-windows-amd64-cygwin\jdk8u202\12323\hotspot\src\share\vm\prims\jni.cpp, line 710]
Event: 12.321 Thread 0x0000000019ec7800 Exception <a 'java/io/IOException'> (0x00000000e0231130) thrown at [C:\re\workspace\8-2-build-windows-amd64-cygwin\jdk8u202\12323\hotspot\src\share\vm\prims\jni.cpp, line 710]
Event: 12.321 Thread 0x0000000019ec7800 Exception <a 'java/io/IOException'> (0x00000000e0231390) thrown at [C:\re\workspace\8-2-build-windows-amd64-cygwin\jdk8u202\12323\hotspot\src\share\vm\prims\jni.cpp, line 710]
Event: 12.326 Thread 0x0000000019ec6800 Exception <a 'java/lang/InterruptedException'> (0x00000000e11fd9c0) thrown at [C:\re\workspace\8-2-build-windows-amd64-cygwin\jdk8u202\12323\hotspot\src\share\vm\runtime\objectMonitor.cpp, line 1684]

Events (10 events):
Event: 6.348 Executing VM operation: ParallelGCFailedAllocation
Event: 6.356 Executing VM operation: ParallelGCFailedAllocation done
Event: 9.010 Executing VM operation: ParallelGCFailedAllocation
Event: 9.016 Executing VM operation: ParallelGCFailedAllocation done
Event: 10.864 Executing VM operation: ParallelGCFailedAllocation
Event: 10.868 Executing VM operation: ParallelGCFailedAllocation done
Event: 12.307 loading class com/jogamp/newt/event/KeyEvent$NonPrintableRange
Event: 12.308 loading class com/jogamp/newt/event/KeyEvent$NonPrintableRange done
Event: 12.326 Thread 0x0000000019ec6800 Thread exited: 0x0000000019ec6800
Event: 12.327 Thread 0x000000001a402000 Thread exited: 0x000000001a402000


Dynamic libraries:
0x00007ff646060000 - 0x00007ff646097000 	C:\Users\matsd\Desktop\IMD\Semester-3\Repository\kinect\application\application.windows64\java\bin\javaw.exe
0x00007ffcf3f30000 - 0x00007ffcf411d000 	C:\WINDOWS\SYSTEM32\ntdll.dll
0x00007ffcf1160000 - 0x00007ffcf1213000 	C:\WINDOWS\System32\KERNEL32.DLL
0x00007ffcf0ec0000 - 0x00007ffcf1153000 	C:\WINDOWS\System32\KERNELBASE.dll
0x00007ffcf3620000 - 0x00007ffcf36c3000 	C:\WINDOWS\System32\ADVAPI32.dll
0x00007ffcf3010000 - 0x00007ffcf30ae000 	C:\WINDOWS\System32\msvcrt.dll
0x00007ffcf38a0000 - 0x00007ffcf393e000 	C:\WINDOWS\System32\sechost.dll
0x00007ffcf3cf0000 - 0x00007ffcf3e12000 	C:\WINDOWS\System32\RPCRT4.dll
0x00007ffcf12d0000 - 0x00007ffcf1467000 	C:\WINDOWS\System32\USER32.dll
0x00007ffcf0cf0000 - 0x00007ffcf0d10000 	C:\WINDOWS\System32\win32u.dll
0x00007ffcf35f0000 - 0x00007ffcf3619000 	C:\WINDOWS\System32\GDI32.dll
0x00007ffcf0160000 - 0x00007ffcf02fa000 	C:\WINDOWS\System32\gdi32full.dll
0x00007ffcf0c50000 - 0x00007ffcf0cf0000 	C:\WINDOWS\System32\msvcp_win.dll
0x00007ffcf0dc0000 - 0x00007ffcf0ebc000 	C:\WINDOWS\System32\ucrtbase.dll
0x00007ffcd9f20000 - 0x00007ffcda199000 	C:\WINDOWS\WinSxS\amd64_microsoft.windows.common-controls_6595b64144ccf1df_6.0.17763.253_none_05b2388e0721fece\COMCTL32.dll
0x00007ffcf32c0000 - 0x00007ffcf35ed000 	C:\WINDOWS\System32\combase.dll
0x00007ffcf0d10000 - 0x00007ffcf0d8e000 	C:\WINDOWS\System32\bcryptPrimitives.dll
0x00007ffcf3290000 - 0x00007ffcf32be000 	C:\WINDOWS\System32\IMM32.DLL
0x00000000552b0000 - 0x0000000055382000 	C:\Users\matsd\Desktop\IMD\Semester-3\Repository\kinect\application\application.windows64\java\bin\msvcr100.dll
0x0000000054a00000 - 0x00000000552a5000 	C:\Users\matsd\Desktop\IMD\Semester-3\Repository\kinect\application\application.windows64\java\bin\server\jvm.dll
0x00007ffcf3800000 - 0x00007ffcf3808000 	C:\WINDOWS\System32\PSAPI.DLL
0x00007ffcea680000 - 0x00007ffcea689000 	C:\WINDOWS\SYSTEM32\WSOCK32.dll
0x00007ffcf3220000 - 0x00007ffcf328d000 	C:\WINDOWS\System32\WS2_32.dll
0x00007ffceaf10000 - 0x00007ffceaf34000 	C:\WINDOWS\SYSTEM32\WINMM.dll
0x00007ffce2150000 - 0x00007ffce215a000 	C:\WINDOWS\SYSTEM32\VERSION.dll
0x00007ffceae70000 - 0x00007ffceae9d000 	C:\WINDOWS\SYSTEM32\WINMMBASE.dll
0x00007ffcf0110000 - 0x00007ffcf015a000 	C:\WINDOWS\System32\cfgmgr32.dll
0x00007ffcea270000 - 0x00007ffcea27f000 	C:\Users\matsd\Desktop\IMD\Semester-3\Repository\kinect\application\application.windows64\java\bin\verify.dll
0x00007ffce9e20000 - 0x00007ffce9e49000 	C:\Users\matsd\Desktop\IMD\Semester-3\Repository\kinect\application\application.windows64\java\bin\java.dll
0x00007ffcde1b0000 - 0x00007ffcde1c6000 	C:\Users\matsd\Desktop\IMD\Semester-3\Repository\kinect\application\application.windows64\java\bin\zip.dll
0x00007ffcf1aa0000 - 0x00007ffcf2f8f000 	C:\WINDOWS\System32\SHELL32.dll
0x00007ffcf1220000 - 0x00007ffcf12c8000 	C:\WINDOWS\System32\shcore.dll
0x00007ffcf0300000 - 0x00007ffcf0a4a000 	C:\WINDOWS\System32\windows.storage.dll
0x00007ffceff50000 - 0x00007ffceff74000 	C:\WINDOWS\System32\profapi.dll
0x00007ffceffa0000 - 0x00007ffcefffd000 	C:\WINDOWS\System32\powrprof.dll
0x00007ffcf3c90000 - 0x00007ffcf3ce2000 	C:\WINDOWS\System32\shlwapi.dll
0x00007ffceff30000 - 0x00007ffceff41000 	C:\WINDOWS\System32\kernel.appcore.dll
0x00007ffcf0c30000 - 0x00007ffcf0c47000 	C:\WINDOWS\System32\cryptsp.dll
0x00007ffcc8540000 - 0x00007ffcc86d9000 	C:\Users\matsd\Desktop\IMD\Semester-3\Repository\kinect\application\application.windows64\java\bin\awt.dll
0x00007ffcf3e30000 - 0x00007ffcf3efb000 	C:\WINDOWS\System32\OLEAUT32.dll
0x00007ffcee1e0000 - 0x00007ffcee26c000 	C:\WINDOWS\SYSTEM32\apphelp.dll
0x00007ffcee360000 - 0x00007ffcee3fc000 	C:\WINDOWS\system32\uxtheme.dll
0x00007ffcf30b0000 - 0x00007ffcf321a000 	C:\WINDOWS\System32\MSCTF.dll
0x00007ffcee610000 - 0x00007ffcee63e000 	C:\WINDOWS\system32\dwmapi.dll
0x00007ffcf0a50000 - 0x00007ffcf0c2b000 	C:\WINDOWS\System32\CRYPT32.dll
0x00007ffceff80000 - 0x00007ffceff92000 	C:\WINDOWS\System32\MSASN1.dll
0x00007ffcf3a20000 - 0x00007ffcf3b75000 	C:\WINDOWS\System32\ole32.dll
0x00007ffcd70d0000 - 0x00007ffcd71f7000 	C:\WINDOWS\system32\opengl32.dll
0x00007ffcdd3b0000 - 0x00007ffcdd3dc000 	C:\WINDOWS\SYSTEM32\GLU32.dll
0x00007ffcef380000 - 0x00007ffcef3b3000 	C:\WINDOWS\system32\rsaenh.dll
0x00007ffcf0d90000 - 0x00007ffcf0db6000 	C:\WINDOWS\System32\bcrypt.dll
0x00007ffcefe60000 - 0x00007ffcefe88000 	C:\WINDOWS\SYSTEM32\USERENV.dll
0x00007ffcef990000 - 0x00007ffcef99c000 	C:\WINDOWS\SYSTEM32\CRYPTBASE.dll
0x00007ffcdc7e0000 - 0x00007ffcdc7fa000 	C:\Users\matsd\Desktop\IMD\Semester-3\Repository\kinect\application\application.windows64\java\bin\net.dll
0x00007ffce12b0000 - 0x00007ffce1487000 	C:\WINDOWS\SYSTEM32\urlmon.dll
0x00007ffce1000000 - 0x00007ffce12a8000 	C:\WINDOWS\SYSTEM32\iertutil.dll
0x00007ffcef7c0000 - 0x00007ffcef827000 	C:\WINDOWS\system32\mswsock.dll
0x00007ffcef520000 - 0x00007ffcef55d000 	C:\WINDOWS\SYSTEM32\IPHLPAPI.DLL
0x00007ffcf3e20000 - 0x00007ffcf3e28000 	C:\WINDOWS\System32\NSI.dll
0x00007ffce49e0000 - 0x00007ffce49f6000 	C:\WINDOWS\SYSTEM32\dhcpcsvc6.DLL
0x00007ffce9490000 - 0x00007ffce94ac000 	C:\WINDOWS\SYSTEM32\dhcpcsvc.DLL
0x00007ffcef560000 - 0x00007ffcef626000 	C:\WINDOWS\SYSTEM32\DNSAPI.dll
0x00007ffcdc7c0000 - 0x00007ffcdc7d2000 	C:\Users\matsd\Desktop\IMD\Semester-3\Repository\kinect\application\application.windows64\java\bin\nio.dll
0x00000000637c0000 - 0x00000000637cd000 	C:\Users\matsd\AppData\Local\Temp\jogamp_0000\file_cache\jln6701354500781814996\jln3198289241459023288\natives\windows-amd64\gluegen-rt.dll
0x00007ffce9df0000 - 0x00007ffce9df7000 	C:\Users\matsd\Desktop\IMD\Semester-3\Repository\kinect\application\application.windows64\java\bin\jawt.dll
0x000000006a440000 - 0x000000006a44d000 	C:\Users\matsd\AppData\Local\Temp\jogamp_0000\file_cache\jln6701354500781814996\jln3198289241459023288\natives\windows-amd64\nativewindow_awt.dll
0x000000006c100000 - 0x000000006c10f000 	C:\Users\matsd\AppData\Local\Temp\jogamp_0000\file_cache\jln6701354500781814996\jln3198289241459023288\natives\windows-amd64\nativewindow_win32.dll
0x000000006cbc0000 - 0x000000006cbd3000 	C:\Users\matsd\AppData\Local\Temp\jogamp_0000\file_cache\jln6701354500781814996\jln3198289241459023288\natives\windows-amd64\newt.dll
0x00007ffcd6560000 - 0x00007ffcd660d000 	C:\WINDOWS\SYSTEM32\mscms.dll
0x00007ffce2620000 - 0x00007ffce2630000 	C:\WINDOWS\SYSTEM32\ColorAdapterClient.dll
0x00007ffcdb200000 - 0x00007ffcdb243000 	C:\WINDOWS\SYSTEM32\icm32.dll
0x00007ffcf1620000 - 0x00007ffcf1a95000 	C:\WINDOWS\System32\setupapi.dll
0x00007ffcefd40000 - 0x00007ffcefd69000 	C:\WINDOWS\SYSTEM32\DEVOBJ.dll
0x00007ffcf0000000 - 0x00007ffcf0058000 	C:\WINDOWS\System32\WINTRUST.dll
0x0000000064500000 - 0x00000000645b1000 	C:\Users\matsd\AppData\Local\Temp\jogamp_0000\file_cache\jln6701354500781814996\jln3198289241459023288\natives\windows-amd64\jogl_desktop.dll
0x00007ffca5620000 - 0x00007ffca5890000 	C:\Users\matsd\AppData\Local\Programs\MiKTeX 2.9\miktex\bin\x64\libGLESv2.dll
0x00007ffcea740000 - 0x00007ffcea8de000 	C:\WINDOWS\SYSTEM32\d3d9.dll
0x00007ffcda590000 - 0x00007ffcda5a6000 	C:\Users\matsd\Desktop\IMD\Semester-3\Repository\kinect\application\application.windows64\java\bin\VCRUNTIME140.dll
0x00007ffcc9620000 - 0x00007ffcc96bc000 	C:\Users\matsd\Desktop\IMD\Semester-3\Repository\kinect\application\application.windows64\java\bin\MSVCP140.dll
0x0000000064340000 - 0x00000000643a2000 	C:\Users\matsd\AppData\Local\Temp\jogamp_0000\file_cache\jln6701354500781814996\jln3198289241459023288\natives\windows-amd64\jogl_mobile.dll
0x00007ffc95620000 - 0x00007ffc9650e000 	C:\WINDOWS\System32\DriverStore\FileRepository\64gh6293.inf_amd64_22fd8f9659edd17f\ig9icd64.dll
0x00007ffceecc0000 - 0x00007ffceed82000 	C:\WINDOWS\SYSTEM32\dxgi.dll
0x00007ffce5340000 - 0x00007ffce7241000 	C:\WINDOWS\System32\DriverStore\FileRepository\64gh6293.inf_amd64_22fd8f9659edd17f\igc64.dll
0x00007ffce9940000 - 0x00007ffce99d5000 	C:\WINDOWS\System32\TextInputFramework.dll
0x00007ffcee0c0000 - 0x00007ffcee1a2000 	C:\WINDOWS\System32\CoreMessaging.dll
0x00007ffce89d0000 - 0x00007ffce8cf2000 	C:\WINDOWS\System32\CoreUIComponents.dll
0x00007ffcef000000 - 0x00007ffcef031000 	C:\WINDOWS\SYSTEM32\ntmarta.dll
0x00007ffcec220000 - 0x00007ffcec373000 	C:\WINDOWS\SYSTEM32\wintypes.dll
0x00007ffce1dd0000 - 0x00007ffce1e3c000 	C:\WINDOWS\system32\Oleacc.dll
0x0000000071100000 - 0x0000000071125000 	C:\Users\matsd\Desktop\IMD\Semester-3\Repository\kinect\application\application.windows64\lib\jSSC-2.8.dll
0x00007ffcafb00000 - 0x00007ffcafc9c000 	C:\Users\matsd\Desktop\IMD\Semester-3\Repository\kinect\application\application.windows64\lib\Kinect20.Face.dll
0x00007ffcd6200000 - 0x00007ffcd62d4000 	C:\WINDOWS\SYSTEM32\MSVCR110.dll
0x00007ffcea690000 - 0x00007ffcea737000 	C:\WINDOWS\SYSTEM32\MSVCP110.dll
0x00007ffcda570000 - 0x00007ffcda581000 	C:\Users\matsd\Desktop\IMD\Semester-3\Repository\kinect\application\application.windows64\lib\KinectPV2.dll
0x00007ffcc6360000 - 0x00007ffcc641b000 	C:\WINDOWS\SYSTEM32\Kinect20.dll
0x00007ffce9e80000 - 0x00007ffcea081000 	C:\WINDOWS\SYSTEM32\MFPlat.DLL
0x00007ffcebe00000 - 0x00007ffcebe2f000 	C:\WINDOWS\SYSTEM32\RTWorkQ.DLL
0x00007ffce2ee0000 - 0x00007ffce30cd000 	C:\WINDOWS\SYSTEM32\dbghelp.dll

VM Arguments:
jvm_args: -Djna.nosys=true -Djava.ext.dirs=C:\Users\matsd\Desktop\IMD\Semester-3\Repository\kinect\application\application.windows64\java\lib\ext -Djava.library.path=C:\Users\matsd\Desktop\IMD\Semester-3\Repository\kinect\application\application.windows64\lib 
java_command: processingExample
java_class_path (initial): lib\processingExample.jar;lib\core.jar;lib\jogl-all.jar;lib\gluegen-rt.jar;lib\jogl-all-natives-windows-amd64.jar;lib\gluegen-rt-natives-windows-amd64.jar;lib\KinectPV2.jar;lib\jssc.jar;lib\serial.jar
Launcher Type: SUN_STANDARD

Environment Variables:
PATH=C:\Program Files (x86)\Common Files\Intel\Shared Libraries\redist\intel64_win\compiler;C:\Program Files (x86)\Common Files\Intel\Shared Libraries\redist\intel64\compiler;C:\ProgramData\Oracle\Java\javapath;C:\WINDOWS\system32;C:\WINDOWS;C:\WINDOWS\System32\Wbem;C:\WINDOWS\System32\WindowsPowerShell\v1.0\;C:\Program Files\Git\cmd;C:\Program Files (x86)\NVIDIA Corporation\PhysX\Common;C:\WINDOWS\system32;C:\WINDOWS;C:\WINDOWS\System32\Wbem;C:\WINDOWS\System32\WindowsPowerShell\v1.0\;C:\WINDOWS\System32\OpenSSH\;C:\Program Files\Microsoft VS Code\bin;C:\Program Files\nodejs\;C:\Program Files (x86)\Yarn\bin\;C:\Program Files\dotnet\;C:\Users\matsd\AppData\Local\Microsoft\WindowsApps;C:\Program Files\Microsoft VS Code\bin;C:\Users\matsd\AppData\Local\Microsoft\WindowsApps;C:\Users\matsd\AppData\Local\GitHubDesktop\bin;C:\Users\matsd\AppData\Local\Programs\MiKTeX 2.9\miktex\bin\x64\;C:\Users\matsd\AppData\Roaming\npm;C:\Users\matsd\AppData\Local\Yarn\bin;;C:\Users\matsd\Desktop\IMD\Semester-3\Repository\kinect\application\application.windows64\java\bin
USERNAME=matsd
OS=Windows_NT
PROCESSOR_IDENTIFIER=Intel64 Family 6 Model 78 Stepping 3, GenuineIntel



---------------  S Y S T E M  ---------------

OS: Windows 10.0 , 64 bit Build 17763 (10.0.17763.1)

CPU:total 4 (initial active 4) (2 cores per cpu, 2 threads per core) family 6 model 78 stepping 3, cmov, cx8, fxsr, mmx, sse, sse2, sse3, ssse3, sse4.1, sse4.2, popcnt, avx, avx2, aes, clmul, erms, rtm, 3dnowpref, lzcnt, ht, tsc, tscinvbit, bmi1, bmi2, adx

Memory: 4k page, physical 8312088k(3446468k free), swap 14341400k(7958788k free)

vm_info: Java HotSpot(TM) 64-Bit Server VM (25.202-b08) for windows-amd64 JRE (1.8.0_202-b08), built on Dec 15 2018 19:54:30 by "java_re" with MS VC++ 10.0 (VS2010)

time: Thu Feb 07 14:10:44 2019
timezone: Mitteleuropäische Zeit
elapsed time: 12 seconds (0d 0h 0m 12s)

