#
# A fatal error has been detected by the Java Runtime Environment:
#
#  EXCEPTION_ACCESS_VIOLATION (0xc0000005) at pc=0x00007ffce33e5520, pid=3456, tid=0x0000000000002cf4
#
# JRE version: Java(TM) SE Runtime Environment (8.0_202-b08) (build 1.8.0_202-b08)
# Java VM: Java HotSpot(TM) 64-Bit Server VM (25.202-b08 mixed mode windows-amd64 compressed oops)
# Problematic frame:
# C  [KinectPV2.dll+0x5520]
#
# Failed to write core dump. Minidumps are not enabled by default on client versions of Windows
#
# If you would like to submit a bug report, please visit:
#   http://bugreport.java.com/bugreport/crash.jsp
# The crash happened outside the Java Virtual Machine in native code.
# See problematic frame for where to report the bug.
#

---------------  T H R E A D  ---------------

Current thread (0x0000000019666800):  JavaThread "main-FPSAWTAnimator#00-Timer0" [_thread_in_native, id=11508, stack(0x0000000027b20000,0x0000000027c20000)]

siginfo: ExceptionCode=0xc0000005, reading address 0x0000000000000003

Registers:
RAX=0x0000000000000001, RBX=0x00000000268eadc0, RCX=0x0000000000000003, RDX=0x0000000000990000
RSP=0x0000000027c1dbd0, RBP=0x0000000000000000, RSI=0x0000000000000005, RDI=0x00000000268eaff8
R8 =0x0000000027c1d8b8, R9 =0x0000000000008000, R10=0x00000000ffffffff, R11=0x0000000027c1dad0
R12=0x0000000000000000, R13=0x00000000333dc220, R14=0x0000000027c1dcc0, R15=0x0000000019666800
RIP=0x00007ffce33e5520, EFLAGS=0x0000000000010206

Top of Stack: (sp=0x0000000027c1dbd0)
0x0000000027c1dbd0:   00000000268eadc0 00000000333dc220
0x0000000027c1dbe0:   0000000000000000 00000000195c37f0
0x0000000027c1dbf0:   00000000195c37f0 00007ffce33e177a
0x0000000027c1dc00:   0000000027c1dcc0 0000000027c1dca0
0x0000000027c1dc10:   00000000196669f8 0000000019666800
0x0000000027c1dc20:   000000000283835d 0000000002848c67
0x0000000027c1dc30:   00000000333dc220 0000000019666800
0x0000000027c1dc40:   0000000019666800 0000000019666800
0x0000000027c1dc50:   0000000027c1dd18 0000000002848962
0x0000000027c1dc60:   0000000027c1dc60 00000000333dc220
0x0000000027c1dc70:   0000000027c1dcc0 00000000333ddeb8
0x0000000027c1dc80:   0000000000000000 00000000333dc220
0x0000000027c1dc90:   0000000000000000 0000000027c1dcc0
0x0000000027c1dca0:   0000000027c1dd08 0000000002837b30
0x0000000027c1dcb0:   0000000000000000 00000000028421c0
0x0000000027c1dcc0:   00000000843b93b8 0000000027c1dcc8 

Instructions: (pc=0x00007ffce33e5520)
0x00007ffce33e5500:   89 6f d0 48 8b 0f 48 85 c9 74 09 48 8b 01 ff 50
0x00007ffce33e5510:   10 48 89 2f 48 8b 8f 90 00 00 00 48 85 c9 74 0d
0x00007ffce33e5520:   48 8b 01 ff 50 10 48 89 af 90 00 00 00 48 8b 4f
0x00007ffce33e5530:   30 48 85 c9 74 0a 48 8b 01 ff 50 10 48 89 6f 30 


Register to memory mapping:

RAX=0x0000000000000001 is an unknown value
RBX=0x00000000268eadc0 is an unknown value
RCX=0x0000000000000003 is an unknown value
RDX=0x0000000000990000 is an unknown value
RSP=0x0000000027c1dbd0 is pointing into the stack for thread: 0x0000000019666800
RBP=0x0000000000000000 is an unknown value
RSI=0x0000000000000005 is an unknown value
RDI=0x00000000268eaff8 is an unknown value
R8 =0x0000000027c1d8b8 is pointing into the stack for thread: 0x0000000019666800
R9 =0x0000000000008000 is an unknown value
R10=0x00000000ffffffff is an unallocated location in the heap
R11=0x0000000027c1dad0 is pointing into the stack for thread: 0x0000000019666800
R12=0x0000000000000000 is an unknown value
R13={method} {0x00000000333dc228} 'jniStopSignal' '()Z' in 'KinectPV2/Device'
R14=0x0000000027c1dcc0 is pointing into the stack for thread: 0x0000000019666800
R15=0x0000000019666800 is a thread


Stack: [0x0000000027b20000,0x0000000027c20000],  sp=0x0000000027c1dbd0,  free space=1014k
Native frames: (J=compiled Java code, j=interpreted, Vv=VM code, C=native code)

Java frames: (J=compiled Java code, j=interpreted, Vv=VM code)
j  KinectPV2.Device.jniStopSignal()Z+0
j  KinectPV2.Device.cleanDevice()Z+1
j  KinectPV2.KinectPV2.dispose()V+10
v  ~StubRoutines::call_stub
j  sun.reflect.NativeMethodAccessorImpl.invoke0(Ljava/lang/reflect/Method;Ljava/lang/Object;[Ljava/lang/Object;)Ljava/lang/Object;+0
j  sun.reflect.NativeMethodAccessorImpl.invoke(Ljava/lang/Object;[Ljava/lang/Object;)Ljava/lang/Object;+100
J 1392 C1 sun.reflect.DelegatingMethodAccessorImpl.invoke(Ljava/lang/Object;[Ljava/lang/Object;)Ljava/lang/Object; (10 bytes) @ 0x0000000002d20944 [0x0000000002d20840+0x104]
J 1391 C1 java.lang.reflect.Method.invoke(Ljava/lang/Object;[Ljava/lang/Object;)Ljava/lang/Object; (62 bytes) @ 0x0000000002d210ec [0x0000000002d20d00+0x3ec]
j  processing.core.PApplet$RegisteredMethods.handle([Ljava/lang/Object;)V+18
j  processing.core.PApplet$RegisteredMethods.handle()V+5
j  processing.core.PApplet.handleMethods(Ljava/lang/String;)V+24
j  processing.core.PApplet.dispose()V+35
J 1548 C1 processing.opengl.PSurfaceJOGL$DrawListener.display(Lcom/jogamp/opengl/GLAutoDrawable;)V (220 bytes) @ 0x0000000002dc18a4 [0x0000000002dc0d20+0xb84]
J 1547 C1 jogamp.opengl.GLDrawableHelper.displayImpl(Lcom/jogamp/opengl/GLAutoDrawable;)V (86 bytes) @ 0x0000000002dbe804 [0x0000000002dbdec0+0x944]
J 1545 C1 jogamp.opengl.GLAutoDrawableBase$2.run()V (73 bytes) @ 0x0000000002dbff3c [0x0000000002dbfb60+0x3dc]
J 1559 C1 jogamp.opengl.GLDrawableHelper.invokeGLImpl(Lcom/jogamp/opengl/GLDrawable;Lcom/jogamp/opengl/GLContext;Ljava/lang/Runnable;Ljava/lang/Runnable;)V (579 bytes) @ 0x0000000002dce8ec [0x0000000002dcdaa0+0xe4c]
J 1533 C1 jogamp.opengl.GLDrawableHelper.invokeGL(Lcom/jogamp/opengl/GLDrawable;Lcom/jogamp/opengl/GLContext;Ljava/lang/Runnable;Ljava/lang/Runnable;)V (76 bytes) @ 0x0000000002db6404 [0x0000000002db6340+0xc4]
J 1496 C1 com.jogamp.newt.opengl.GLWindow.display()V (144 bytes) @ 0x0000000002d8f5c4 [0x0000000002d8ecc0+0x904]
J 1495 C1 com.jogamp.opengl.util.AWTAnimatorImpl.display(Ljava/util/ArrayList;ZZ)V (170 bytes) @ 0x0000000002d8812c [0x0000000002d87a40+0x6ec]
J 1493 C1 com.jogamp.opengl.util.FPSAnimator$MainTask.run()V (805 bytes) @ 0x0000000002d8adc4 [0x0000000002d8a080+0xd44]
j  java.util.TimerThread.mainLoop()V+221
j  java.util.TimerThread.run()V+1
v  ~StubRoutines::call_stub

---------------  P R O C E S S  ---------------

Java Threads: ( => current thread )
  0x000000000262e000 JavaThread "DestroyJavaVM" [_thread_blocked, id=9520, stack(0x0000000002630000,0x0000000002730000)]
=>0x0000000019666800 JavaThread "main-FPSAWTAnimator#00-Timer0" [_thread_in_native, id=11508, stack(0x0000000027b20000,0x0000000027c20000)]
  0x0000000019663800 JavaThread "HighResTimerThread" daemon [_thread_blocked, id=12220, stack(0x0000000027920000,0x0000000027a20000)]
  0x0000000019a2e800 JavaThread "main-SharedResourceRunner" daemon [_thread_blocked, id=12584, stack(0x000000001c4b0000,0x000000001c5b0000)]
  0x00000000197ea800 JavaThread "main-Display-.windows_nil-1-EDT-1" daemon [_thread_blocked, id=13272, stack(0x000000001bfb0000,0x000000001c0b0000)]
  0x00000000190e9000 JavaThread "AWT-Windows" daemon [_thread_in_native, id=11932, stack(0x0000000019eb0000,0x0000000019fb0000)]
  0x00000000190e3800 JavaThread "Java2D Disposer" daemon [_thread_blocked, id=12748, stack(0x0000000019cb0000,0x0000000019db0000)]
  0x0000000018d73800 JavaThread "Service Thread" daemon [_thread_blocked, id=8612, stack(0x0000000019140000,0x0000000019240000)]
  0x00000000173bb800 JavaThread "C1 CompilerThread2" daemon [_thread_blocked, id=11836, stack(0x0000000018c40000,0x0000000018d40000)]
  0x00000000173b8800 JavaThread "C2 CompilerThread1" daemon [_thread_blocked, id=10044, stack(0x0000000018b40000,0x0000000018c40000)]
  0x00000000173b0000 JavaThread "C2 CompilerThread0" daemon [_thread_blocked, id=7752, stack(0x0000000018a40000,0x0000000018b40000)]
  0x00000000173ab000 JavaThread "Attach Listener" daemon [_thread_blocked, id=7288, stack(0x0000000018940000,0x0000000018a40000)]
  0x00000000173aa000 JavaThread "Signal Dispatcher" daemon [_thread_blocked, id=764, stack(0x0000000018840000,0x0000000018940000)]
  0x000000000282b800 JavaThread "Finalizer" daemon [_thread_blocked, id=11876, stack(0x0000000018610000,0x0000000018710000)]
  0x0000000017399000 JavaThread "Reference Handler" daemon [_thread_blocked, id=3008, stack(0x0000000018510000,0x0000000018610000)]

Other Threads:
  0x0000000017376800 VMThread [stack: 0x0000000018410000,0x0000000018510000] [id=12716]
  0x0000000018d91000 WatcherThread [stack: 0x0000000019240000,0x0000000019340000] [id=9172]

VM state:not at safepoint (normal execution)

VM Mutex/Monitor currently owned by a thread: None

heap address: 0x0000000081200000, size: 2030 MB, Compressed Oops mode: 32-bit
Narrow klass base: 0x0000000000000000, Narrow klass shift: 3
Compressed class space size: 1073741824 Address: 0x0000000100000000

Heap:
 PSYoungGen      total 500736K, used 491695K [0x00000000d5b80000, 0x00000000fc000000, 0x0000000100000000)
  eden space 500224K, 98% used [0x00000000d5b80000,0x00000000f3b9bdc0,0x00000000f4400000)
  from space 512K, 12% used [0x00000000fbf80000,0x00000000fbf90000,0x00000000fc000000)
  to   space 18432K, 0% used [0x00000000f9c00000,0x00000000f9c00000,0x00000000fae00000)
 ParOldGen       total 130560K, used 68178K [0x0000000081200000, 0x0000000089180000, 0x00000000d5b80000)
  object space 130560K, 52% used [0x0000000081200000,0x0000000085494b68,0x0000000089180000)
 Metaspace       used 16498K, capacity 16712K, committed 16896K, reserved 1064960K
  class space    used 1469K, capacity 1536K, committed 1536K, reserved 1048576K

Card table byte_map: [0x0000000011bf0000,0x0000000011ff0000] byte_map_base: 0x00000000117e7000

Marking Bits: (ParMarkBitMap*) 0x0000000055225ce0
 Begin Bits: [0x00000000126a0000, 0x0000000014658000)
 End Bits:   [0x0000000014658000, 0x0000000016610000)

Polling page: 0x0000000000930000

CodeCache: size=245760Kb used=6155Kb max_used=6176Kb free=239604Kb
 bounds [0x0000000002830000, 0x0000000002e50000, 0x0000000011830000]
 total_blobs=2495 nmethods=1651 adapters=757
 compilation: enabled

Compilation events (10 events):
Event: 52.181 Thread 0x00000000173b0000 nmethod 1667 0x0000000002944510 code [0x0000000002944660, 0x0000000002944788]
Event: 52.189 Thread 0x00000000173b8800 nmethod 1666 0x0000000002962bd0 code [0x0000000002962d40, 0x00000000029631c8]
Event: 61.041 Thread 0x00000000173b0000 1668       4       processing.opengl.PGL::drawTexture2D (628 bytes)
Event: 61.354 Thread 0x00000000173b0000 nmethod 1668 0x0000000002e3cf90 code [0x0000000002e3d540, 0x0000000002e41d10]
Event: 63.734 Thread 0x00000000173b8800 1669       4       jogamp.newt.DisplayImpl$7::run (8 bytes)
Event: 63.734 Thread 0x00000000173b0000 1670   !   4       jogamp.newt.DisplayImpl::dispatchMessages (125 bytes)
Event: 63.736 Thread 0x00000000173b8800 nmethod 1669 0x0000000002930010 code [0x0000000002930160, 0x0000000002930248]
Event: 63.736 Thread 0x00000000173b0000 nmethod 1670 0x000000000292f5d0 code [0x000000000292f720, 0x000000000292f7e8]
Event: 63.736 Thread 0x00000000173b0000 1671       4       jogamp.newt.driver.windows.DisplayDriver::dispatchMessagesNative (4 bytes)
Event: 63.737 Thread 0x00000000173b0000 nmethod 1671 0x0000000002e32790 code [0x0000000002e328e0, 0x0000000002e32968]

GC Heap History (10 events):
Event: 44.532 GC heap before
{Heap before GC invocations=21 (full 1):
 PSYoungGen      total 662016K, used 635366K [0x00000000d5b80000, 0x00000000fff80000, 0x0000000100000000)
  eden space 635392K, 99% used [0x00000000d5b80000,0x00000000fc7e1a00,0x00000000fc800000)
  from space 26624K, 0% used [0x00000000fc800000,0x00000000fc818000,0x00000000fe200000)
  to   space 25088K, 0% used [0x00000000fe700000,0x00000000fe700000,0x00000000fff80000)
 ParOldGen       total 130560K, used 68178K [0x0000000081200000, 0x0000000089180000, 0x00000000d5b80000)
  object space 130560K, 52% used [0x0000000081200000,0x0000000085494b68,0x0000000089180000)
 Metaspace       used 16497K, capacity 16712K, committed 16896K, reserved 1064960K
  class space    used 1469K, capacity 1536K, committed 1536K, reserved 1048576K
Event: 44.533 GC heap after
Heap after GC invocations=21 (full 1):
 PSYoungGen      total 606208K, used 32K [0x00000000d5b80000, 0x00000000fe780000, 0x0000000100000000)
  eden space 605696K, 0% used [0x00000000d5b80000,0x00000000d5b80000,0x00000000fab00000)
  from space 512K, 6% used [0x00000000fe700000,0x00000000fe708000,0x00000000fe780000)
  to   space 23552K, 0% used [0x00000000fb980000,0x00000000fb980000,0x00000000fd080000)
 ParOldGen       total 130560K, used 68178K [0x0000000081200000, 0x0000000089180000, 0x00000000d5b80000)
  object space 130560K, 52% used [0x0000000081200000,0x0000000085494b68,0x0000000089180000)
 Metaspace       used 16497K, capacity 16712K, committed 16896K, reserved 1064960K
  class space    used 1469K, capacity 1536K, committed 1536K, reserved 1048576K
}
Event: 48.383 GC heap before
{Heap before GC invocations=22 (full 1):
 PSYoungGen      total 606208K, used 605728K [0x00000000d5b80000, 0x00000000fe780000, 0x0000000100000000)
  eden space 605696K, 100% used [0x00000000d5b80000,0x00000000fab00000,0x00000000fab00000)
  from space 512K, 6% used [0x00000000fe700000,0x00000000fe708000,0x00000000fe780000)
  to   space 23552K, 0% used [0x00000000fb980000,0x00000000fb980000,0x00000000fd080000)
 ParOldGen       total 130560K, used 68178K [0x0000000081200000, 0x0000000089180000, 0x00000000d5b80000)
  object space 130560K, 52% used [0x0000000081200000,0x0000000085494b68,0x0000000089180000)
 Metaspace       used 16497K, capacity 16712K, committed 16896K, reserved 1064960K
  class space    used 1469K, capacity 1536K, committed 1536K, reserved 1048576K
Event: 48.384 GC heap after
Heap after GC invocations=22 (full 1):
 PSYoungGen      total 601088K, used 96K [0x00000000d5b80000, 0x00000000fe780000, 0x0000000100000000)
  eden space 577536K, 0% used [0x00000000d5b80000,0x00000000d5b80000,0x00000000f8f80000)
  from space 23552K, 0% used [0x00000000fb980000,0x00000000fb998000,0x00000000fd080000)
  to   space 22016K, 0% used [0x00000000fd200000,0x00000000fd200000,0x00000000fe780000)
 ParOldGen       total 130560K, used 68178K [0x0000000081200000, 0x0000000089180000, 0x00000000d5b80000)
  object space 130560K, 52% used [0x0000000081200000,0x0000000085494b68,0x0000000089180000)
 Metaspace       used 16497K, capacity 16712K, committed 16896K, reserved 1064960K
  class space    used 1469K, capacity 1536K, committed 1536K, reserved 1048576K
}
Event: 51.954 GC heap before
{Heap before GC invocations=23 (full 1):
 PSYoungGen      total 601088K, used 577632K [0x00000000d5b80000, 0x00000000fe780000, 0x0000000100000000)
  eden space 577536K, 100% used [0x00000000d5b80000,0x00000000f8f80000,0x00000000f8f80000)
  from space 23552K, 0% used [0x00000000fb980000,0x00000000fb998000,0x00000000fd080000)
  to   space 22016K, 0% used [0x00000000fd200000,0x00000000fd200000,0x00000000fe780000)
 ParOldGen       total 130560K, used 68178K [0x0000000081200000, 0x0000000089180000, 0x00000000d5b80000)
  object space 130560K, 52% used [0x0000000081200000,0x0000000085494b68,0x0000000089180000)
 Metaspace       used 16497K, capacity 16712K, committed 16896K, reserved 1064960K
  class space    used 1469K, capacity 1536K, committed 1536K, reserved 1048576K
Event: 51.955 GC heap after
Heap after GC invocations=23 (full 1):
 PSYoungGen      total 550912K, used 96K [0x00000000d5b80000, 0x00000000fd280000, 0x0000000100000000)
  eden space 550400K, 0% used [0x00000000d5b80000,0x00000000d5b80000,0x00000000f7500000)
  from space 512K, 18% used [0x00000000fd200000,0x00000000fd218000,0x00000000fd280000)
  to   space 20992K, 0% used [0x00000000fa980000,0x00000000fa980000,0x00000000fbe00000)
 ParOldGen       total 130560K, used 68178K [0x0000000081200000, 0x0000000089180000, 0x00000000d5b80000)
  object space 130560K, 52% used [0x0000000081200000,0x0000000085494b68,0x0000000089180000)
 Metaspace       used 16497K, capacity 16712K, committed 16896K, reserved 1064960K
  class space    used 1469K, capacity 1536K, committed 1536K, reserved 1048576K
}
Event: 55.803 GC heap before
{Heap before GC invocations=24 (full 1):
 PSYoungGen      total 550912K, used 550496K [0x00000000d5b80000, 0x00000000fd280000, 0x0000000100000000)
  eden space 550400K, 100% used [0x00000000d5b80000,0x00000000f7500000,0x00000000f7500000)
  from space 512K, 18% used [0x00000000fd200000,0x00000000fd218000,0x00000000fd280000)
  to   space 20992K, 0% used [0x00000000fa980000,0x00000000fa980000,0x00000000fbe00000)
 ParOldGen       total 130560K, used 68178K [0x0000000081200000, 0x0000000089180000, 0x00000000d5b80000)
  object space 130560K, 52% used [0x0000000081200000,0x0000000085494b68,0x0000000089180000)
 Metaspace       used 16497K, capacity 16712K, committed 16896K, reserved 1064960K
  class space    used 1469K, capacity 1536K, committed 1536K, reserved 1048576K
Event: 55.806 GC heap after
Heap after GC invocations=24 (full 1):
 PSYoungGen      total 545792K, used 96K [0x00000000d5b80000, 0x00000000fd280000, 0x0000000100000000)
  eden space 524800K, 0% used [0x00000000d5b80000,0x00000000d5b80000,0x00000000f5c00000)
  from space 20992K, 0% used [0x00000000fa980000,0x00000000fa998000,0x00000000fbe00000)
  to   space 19456K, 0% used [0x00000000fbf80000,0x00000000fbf80000,0x00000000fd280000)
 ParOldGen       total 130560K, used 68178K [0x0000000081200000, 0x0000000089180000, 0x00000000d5b80000)
  object space 130560K, 52% used [0x0000000081200000,0x0000000085494b68,0x0000000089180000)
 Metaspace       used 16497K, capacity 16712K, committed 16896K, reserved 1064960K
  class space    used 1469K, capacity 1536K, committed 1536K, reserved 1048576K
}
Event: 59.941 GC heap before
{Heap before GC invocations=25 (full 1):
 PSYoungGen      total 545792K, used 524772K [0x00000000d5b80000, 0x00000000fd280000, 0x0000000100000000)
  eden space 524800K, 99% used [0x00000000d5b80000,0x00000000f5be1280,0x00000000f5c00000)
  from space 20992K, 0% used [0x00000000fa980000,0x00000000fa998000,0x00000000fbe00000)
  to   space 19456K, 0% used [0x00000000fbf80000,0x00000000fbf80000,0x00000000fd280000)
 ParOldGen       total 130560K, used 68178K [0x0000000081200000, 0x0000000089180000, 0x00000000d5b80000)
  object space 130560K, 52% used [0x0000000081200000,0x0000000085494b68,0x0000000089180000)
 Metaspace       used 16497K, capacity 16712K, committed 16896K, reserved 1064960K
  class space    used 1469K, capacity 1536K, committed 1536K, reserved 1048576K
Event: 59.944 GC heap after
Heap after GC invocations=25 (full 1):
 PSYoungGen      total 500736K, used 64K [0x00000000d5b80000, 0x00000000fc000000, 0x0000000100000000)
  eden space 500224K, 0% used [0x00000000d5b80000,0x00000000d5b80000,0x00000000f4400000)
  from space 512K, 12% used [0x00000000fbf80000,0x00000000fbf90000,0x00000000fc000000)
  to   space 18432K, 0% used [0x00000000f9c00000,0x00000000f9c00000,0x00000000fae00000)
 ParOldGen       total 130560K, used 68178K [0x0000000081200000, 0x0000000089180000, 0x00000000d5b80000)
  object space 130560K, 52% used [0x0000000081200000,0x0000000085494b68,0x0000000089180000)
 Metaspace       used 16497K, capacity 16712K, committed 16896K, reserved 1064960K
  class space    used 1469K, capacity 1536K, committed 1536K, reserved 1048576K
}

Deoptimization events (9 events):
Event: 1.336 Thread 0x000000000262e000 Uncommon trap: reason=unstable_if action=reinterpret pc=0x00000000029e2738 method=java.lang.String.startsWith(Ljava/lang/String;I)Z @ 25
Event: 1.706 Thread 0x000000000262e000 Uncommon trap: reason=unstable_if action=reinterpret pc=0x0000000002b46674 method=java.lang.reflect.AccessibleObject.setAccessible0(Ljava/lang/reflect/AccessibleObject;Z)V @ 4
Event: 1.882 Thread 0x0000000019666800 Uncommon trap: reason=null_assert action=make_not_entrant pc=0x0000000002b0427c method=java.util.zip.ZipEntry.<init>(Ljava/util/zip/ZipEntry;)V @ 70
Event: 2.093 Thread 0x0000000019666800 Uncommon trap: reason=unstable_if action=reinterpret pc=0x0000000002b75438 method=com.jogamp.common.util.IntIntHashMap.get(I)I @ 28
Event: 2.277 Thread 0x0000000019666800 Uncommon trap: reason=unstable_if action=reinterpret pc=0x0000000002b904f0 method=processing.opengl.Texture.convertToRGBA([IIII)V @ 219
Event: 2.286 Thread 0x0000000019666800 Uncommon trap: reason=predicate action=maybe_recompile pc=0x0000000002bbfe5c method=java.util.regex.Pattern$Slice.match(Ljava/util/regex/Matcher;ILjava/lang/CharSequence;)Z @ 21
Event: 8.611 Thread 0x000000001980b800 Uncommon trap: reason=unstable_if action=reinterpret pc=0x0000000002c473ec method=java.util.HashMap$HashIterator.<init>(Ljava/util/HashMap;)V @ 38
Event: 15.129 Thread 0x000000001980e000 Uncommon trap: reason=unstable_if action=reinterpret pc=0x0000000002c48c04 method=java.util.HashMap$HashIterator.<init>(Ljava/util/HashMap;)V @ 38
Event: 63.807 Thread 0x0000000019666800 Uncommon trap: reason=unstable_if action=reinterpret pc=0x0000000002e180c0 method=java.lang.reflect.Method.invoke(Ljava/lang/Object;[Ljava/lang/Object;)Ljava/lang/Object; @ 45

Classes redefined (0 events):
No events

Internal exceptions (10 events):
Event: 63.798 Thread 0x0000000019666800 Exception <a 'java/io/IOException'> (0x00000000f3529338) thrown at [C:\re\workspace\8-2-build-windows-amd64-cygwin\jdk8u202\12323\hotspot\src\share\vm\prims\jni.cpp, line 710]
Event: 63.798 Thread 0x0000000019666800 Exception <a 'java/io/IOException'> (0x00000000f35295c8) thrown at [C:\re\workspace\8-2-build-windows-amd64-cygwin\jdk8u202\12323\hotspot\src\share\vm\prims\jni.cpp, line 710]
Event: 63.798 Thread 0x0000000019666800 Exception <a 'java/io/IOException'> (0x00000000f3529828) thrown at [C:\re\workspace\8-2-build-windows-amd64-cygwin\jdk8u202\12323\hotspot\src\share\vm\prims\jni.cpp, line 710]
Event: 63.798 Thread 0x0000000019666800 Exception <a 'java/io/IOException'> (0x00000000f3529a88) thrown at [C:\re\workspace\8-2-build-windows-amd64-cygwin\jdk8u202\12323\hotspot\src\share\vm\prims\jni.cpp, line 710]
Event: 63.798 Thread 0x0000000019666800 Exception <a 'java/io/IOException'> (0x00000000f3529d48) thrown at [C:\re\workspace\8-2-build-windows-amd64-cygwin\jdk8u202\12323\hotspot\src\share\vm\prims\jni.cpp, line 710]
Event: 63.798 Thread 0x0000000019666800 Exception <a 'java/io/IOException'> (0x00000000f3529fd8) thrown at [C:\re\workspace\8-2-build-windows-amd64-cygwin\jdk8u202\12323\hotspot\src\share\vm\prims\jni.cpp, line 710]
Event: 63.798 Thread 0x0000000019666800 Exception <a 'java/io/IOException'> (0x00000000f352a238) thrown at [C:\re\workspace\8-2-build-windows-amd64-cygwin\jdk8u202\12323\hotspot\src\share\vm\prims\jni.cpp, line 710]
Event: 63.798 Thread 0x0000000019666800 Exception <a 'java/io/IOException'> (0x00000000f352a498) thrown at [C:\re\workspace\8-2-build-windows-amd64-cygwin\jdk8u202\12323\hotspot\src\share\vm\prims\jni.cpp, line 710]
Event: 63.806 Thread 0x0000000019665800 Exception <a 'java/lang/InterruptedException'> (0x00000000f37f1f00) thrown at [C:\re\workspace\8-2-build-windows-amd64-cygwin\jdk8u202\12323\hotspot\src\share\vm\runtime\objectMonitor.cpp, line 1684]
Event: 63.806 Thread 0x0000000019666800 Implicit null exception at 0x0000000002e17b4d to 0x0000000002e18095

Events (10 events):
Event: 61.355 Thread 0x00000000173b0000 flushing nmethod 0x0000000002a02f10
Event: 61.376 Thread 0x0000000019808000 Thread added: 0x0000000019808000
Event: 62.378 Executing VM operation: RevokeBias
Event: 62.379 Executing VM operation: RevokeBias done
Event: 62.379 Thread 0x0000000019808000 Thread exited: 0x0000000019808000
Event: 63.806 Thread 0x0000000019665800 Thread exited: 0x0000000019665800
Event: 63.807 Thread 0x0000000019666800 Uncommon trap: trap_request=0xffffff65 fr.pc=0x0000000002e180c0
Event: 63.807 Thread 0x0000000019666800 DEOPT PACKING pc=0x0000000002e180c0 sp=0x0000000027c1e690
Event: 63.807 Thread 0x0000000019666800 DEOPT UNPACKING pc=0x000000000287583b sp=0x0000000027c1e510 mode 2
Event: 63.807 Thread 0x0000000019a27800 Thread exited: 0x0000000019a27800


Dynamic libraries:
0x00007ff7bfb30000 - 0x00007ff7bfb67000 	C:\Users\matsd\Desktop\IMD\Semester-3\Repository\kinect\application\application.windows64\java\bin\javaw.exe
0x00007ffcf3f30000 - 0x00007ffcf411d000 	C:\WINDOWS\SYSTEM32\ntdll.dll
0x00007ffcf1160000 - 0x00007ffcf1213000 	C:\WINDOWS\System32\KERNEL32.DLL
0x00007ffcf0ec0000 - 0x00007ffcf1153000 	C:\WINDOWS\System32\KERNELBASE.dll
0x00007ffcf3620000 - 0x00007ffcf36c3000 	C:\WINDOWS\System32\ADVAPI32.dll
0x00007ffcf3010000 - 0x00007ffcf30ae000 	C:\WINDOWS\System32\msvcrt.dll
0x00007ffcf38a0000 - 0x00007ffcf393e000 	C:\WINDOWS\System32\sechost.dll
0x00007ffcf3cf0000 - 0x00007ffcf3e12000 	C:\WINDOWS\System32\RPCRT4.dll
0x00007ffcf12d0000 - 0x00007ffcf1467000 	C:\WINDOWS\System32\USER32.dll
0x00007ffcf0cf0000 - 0x00007ffcf0d10000 	C:\WINDOWS\System32\win32u.dll
0x00007ffcf35f0000 - 0x00007ffcf3619000 	C:\WINDOWS\System32\GDI32.dll
0x00007ffcf0160000 - 0x00007ffcf02fa000 	C:\WINDOWS\System32\gdi32full.dll
0x00007ffcf0c50000 - 0x00007ffcf0cf0000 	C:\WINDOWS\System32\msvcp_win.dll
0x00007ffcf0dc0000 - 0x00007ffcf0ebc000 	C:\WINDOWS\System32\ucrtbase.dll
0x00007ffcd9f20000 - 0x00007ffcda199000 	C:\WINDOWS\WinSxS\amd64_microsoft.windows.common-controls_6595b64144ccf1df_6.0.17763.253_none_05b2388e0721fece\COMCTL32.dll
0x00007ffcf32c0000 - 0x00007ffcf35ed000 	C:\WINDOWS\System32\combase.dll
0x00007ffcf0d10000 - 0x00007ffcf0d8e000 	C:\WINDOWS\System32\bcryptPrimitives.dll
0x00007ffcf3290000 - 0x00007ffcf32be000 	C:\WINDOWS\System32\IMM32.DLL
0x00000000552b0000 - 0x0000000055382000 	C:\Users\matsd\Desktop\IMD\Semester-3\Repository\kinect\application\application.windows64\java\bin\msvcr100.dll
0x0000000054a00000 - 0x00000000552a5000 	C:\Users\matsd\Desktop\IMD\Semester-3\Repository\kinect\application\application.windows64\java\bin\server\jvm.dll
0x00007ffcf3800000 - 0x00007ffcf3808000 	C:\WINDOWS\System32\PSAPI.DLL
0x00007ffcecc60000 - 0x00007ffcecc69000 	C:\WINDOWS\SYSTEM32\WSOCK32.dll
0x00007ffceaf10000 - 0x00007ffceaf34000 	C:\WINDOWS\SYSTEM32\WINMM.dll
0x00007ffce2150000 - 0x00007ffce215a000 	C:\WINDOWS\SYSTEM32\VERSION.dll
0x00007ffcf3220000 - 0x00007ffcf328d000 	C:\WINDOWS\System32\WS2_32.dll
0x00007ffceae70000 - 0x00007ffceae9d000 	C:\WINDOWS\SYSTEM32\winmmbase.dll
0x00007ffcf0110000 - 0x00007ffcf015a000 	C:\WINDOWS\System32\cfgmgr32.dll
0x00007ffceb6c0000 - 0x00007ffceb6cf000 	C:\Users\matsd\Desktop\IMD\Semester-3\Repository\kinect\application\application.windows64\java\bin\verify.dll
0x00007ffceb5e0000 - 0x00007ffceb609000 	C:\Users\matsd\Desktop\IMD\Semester-3\Repository\kinect\application\application.windows64\java\bin\java.dll
0x00007ffceaef0000 - 0x00007ffceaf06000 	C:\Users\matsd\Desktop\IMD\Semester-3\Repository\kinect\application\application.windows64\java\bin\zip.dll
0x00007ffcf1aa0000 - 0x00007ffcf2f8f000 	C:\WINDOWS\System32\SHELL32.dll
0x00007ffcf1220000 - 0x00007ffcf12c8000 	C:\WINDOWS\System32\shcore.dll
0x00007ffcf0300000 - 0x00007ffcf0a4a000 	C:\WINDOWS\System32\windows.storage.dll
0x00007ffceff50000 - 0x00007ffceff74000 	C:\WINDOWS\System32\profapi.dll
0x00007ffceffa0000 - 0x00007ffcefffd000 	C:\WINDOWS\System32\powrprof.dll
0x00007ffcf3c90000 - 0x00007ffcf3ce2000 	C:\WINDOWS\System32\shlwapi.dll
0x00007ffceff30000 - 0x00007ffceff41000 	C:\WINDOWS\System32\kernel.appcore.dll
0x00007ffcf0c30000 - 0x00007ffcf0c47000 	C:\WINDOWS\System32\cryptsp.dll
0x00007ffcea120000 - 0x00007ffcea2b9000 	C:\Users\matsd\Desktop\IMD\Semester-3\Repository\kinect\application\application.windows64\java\bin\awt.dll
0x00007ffcf3e30000 - 0x00007ffcf3efb000 	C:\WINDOWS\System32\OLEAUT32.dll
0x00007ffcee1e0000 - 0x00007ffcee26c000 	C:\WINDOWS\SYSTEM32\apphelp.dll
0x00007ffcee360000 - 0x00007ffcee3fc000 	C:\WINDOWS\system32\uxtheme.dll
0x00007ffcf30b0000 - 0x00007ffcf321a000 	C:\WINDOWS\System32\MSCTF.dll
0x00007ffcee610000 - 0x00007ffcee63e000 	C:\WINDOWS\system32\dwmapi.dll
0x00007ffcf0a50000 - 0x00007ffcf0c2b000 	C:\WINDOWS\System32\CRYPT32.dll
0x00007ffceff80000 - 0x00007ffceff92000 	C:\WINDOWS\System32\MSASN1.dll
0x00007ffcf3a20000 - 0x00007ffcf3b75000 	C:\WINDOWS\System32\ole32.dll
0x00007ffcea4b0000 - 0x00007ffcea5d7000 	C:\WINDOWS\system32\opengl32.dll
0x00007ffcea480000 - 0x00007ffcea4ac000 	C:\WINDOWS\SYSTEM32\GLU32.dll
0x00007ffcef380000 - 0x00007ffcef3b3000 	C:\WINDOWS\system32\rsaenh.dll
0x00007ffcf0d90000 - 0x00007ffcf0db6000 	C:\WINDOWS\System32\bcrypt.dll
0x00007ffcefe60000 - 0x00007ffcefe88000 	C:\WINDOWS\SYSTEM32\USERENV.dll
0x00007ffcef990000 - 0x00007ffcef99c000 	C:\WINDOWS\SYSTEM32\CRYPTBASE.dll
0x00007ffcea680000 - 0x00007ffcea69a000 	C:\Users\matsd\Desktop\IMD\Semester-3\Repository\kinect\application\application.windows64\java\bin\net.dll
0x00007ffce12b0000 - 0x00007ffce1487000 	C:\WINDOWS\SYSTEM32\urlmon.dll
0x00007ffce1000000 - 0x00007ffce12a8000 	C:\WINDOWS\SYSTEM32\iertutil.dll
0x00007ffcef7c0000 - 0x00007ffcef827000 	C:\WINDOWS\system32\mswsock.dll
0x00007ffcef520000 - 0x00007ffcef55d000 	C:\WINDOWS\SYSTEM32\IPHLPAPI.DLL
0x00007ffcf3e20000 - 0x00007ffcf3e28000 	C:\WINDOWS\System32\NSI.dll
0x00007ffce49e0000 - 0x00007ffce49f6000 	C:\WINDOWS\SYSTEM32\dhcpcsvc6.DLL
0x00007ffce9490000 - 0x00007ffce94ac000 	C:\WINDOWS\SYSTEM32\dhcpcsvc.DLL
0x00007ffcef560000 - 0x00007ffcef626000 	C:\WINDOWS\SYSTEM32\DNSAPI.dll
0x00007ffcea460000 - 0x00007ffcea472000 	C:\Users\matsd\Desktop\IMD\Semester-3\Repository\kinect\application\application.windows64\java\bin\nio.dll
0x00000000637c0000 - 0x00000000637cd000 	C:\Users\matsd\AppData\Local\Temp\jogamp_0000\file_cache\jln3470462893267319559\jln5680427044275593468\natives\windows-amd64\gluegen-rt.dll
0x00007ffceb6b0000 - 0x00007ffceb6b7000 	C:\Users\matsd\Desktop\IMD\Semester-3\Repository\kinect\application\application.windows64\java\bin\jawt.dll
0x000000006a440000 - 0x000000006a44d000 	C:\Users\matsd\AppData\Local\Temp\jogamp_0000\file_cache\jln3470462893267319559\jln5680427044275593468\natives\windows-amd64\nativewindow_awt.dll
0x000000006c100000 - 0x000000006c10f000 	C:\Users\matsd\AppData\Local\Temp\jogamp_0000\file_cache\jln3470462893267319559\jln5680427044275593468\natives\windows-amd64\nativewindow_win32.dll
0x000000006cbc0000 - 0x000000006cbd3000 	C:\Users\matsd\AppData\Local\Temp\jogamp_0000\file_cache\jln3470462893267319559\jln5680427044275593468\natives\windows-amd64\newt.dll
0x00007ffcc9120000 - 0x00007ffcc91cd000 	C:\WINDOWS\SYSTEM32\mscms.dll
0x00007ffcc9110000 - 0x00007ffcc9120000 	C:\WINDOWS\SYSTEM32\ColorAdapterClient.dll
0x00007ffcea0d0000 - 0x00007ffcea113000 	C:\WINDOWS\SYSTEM32\icm32.dll
0x00007ffcf1620000 - 0x00007ffcf1a95000 	C:\WINDOWS\System32\setupapi.dll
0x00007ffcefd40000 - 0x00007ffcefd69000 	C:\WINDOWS\SYSTEM32\DEVOBJ.dll
0x00007ffcf0000000 - 0x00007ffcf0058000 	C:\WINDOWS\System32\WINTRUST.dll
0x0000000064500000 - 0x00000000645b1000 	C:\Users\matsd\AppData\Local\Temp\jogamp_0000\file_cache\jln3470462893267319559\jln5680427044275593468\natives\windows-amd64\jogl_desktop.dll
0x00007ffcdfbb0000 - 0x00007ffcdfe20000 	C:\Users\matsd\AppData\Local\Programs\MiKTeX 2.9\miktex\bin\x64\libGLESv2.dll
0x00007ffce23a0000 - 0x00007ffce253e000 	C:\WINDOWS\SYSTEM32\d3d9.dll
0x00007ffcdfb10000 - 0x00007ffcdfbac000 	C:\Users\matsd\Desktop\IMD\Semester-3\Repository\kinect\application\application.windows64\java\bin\MSVCP140.dll
0x00007ffcea0b0000 - 0x00007ffcea0c6000 	C:\Users\matsd\Desktop\IMD\Semester-3\Repository\kinect\application\application.windows64\java\bin\VCRUNTIME140.dll
0x0000000064340000 - 0x00000000643a2000 	C:\Users\matsd\AppData\Local\Temp\jogamp_0000\file_cache\jln3470462893267319559\jln5680427044275593468\natives\windows-amd64\jogl_mobile.dll
0x00007ffcaed10000 - 0x00007ffcafbfe000 	C:\WINDOWS\System32\DriverStore\FileRepository\64gh6293.inf_amd64_22fd8f9659edd17f\ig9icd64.dll
0x00007ffceecc0000 - 0x00007ffceed82000 	C:\WINDOWS\SYSTEM32\dxgi.dll
0x00007ffce5340000 - 0x00007ffce7241000 	C:\WINDOWS\System32\DriverStore\FileRepository\64gh6293.inf_amd64_22fd8f9659edd17f\igc64.dll
0x00007ffcdce60000 - 0x00007ffcdcef5000 	C:\WINDOWS\System32\TextInputFramework.dll
0x00007ffce89d0000 - 0x00007ffce8cf2000 	C:\WINDOWS\System32\CoreUIComponents.dll
0x00007ffcee0c0000 - 0x00007ffcee1a2000 	C:\WINDOWS\System32\CoreMessaging.dll
0x00007ffcef000000 - 0x00007ffcef031000 	C:\WINDOWS\SYSTEM32\ntmarta.dll
0x00007ffcec220000 - 0x00007ffcec373000 	C:\WINDOWS\SYSTEM32\wintypes.dll
0x00007ffce1dd0000 - 0x00007ffce1e3c000 	C:\WINDOWS\system32\Oleacc.dll
0x0000000071100000 - 0x0000000071125000 	C:\Users\matsd\Desktop\IMD\Semester-3\Repository\kinect\application\application.windows64\lib\jSSC-2.8.dll
0x00007ffccf010000 - 0x00007ffccf1ac000 	C:\Users\matsd\Desktop\IMD\Semester-3\Repository\kinect\application\application.windows64\lib\Kinect20.Face.dll
0x00007ffcd49a0000 - 0x00007ffcd4a47000 	C:\WINDOWS\SYSTEM32\MSVCP110.dll
0x00007ffcd6200000 - 0x00007ffcd62d4000 	C:\WINDOWS\SYSTEM32\MSVCR110.dll
0x00007ffce33e0000 - 0x00007ffce33f1000 	C:\Users\matsd\Desktop\IMD\Semester-3\Repository\kinect\application\application.windows64\lib\KinectPV2.dll
0x00007ffcdb360000 - 0x00007ffcdb41b000 	C:\WINDOWS\SYSTEM32\Kinect20.dll
0x00007ffceb0d0000 - 0x00007ffceb2d1000 	C:\WINDOWS\SYSTEM32\MFPlat.DLL
0x00007ffceb0a0000 - 0x00007ffceb0cf000 	C:\WINDOWS\SYSTEM32\RTWorkQ.DLL
0x00007ffce2ee0000 - 0x00007ffce30cd000 	C:\WINDOWS\SYSTEM32\dbghelp.dll

VM Arguments:
jvm_args: -Djna.nosys=true -Djava.ext.dirs=C:\Users\matsd\Desktop\IMD\Semester-3\Repository\kinect\application\application.windows64\java\lib\ext -Djava.library.path=C:\Users\matsd\Desktop\IMD\Semester-3\Repository\kinect\application\application.windows64\lib 
java_command: processingExample
java_class_path (initial): lib\processingExample.jar;lib\core.jar;lib\jogl-all.jar;lib\gluegen-rt.jar;lib\jogl-all-natives-windows-amd64.jar;lib\gluegen-rt-natives-windows-amd64.jar;lib\KinectPV2.jar;lib\jssc.jar;lib\serial.jar
Launcher Type: SUN_STANDARD

Environment Variables:
PATH=C:\Program Files (x86)\Common Files\Intel\Shared Libraries\redist\intel64_win\compiler;C:\Program Files (x86)\Common Files\Intel\Shared Libraries\redist\intel64\compiler;C:\ProgramData\Oracle\Java\javapath;C:\WINDOWS\system32;C:\WINDOWS;C:\WINDOWS\System32\Wbem;C:\WINDOWS\System32\WindowsPowerShell\v1.0\;C:\Program Files\Git\cmd;C:\Program Files (x86)\NVIDIA Corporation\PhysX\Common;C:\WINDOWS\system32;C:\WINDOWS;C:\WINDOWS\System32\Wbem;C:\WINDOWS\System32\WindowsPowerShell\v1.0\;C:\WINDOWS\System32\OpenSSH\;C:\Program Files\Microsoft VS Code\bin;C:\Program Files\nodejs\;C:\Program Files (x86)\Yarn\bin\;C:\Program Files\dotnet\;C:\Users\matsd\AppData\Local\Microsoft\WindowsApps;C:\Program Files\Microsoft VS Code\bin;C:\Users\matsd\AppData\Local\Microsoft\WindowsApps;C:\Users\matsd\AppData\Local\GitHubDesktop\bin;C:\Users\matsd\AppData\Local\Programs\MiKTeX 2.9\miktex\bin\x64\;C:\Users\matsd\AppData\Roaming\npm;C:\Users\matsd\AppData\Local\Yarn\bin;;C:\Users\matsd\Desktop\IMD\Semester-3\Repository\kinect\application\application.windows64\java\bin
USERNAME=matsd
OS=Windows_NT
PROCESSOR_IDENTIFIER=Intel64 Family 6 Model 78 Stepping 3, GenuineIntel



---------------  S Y S T E M  ---------------

OS: Windows 10.0 , 64 bit Build 17763 (10.0.17763.1)

CPU:total 4 (initial active 4) (2 cores per cpu, 2 threads per core) family 6 model 78 stepping 3, cmov, cx8, fxsr, mmx, sse, sse2, sse3, ssse3, sse4.1, sse4.2, popcnt, avx, avx2, aes, clmul, erms, rtm, 3dnowpref, lzcnt, ht, tsc, tscinvbit, bmi1, bmi2, adx

Memory: 4k page, physical 8312088k(3297184k free), swap 14341400k(8609352k free)

vm_info: Java HotSpot(TM) 64-Bit Server VM (25.202-b08) for windows-amd64 JRE (1.8.0_202-b08), built on Dec 15 2018 19:54:30 by "java_re" with MS VC++ 10.0 (VS2010)

time: Wed Feb 06 20:10:54 2019
timezone: Mitteleuropäische Zeit
elapsed time: 63 seconds (0d 0h 1m 3s)

